{
  "result": [
    {
      "id": "assestatie-05",
      "chartType": "line",
      "data": [
        {
          "preview": false,
          "offset": 0,
          "result": {
            "target_name": "gmm.iibs",
            "target_domain": "MDW",
            "_bkt": "ix_windows_p~27~B570ACA6-898E-40F9-AF47-0EC0E5D830DE",
            "_cd": "27:1840821",
            "_indextime": "1575463321",
            "_pre_msg": "12/04/2019 01:42:01 PM\nLogName=Security\nSourceName=Microsoft Windows security auditing.\nEventCode=4720\nEventType=0\nType=Information\nComputerName=MDWDC01.medewerkers.ad.hvu.nl\nTaskCategory=User Account Management\nOpCode=Info\nRecordNumber=4994819942\nKeywords=Audit Success",
            "_raw": "12/04/2019 01:42:01 PM\nLogName=Security\nSourceName=Microsoft Windows security auditing.\nEventCode=4720\nEventType=0\nType=Information\nComputerName=MDWDC01.medewerkers.ad.hvu.nl\nTaskCategory=User Account Management\nOpCode=Info\nRecordNumber=4994819942\nKeywords=Audit Success\nMessage=A user account was created.\r\n\r\nSubject:\r\n\tSecurity ID:\t\tS-1-5-21-1757436266-1070379326-1452763161-127582\r\n\tAccount Name:\t\tHUMAIL10$\r\n\tAccount Domain:\t\tMDW\r\n\tLogon ID:\t\t0x12002DF1F\r\n\r\nNew Account:\r\n\tSecurity ID:\t\tS-1-5-21-1757436266-1070379326-1452763161-135349\r\n\tAccount Name:\t\tgmm.iibs\r\n\tAccount Domain:\t\tMDW\r\n\r\nAttributes:\r\n\tSAM Account Name:\tgmm.iibs\r\n\tDisplay Name:\t\tgmm.iibs@hu.nl\r\n\tUser Principal Name:\tgmm.iibs@hu.nl\r\n\tHome Directory:\t\t-\r\n\tHome Drive:\t\t-\r\n\tScript Path:\t\t-\r\n\tProfile Path:\t\t-\r\n\tUser Workstations:\t-\r\n\tPassword Last Set:\t<never>\r\n\tAccount Expires:\t\t<never>\r\n\tPrimary Group ID:\t513\r\n\tAllowed To Delegate To:\t-\r\n\tOld UAC Value:\t\t0x0\r\n\tNew UAC Value:\t\t0x15\r\n\tUser Account Control:\t\r\n\t\tAccount Disabled\r\n\t\t'Password Not Required' - Enabled\r\n\t\t'Normal Account' - Enabled\r\n\tUser Parameters:\t-\r\n\tSID History:\t\t-\r\n\tLogon Hours:\t\t<value not set>\r\n\r\nAdditional Information:\r\n\tPrivileges\t\t-",
            "_serial": "0",
            "_si": [
              "cenlog07.srv.hu.nl",
              "ix_windows_p"
            ],
            "_sourcetype": "WinEventLog:Security",
            "_time": "2019-12-04 13:42:01.000 CET"
          }
        },
        {
          "preview": false,
          "offset": 1,
          "result": {
            "target_name": "1776799",
            "target_domain": "STD",
            "_bkt": "ix_windows_p~26~2A6C3041-42AA-49EA-8AED-EAED89B54858",
            "_cd": "26:634454064",
            "_indextime": "1575459325",
            "_pre_msg": "12/04/2019 12:35:25 PM\nLogName=Security\nSourceName=Microsoft Windows security auditing.\nEventCode=4720\nEventType=0\nType=Information\nComputerName=STDDC01.studenten.ad.hvu.nl\nTaskCategory=User Account Management\nOpCode=Info\nRecordNumber=1343485135\nKeywords=Audit Success",
            "_raw": "12/04/2019 12:35:25 PM\nLogName=Security\nSourceName=Microsoft Windows security auditing.\nEventCode=4720\nEventType=0\nType=Information\nComputerName=STDDC01.studenten.ad.hvu.nl\nTaskCategory=User Account Management\nOpCode=Info\nRecordNumber=1343485135\nKeywords=Audit Success\nMessage=A user account was created.\r\n\r\nSubject:\r\n\tSecurity ID:\t\tSTD\\sa-fimadmastd\r\n\tAccount Name:\t\tsa-fimadmastd\r\n\tAccount Domain:\t\tSTD\r\n\tLogon ID:\t\t0x88ACB092\r\n\r\nNew Account:\r\n\tSecurity ID:\t\tSTD\\1776799\r\n\tAccount Name:\t\t1776799\r\n\tAccount Domain:\t\tSTD\r\n\r\nAttributes:\r\n\tSAM Account Name:\t1776799\r\n\tDisplay Name:\t\tChristelien Timpers\r\n\tUser Principal Name:\tchristelien.timpers@student.hu.nl\r\n\tHome Directory:\t\t\\\\studenten.ad.hvu.nl\\dfs\\users\\fg\\1776799\r\n\tHome Drive:\t\tH:\r\n\tScript Path:\t\t-\r\n\tProfile Path:\t\t-\r\n\tUser Workstations:\t-\r\n\tPassword Last Set:\t<never>\r\n\tAccount Expires:\t\t<never>\r\n\tPrimary Group ID:\t513\r\n\tAllowed To Delegate To:\t-\r\n\tOld UAC Value:\t\t0x0\r\n\tNew UAC Value:\t\t0x11\r\n\tUser Account Control:\t\r\n\t\tAccount Disabled\r\n\t\t'Normal Account' - Enabled\r\n\tUser Parameters:\t-\r\n\tSID History:\t\t-\r\n\tLogon Hours:\t\t<value not set>\r\n\r\nAdditional Information:\r\n\tPrivileges\t\t-",
            "_serial": "0",
            "_si": [
              "cenlog06.srv.hu.nl",
              "ix_windows_p"
            ],
            "_sourcetype": "WinEventLog:Security",
            "_time": "2019-12-04 12:35:25.000 CET"
          }
        },
        {
          "preview": false,
          "offset": 2,
          "result": {
            "target_name": "1776792",
            "target_domain": "STD",
            "_bkt": "ix_windows_p~26~2A6C3041-42AA-49EA-8AED-EAED89B54858",
            "_cd": "26:634447882",
            "_indextime": "1575459324",
            "_pre_msg": "12/04/2019 12:35:25 PM\nLogName=Security\nSourceName=Microsoft Windows security auditing.\nEventCode=4720\nEventType=0\nType=Information\nComputerName=STDDC01.studenten.ad.hvu.nl\nTaskCategory=User Account Management\nOpCode=Info\nRecordNumber=1343485128\nKeywords=Audit Success",
            "_raw": "12/04/2019 12:35:25 PM\nLogName=Security\nSourceName=Microsoft Windows security auditing.\nEventCode=4720\nEventType=0\nType=Information\nComputerName=STDDC01.studenten.ad.hvu.nl\nTaskCategory=User Account Management\nOpCode=Info\nRecordNumber=1343485128\nKeywords=Audit Success\nMessage=A user account was created.\r\n\r\nSubject:\r\n\tSecurity ID:\t\tSTD\\sa-fimadmastd\r\n\tAccount Name:\t\tsa-fimadmastd\r\n\tAccount Domain:\t\tSTD\r\n\tLogon ID:\t\t0x88ACB092\r\n\r\nNew Account:\r\n\tSecurity ID:\t\tSTD\\1776792\r\n\tAccount Name:\t\t1776792\r\n\tAccount Domain:\t\tSTD\r\n\r\nAttributes:\r\n\tSAM Account Name:\t1776792\r\n\tDisplay Name:\t\tDaniel Nieuwpoort Nieuwpoort\r\n\tUser Principal Name:\tdanielnieuwpoort.nieuwpoort@student.hu.nl\r\n\tHome Directory:\t\t\\\\studenten.ad.hvu.nl\\dfs\\users\\fcj\\scom\\1776792\r\n\tHome Drive:\t\tH:\r\n\tScript Path:\t\t-\r\n\tProfile Path:\t\t-\r\n\tUser Workstations:\t-\r\n\tPassword Last Set:\t<never>\r\n\tAccount Expires:\t\t<never>\r\n\tPrimary Group ID:\t513\r\n\tAllowed To Delegate To:\t-\r\n\tOld UAC Value:\t\t0x0\r\n\tNew UAC Value:\t\t0x11\r\n\tUser Account Control:\t\r\n\t\tAccount Disabled\r\n\t\t'Normal Account' - Enabled\r\n\tUser Parameters:\t-\r\n\tSID History:\t\t-\r\n\tLogon Hours:\t\t<value not set>\r\n\r\nAdditional Information:\r\n\tPrivileges\t\t-",
            "_serial": "1",
            "_si": [
              "cenlog06.srv.hu.nl",
              "ix_windows_p"
            ],
            "_sourcetype": "WinEventLog:Security",
            "_time": "2019-12-04 12:35:25.000 CET"
          }
        },
        {
          "preview": false,
          "offset": 3,
          "result": {
            "target_name": "1776791",
            "target_domain": "STD",
            "_bkt": "ix_windows_p~26~2A6C3041-42AA-49EA-8AED-EAED89B54858",
            "_cd": "26:634447693",
            "_indextime": "1575459324",
            "_pre_msg": "12/04/2019 12:35:25 PM\nLogName=Security\nSourceName=Microsoft Windows security auditing.\nEventCode=4720\nEventType=0\nType=Information\nComputerName=STDDC01.studenten.ad.hvu.nl\nTaskCategory=User Account Management\nOpCode=Info\nRecordNumber=1343485121\nKeywords=Audit Success",
            "_raw": "12/04/2019 12:35:25 PM\nLogName=Security\nSourceName=Microsoft Windows security auditing.\nEventCode=4720\nEventType=0\nType=Information\nComputerName=STDDC01.studenten.ad.hvu.nl\nTaskCategory=User Account Management\nOpCode=Info\nRecordNumber=1343485121\nKeywords=Audit Success\nMessage=A user account was created.\r\n\r\nSubject:\r\n\tSecurity ID:\t\tSTD\\sa-fimadmastd\r\n\tAccount Name:\t\tsa-fimadmastd\r\n\tAccount Domain:\t\tSTD\r\n\tLogon ID:\t\t0x88ACB092\r\n\r\nNew Account:\r\n\tSecurity ID:\t\tSTD\\1776791\r\n\tAccount Name:\t\t1776791\r\n\tAccount Domain:\t\tSTD\r\n\r\nAttributes:\r\n\tSAM Account Name:\t1776791\r\n\tDisplay Name:\t\tChaima El Ouratine\r\n\tUser Principal Name:\tchaima.elouratine@student.hu.nl\r\n\tHome Directory:\t\t\\\\studenten.ad.hvu.nl\\dfs\\users\\fmr\\1776791\r\n\tHome Drive:\t\tH:\r\n\tScript Path:\t\t-\r\n\tProfile Path:\t\t-\r\n\tUser Workstations:\t-\r\n\tPassword Last Set:\t<never>\r\n\tAccount Expires:\t\t<never>\r\n\tPrimary Group ID:\t513\r\n\tAllowed To Delegate To:\t-\r\n\tOld UAC Value:\t\t0x0\r\n\tNew UAC Value:\t\t0x11\r\n\tUser Account Control:\t\r\n\t\tAccount Disabled\r\n\t\t'Normal Account' - Enabled\r\n\tUser Parameters:\t-\r\n\tSID History:\t\t-\r\n\tLogon Hours:\t\t<value not set>\r\n\r\nAdditional Information:\r\n\tPrivileges\t\t-",
            "_serial": "2",
            "_si": [
              "cenlog06.srv.hu.nl",
              "ix_windows_p"
            ],
            "_sourcetype": "WinEventLog:Security",
            "_time": "2019-12-04 12:35:25.000 CET"
          }
        },
        {
          "preview": false,
          "offset": 4,
          "result": {
            "target_name": "1774501",
            "target_domain": "STD",
            "_bkt": "ix_windows_p~26~2A6C3041-42AA-49EA-8AED-EAED89B54858",
            "_cd": "26:634447454",
            "_indextime": "1575459324",
            "_pre_msg": "12/04/2019 12:35:25 PM\nLogName=Security\nSourceName=Microsoft Windows security auditing.\nEventCode=4720\nEventType=0\nType=Information\nComputerName=STDDC01.studenten.ad.hvu.nl\nTaskCategory=User Account Management\nOpCode=Info\nRecordNumber=1343485112\nKeywords=Audit Success",
            "_raw": "12/04/2019 12:35:25 PM\nLogName=Security\nSourceName=Microsoft Windows security auditing.\nEventCode=4720\nEventType=0\nType=Information\nComputerName=STDDC01.studenten.ad.hvu.nl\nTaskCategory=User Account Management\nOpCode=Info\nRecordNumber=1343485112\nKeywords=Audit Success\nMessage=A user account was created.\r\n\r\nSubject:\r\n\tSecurity ID:\t\tSTD\\sa-fimadmastd\r\n\tAccount Name:\t\tsa-fimadmastd\r\n\tAccount Domain:\t\tSTD\r\n\tLogon ID:\t\t0x88ACB092\r\n\r\nNew Account:\r\n\tSecurity ID:\t\tSTD\\1774501\r\n\tAccount Name:\t\t1774501\r\n\tAccount Domain:\t\tSTD\r\n\r\nAttributes:\r\n\tSAM Account Name:\t1774501\r\n\tDisplay Name:\t\tRene Wisse\r\n\tUser Principal Name:\trene.wisse@student.hu.nl\r\n\tHome Directory:\t\t\\\\studenten.ad.hvu.nl\\dfs\\users\\fmr\\1774501\r\n\tHome Drive:\t\tH:\r\n\tScript Path:\t\t-\r\n\tProfile Path:\t\t-\r\n\tUser Workstations:\t-\r\n\tPassword Last Set:\t<never>\r\n\tAccount Expires:\t\t<never>\r\n\tPrimary Group ID:\t513\r\n\tAllowed To Delegate To:\t-\r\n\tOld UAC Value:\t\t0x0\r\n\tNew UAC Value:\t\t0x11\r\n\tUser Account Control:\t\r\n\t\tAccount Disabled\r\n\t\t'Normal Account' - Enabled\r\n\tUser Parameters:\t-\r\n\tSID History:\t\t-\r\n\tLogon Hours:\t\t<value not set>\r\n\r\nAdditional Information:\r\n\tPrivileges\t\t-",
            "_serial": "3",
            "_si": [
              "cenlog06.srv.hu.nl",
              "ix_windows_p"
            ],
            "_sourcetype": "WinEventLog:Security",
            "_time": "2019-12-04 12:35:25.000 CET"
          }
        },
        {
          "preview": false,
          "offset": 5,
          "result": {
            "target_name": "1714762",
            "target_domain": "STD",
            "_bkt": "ix_windows_p~26~2A6C3041-42AA-49EA-8AED-EAED89B54858",
            "_cd": "26:634447176",
            "_indextime": "1575459324",
            "_pre_msg": "12/04/2019 12:35:24 PM\nLogName=Security\nSourceName=Microsoft Windows security auditing.\nEventCode=4720\nEventType=0\nType=Information\nComputerName=STDDC01.studenten.ad.hvu.nl\nTaskCategory=User Account Management\nOpCode=Info\nRecordNumber=1343485103\nKeywords=Audit Success",
            "_raw": "12/04/2019 12:35:24 PM\nLogName=Security\nSourceName=Microsoft Windows security auditing.\nEventCode=4720\nEventType=0\nType=Information\nComputerName=STDDC01.studenten.ad.hvu.nl\nTaskCategory=User Account Management\nOpCode=Info\nRecordNumber=1343485103\nKeywords=Audit Success\nMessage=A user account was created.\r\n\r\nSubject:\r\n\tSecurity ID:\t\tSTD\\sa-fimadmastd\r\n\tAccount Name:\t\tsa-fimadmastd\r\n\tAccount Domain:\t\tSTD\r\n\tLogon ID:\t\t0x88ACB092\r\n\r\nNew Account:\r\n\tSecurity ID:\t\tSTD\\1714762\r\n\tAccount Name:\t\t1714762\r\n\tAccount Domain:\t\tSTD\r\n\r\nAttributes:\r\n\tSAM Account Name:\t1714762\r\n\tDisplay Name:\t\tMatt Neyra Martínez\r\n\tUser Principal Name:\tmatt.neyramartinez@student.hu.nl\r\n\tHome Directory:\t\t\\\\studenten.ad.hvu.nl\\dfs\\users\\fem\\1714762\r\n\tHome Drive:\t\tH:\r\n\tScript Path:\t\t-\r\n\tProfile Path:\t\t-\r\n\tUser Workstations:\t-\r\n\tPassword Last Set:\t<never>\r\n\tAccount Expires:\t\t<never>\r\n\tPrimary Group ID:\t513\r\n\tAllowed To Delegate To:\t-\r\n\tOld UAC Value:\t\t0x0\r\n\tNew UAC Value:\t\t0x11\r\n\tUser Account Control:\t\r\n\t\tAccount Disabled\r\n\t\t'Normal Account' - Enabled\r\n\tUser Parameters:\t-\r\n\tSID History:\t\t-\r\n\tLogon Hours:\t\t<value not set>\r\n\r\nAdditional Information:\r\n\tPrivileges\t\t-",
            "_serial": "4",
            "_si": [
              "cenlog06.srv.hu.nl",
              "ix_windows_p"
            ],
            "_sourcetype": "WinEventLog:Security",
            "_time": "2019-12-04 12:35:24.000 CET"
          }
        },
        {
          "preview": false,
          "offset": 6,
          "result": {
            "target_name": "imc.instituut",
            "target_domain": "MDW",
            "_bkt": "ix_windows_p~26~B570ACA6-898E-40F9-AF47-0EC0E5D830DE",
            "_cd": "26:601440826",
            "_indextime": "1575453657",
            "_pre_msg": "12/04/2019 11:00:57 AM\nLogName=Security\nSourceName=Microsoft Windows security auditing.\nEventCode=4720\nEventType=0\nType=Information\nComputerName=MDWDC03.medewerkers.ad.hvu.nl\nTaskCategory=User Account Management\nOpCode=Info\nRecordNumber=113626087\nKeywords=Audit Success",
            "_raw": "12/04/2019 11:00:57 AM\nLogName=Security\nSourceName=Microsoft Windows security auditing.\nEventCode=4720\nEventType=0\nType=Information\nComputerName=MDWDC03.medewerkers.ad.hvu.nl\nTaskCategory=User Account Management\nOpCode=Info\nRecordNumber=113626087\nKeywords=Audit Success\nMessage=A user account was created.\r\n\r\nSubject:\r\n\tSecurity ID:\t\tS-1-5-21-1757436266-1070379326-1452763161-127582\r\n\tAccount Name:\t\tHUMAIL10$\r\n\tAccount Domain:\t\tMDW\r\n\tLogon ID:\t\t0x4E87A94\r\n\r\nNew Account:\r\n\tSecurity ID:\t\tS-1-5-21-1757436266-1070379326-1452763161-118870\r\n\tAccount Name:\t\timc.instituut\r\n\tAccount Domain:\t\tMDW\r\n\r\nAttributes:\r\n\tSAM Account Name:\timc.instituut\r\n\tDisplay Name:\t\timc.instituut@hu.nl\r\n\tUser Principal Name:\timc.instituut@hu.nl\r\n\tHome Directory:\t\t-\r\n\tHome Drive:\t\t-\r\n\tScript Path:\t\t-\r\n\tProfile Path:\t\t-\r\n\tUser Workstations:\t-\r\n\tPassword Last Set:\t<never>\r\n\tAccount Expires:\t\t<never>\r\n\tPrimary Group ID:\t513\r\n\tAllowed To Delegate To:\t-\r\n\tOld UAC Value:\t\t0x0\r\n\tNew UAC Value:\t\t0x15\r\n\tUser Account Control:\t\r\n\t\tAccount Disabled\r\n\t\t'Password Not Required' - Enabled\r\n\t\t'Normal Account' - Enabled\r\n\tUser Parameters:\t-\r\n\tSID History:\t\t-\r\n\tLogon Hours:\t\t<value not set>\r\n\r\nAdditional Information:\r\n\tPrivileges\t\t-",
            "_serial": "1",
            "_si": [
              "cenlog07.srv.hu.nl",
              "ix_windows_p"
            ],
            "_sourcetype": "WinEventLog:Security",
            "_time": "2019-12-04 11:00:57.000 CET"
          }
        },
        {
          "preview": false,
          "offset": 7,
          "result": {
            "target_name": "1776788",
            "target_domain": "STD",
            "_bkt": "ix_windows_p~26~B570ACA6-898E-40F9-AF47-0EC0E5D830DE",
            "_cd": "26:509551363",
            "_indextime": "1575421750",
            "_pre_msg": "12/04/2019 02:09:10 AM\nLogName=Security\nSourceName=Microsoft Windows security auditing.\nEventCode=4720\nEventType=0\nType=Information\nComputerName=STDDC01.studenten.ad.hvu.nl\nTaskCategory=User Account Management\nOpCode=Info\nRecordNumber=1342818882\nKeywords=Audit Success",
            "_raw": "12/04/2019 02:09:10 AM\nLogName=Security\nSourceName=Microsoft Windows security auditing.\nEventCode=4720\nEventType=0\nType=Information\nComputerName=STDDC01.studenten.ad.hvu.nl\nTaskCategory=User Account Management\nOpCode=Info\nRecordNumber=1342818882\nKeywords=Audit Success\nMessage=A user account was created.\r\n\r\nSubject:\r\n\tSecurity ID:\t\tSTD\\sa-fimadmastd\r\n\tAccount Name:\t\tsa-fimadmastd\r\n\tAccount Domain:\t\tSTD\r\n\tLogon ID:\t\t0x7F7CC84F\r\n\r\nNew Account:\r\n\tSecurity ID:\t\tSTD\\1776788\r\n\tAccount Name:\t\t1776788\r\n\tAccount Domain:\t\tSTD\r\n\r\nAttributes:\r\n\tSAM Account Name:\t1776788\r\n\tDisplay Name:\t\tNecmettin Kaplan\r\n\tUser Principal Name:\tnecmettin.kaplan@student.hu.nl\r\n\tHome Directory:\t\t\\\\studenten.ad.hvu.nl\\dfs\\users\\fmr\\1776788\r\n\tHome Drive:\t\tH:\r\n\tScript Path:\t\t-\r\n\tProfile Path:\t\t-\r\n\tUser Workstations:\t-\r\n\tPassword Last Set:\t<never>\r\n\tAccount Expires:\t\t<never>\r\n\tPrimary Group ID:\t513\r\n\tAllowed To Delegate To:\t-\r\n\tOld UAC Value:\t\t0x0\r\n\tNew UAC Value:\t\t0x11\r\n\tUser Account Control:\t\r\n\t\tAccount Disabled\r\n\t\t'Normal Account' - Enabled\r\n\tUser Parameters:\t-\r\n\tSID History:\t\t-\r\n\tLogon Hours:\t\t<value not set>\r\n\r\nAdditional Information:\r\n\tPrivileges\t\t-",
            "_serial": "2",
            "_si": [
              "cenlog07.srv.hu.nl",
              "ix_windows_p"
            ],
            "_sourcetype": "WinEventLog:Security",
            "_time": "2019-12-04 02:09:10.000 CET"
          }
        },
        {
          "preview": false,
          "offset": 8,
          "result": {
            "target_name": "1776782",
            "target_domain": "STD",
            "_bkt": "ix_windows_p~26~B570ACA6-898E-40F9-AF47-0EC0E5D830DE",
            "_cd": "26:509550984",
            "_indextime": "1575421750",
            "_pre_msg": "12/04/2019 02:09:10 AM\nLogName=Security\nSourceName=Microsoft Windows security auditing.\nEventCode=4720\nEventType=0\nType=Information\nComputerName=STDDC01.studenten.ad.hvu.nl\nTaskCategory=User Account Management\nOpCode=Info\nRecordNumber=1342818870\nKeywords=Audit Success",
            "_raw": "12/04/2019 02:09:10 AM\nLogName=Security\nSourceName=Microsoft Windows security auditing.\nEventCode=4720\nEventType=0\nType=Information\nComputerName=STDDC01.studenten.ad.hvu.nl\nTaskCategory=User Account Management\nOpCode=Info\nRecordNumber=1342818870\nKeywords=Audit Success\nMessage=A user account was created.\r\n\r\nSubject:\r\n\tSecurity ID:\t\tSTD\\sa-fimadmastd\r\n\tAccount Name:\t\tsa-fimadmastd\r\n\tAccount Domain:\t\tSTD\r\n\tLogon ID:\t\t0x7F7CC84F\r\n\r\nNew Account:\r\n\tSecurity ID:\t\tSTD\\1776782\r\n\tAccount Name:\t\t1776782\r\n\tAccount Domain:\t\tSTD\r\n\r\nAttributes:\r\n\tSAM Account Name:\t1776782\r\n\tDisplay Name:\t\tPetra Kruijsse\r\n\tUser Principal Name:\tpetra.kruijsse@student.hu.nl\r\n\tHome Directory:\t\t\\\\studenten.ad.hvu.nl\\dfs\\users\\fg\\1776782\r\n\tHome Drive:\t\tH:\r\n\tScript Path:\t\t-\r\n\tProfile Path:\t\t-\r\n\tUser Workstations:\t-\r\n\tPassword Last Set:\t<never>\r\n\tAccount Expires:\t\t<never>\r\n\tPrimary Group ID:\t513\r\n\tAllowed To Delegate To:\t-\r\n\tOld UAC Value:\t\t0x0\r\n\tNew UAC Value:\t\t0x11\r\n\tUser Account Control:\t\r\n\t\tAccount Disabled\r\n\t\t'Normal Account' - Enabled\r\n\tUser Parameters:\t-\r\n\tSID History:\t\t-\r\n\tLogon Hours:\t\t<value not set>\r\n\r\nAdditional Information:\r\n\tPrivileges\t\t-",
            "_serial": "3",
            "_si": [
              "cenlog07.srv.hu.nl",
              "ix_windows_p"
            ],
            "_sourcetype": "WinEventLog:Security",
            "_time": "2019-12-04 02:09:10.000 CET"
          }
        },
        {
          "preview": false,
          "offset": 9,
          "result": {
            "target_name": "1776778",
            "target_domain": "STD",
            "_bkt": "ix_windows_p~26~B570ACA6-898E-40F9-AF47-0EC0E5D830DE",
            "_cd": "26:509538007",
            "_indextime": "1575421749",
            "_pre_msg": "12/04/2019 02:09:10 AM\nLogName=Security\nSourceName=Microsoft Windows security auditing.\nEventCode=4720\nEventType=0\nType=Information\nComputerName=STDDC01.studenten.ad.hvu.nl\nTaskCategory=User Account Management\nOpCode=Info\nRecordNumber=1342818860\nKeywords=Audit Success",
            "_raw": "12/04/2019 02:09:10 AM\nLogName=Security\nSourceName=Microsoft Windows security auditing.\nEventCode=4720\nEventType=0\nType=Information\nComputerName=STDDC01.studenten.ad.hvu.nl\nTaskCategory=User Account Management\nOpCode=Info\nRecordNumber=1342818860\nKeywords=Audit Success\nMessage=A user account was created.\r\n\r\nSubject:\r\n\tSecurity ID:\t\tSTD\\sa-fimadmastd\r\n\tAccount Name:\t\tsa-fimadmastd\r\n\tAccount Domain:\t\tSTD\r\n\tLogon ID:\t\t0x7F7CC84F\r\n\r\nNew Account:\r\n\tSecurity ID:\t\tSTD\\1776778\r\n\tAccount Name:\t\t1776778\r\n\tAccount Domain:\t\tSTD\r\n\r\nAttributes:\r\n\tSAM Account Name:\t1776778\r\n\tDisplay Name:\t\tOumaima Boutouzine\r\n\tUser Principal Name:\toumaima.boutouzine@student.hu.nl\r\n\tHome Directory:\t\t\\\\studenten.ad.hvu.nl\\dfs\\users\\fg\\1776778\r\n\tHome Drive:\t\tH:\r\n\tScript Path:\t\t-\r\n\tProfile Path:\t\t-\r\n\tUser Workstations:\t-\r\n\tPassword Last Set:\t<never>\r\n\tAccount Expires:\t\t<never>\r\n\tPrimary Group ID:\t513\r\n\tAllowed To Delegate To:\t-\r\n\tOld UAC Value:\t\t0x0\r\n\tNew UAC Value:\t\t0x11\r\n\tUser Account Control:\t\r\n\t\tAccount Disabled\r\n\t\t'Normal Account' - Enabled\r\n\tUser Parameters:\t-\r\n\tSID History:\t\t-\r\n\tLogon Hours:\t\t<value not set>\r\n\r\nAdditional Information:\r\n\tPrivileges\t\t-",
            "_serial": "4",
            "_si": [
              "cenlog07.srv.hu.nl",
              "ix_windows_p"
            ],
            "_sourcetype": "WinEventLog:Security",
            "_time": "2019-12-04 02:09:10.000 CET"
          }
        },
        {
          "preview": false,
          "offset": 10,
          "result": {
            "target_name": "1776775",
            "target_domain": "STD",
            "_bkt": "ix_windows_p~26~B570ACA6-898E-40F9-AF47-0EC0E5D830DE",
            "_cd": "26:509537431",
            "_indextime": "1575421749",
            "_pre_msg": "12/04/2019 02:09:10 AM\nLogName=Security\nSourceName=Microsoft Windows security auditing.\nEventCode=4720\nEventType=0\nType=Information\nComputerName=STDDC01.studenten.ad.hvu.nl\nTaskCategory=User Account Management\nOpCode=Info\nRecordNumber=1342818844\nKeywords=Audit Success",
            "_raw": "12/04/2019 02:09:10 AM\nLogName=Security\nSourceName=Microsoft Windows security auditing.\nEventCode=4720\nEventType=0\nType=Information\nComputerName=STDDC01.studenten.ad.hvu.nl\nTaskCategory=User Account Management\nOpCode=Info\nRecordNumber=1342818844\nKeywords=Audit Success\nMessage=A user account was created.\r\n\r\nSubject:\r\n\tSecurity ID:\t\tSTD\\sa-fimadmastd\r\n\tAccount Name:\t\tsa-fimadmastd\r\n\tAccount Domain:\t\tSTD\r\n\tLogon ID:\t\t0x7F7CC84F\r\n\r\nNew Account:\r\n\tSecurity ID:\t\tSTD\\1776775\r\n\tAccount Name:\t\t1776775\r\n\tAccount Domain:\t\tSTD\r\n\r\nAttributes:\r\n\tSAM Account Name:\t1776775\r\n\tDisplay Name:\t\tSwen van den Bosch\r\n\tUser Principal Name:\tswen.vandenbosch@student.hu.nl\r\n\tHome Directory:\t\t\\\\studenten.ad.hvu.nl\\dfs\\users\\fnt\\1776775\r\n\tHome Drive:\t\tH:\r\n\tScript Path:\t\t-\r\n\tProfile Path:\t\t-\r\n\tUser Workstations:\t-\r\n\tPassword Last Set:\t<never>\r\n\tAccount Expires:\t\t<never>\r\n\tPrimary Group ID:\t513\r\n\tAllowed To Delegate To:\t-\r\n\tOld UAC Value:\t\t0x0\r\n\tNew UAC Value:\t\t0x11\r\n\tUser Account Control:\t\r\n\t\tAccount Disabled\r\n\t\t'Normal Account' - Enabled\r\n\tUser Parameters:\t-\r\n\tSID History:\t\t-\r\n\tLogon Hours:\t\t<value not set>\r\n\r\nAdditional Information:\r\n\tPrivileges\t\t-",
            "_serial": "5",
            "_si": [
              "cenlog07.srv.hu.nl",
              "ix_windows_p"
            ],
            "_sourcetype": "WinEventLog:Security",
            "_time": "2019-12-04 02:09:10.000 CET"
          }
        },
        {
          "preview": false,
          "offset": 11,
          "result": {
            "target_name": "1776772",
            "target_domain": "STD",
            "_bkt": "ix_windows_p~26~B570ACA6-898E-40F9-AF47-0EC0E5D830DE",
            "_cd": "26:509537241",
            "_indextime": "1575421749",
            "_pre_msg": "12/04/2019 02:09:10 AM\nLogName=Security\nSourceName=Microsoft Windows security auditing.\nEventCode=4720\nEventType=0\nType=Information\nComputerName=STDDC01.studenten.ad.hvu.nl\nTaskCategory=User Account Management\nOpCode=Info\nRecordNumber=1342818837\nKeywords=Audit Success",
            "_raw": "12/04/2019 02:09:10 AM\nLogName=Security\nSourceName=Microsoft Windows security auditing.\nEventCode=4720\nEventType=0\nType=Information\nComputerName=STDDC01.studenten.ad.hvu.nl\nTaskCategory=User Account Management\nOpCode=Info\nRecordNumber=1342818837\nKeywords=Audit Success\nMessage=A user account was created.\r\n\r\nSubject:\r\n\tSecurity ID:\t\tSTD\\sa-fimadmastd\r\n\tAccount Name:\t\tsa-fimadmastd\r\n\tAccount Domain:\t\tSTD\r\n\tLogon ID:\t\t0x7F7CC84F\r\n\r\nNew Account:\r\n\tSecurity ID:\t\tSTD\\1776772\r\n\tAccount Name:\t\t1776772\r\n\tAccount Domain:\t\tSTD\r\n\r\nAttributes:\r\n\tSAM Account Name:\t1776772\r\n\tDisplay Name:\t\tTrudy Slinger\r\n\tUser Principal Name:\ttrudy.slinger@student.hu.nl\r\n\tHome Directory:\t\t\\\\studenten.ad.hvu.nl\\dfs\\users\\fem\\1776772\r\n\tHome Drive:\t\tH:\r\n\tScript Path:\t\t-\r\n\tProfile Path:\t\t-\r\n\tUser Workstations:\t-\r\n\tPassword Last Set:\t<never>\r\n\tAccount Expires:\t\t<never>\r\n\tPrimary Group ID:\t513\r\n\tAllowed To Delegate To:\t-\r\n\tOld UAC Value:\t\t0x0\r\n\tNew UAC Value:\t\t0x11\r\n\tUser Account Control:\t\r\n\t\tAccount Disabled\r\n\t\t'Normal Account' - Enabled\r\n\tUser Parameters:\t-\r\n\tSID History:\t\t-\r\n\tLogon Hours:\t\t<value not set>\r\n\r\nAdditional Information:\r\n\tPrivileges\t\t-",
            "_serial": "6",
            "_si": [
              "cenlog07.srv.hu.nl",
              "ix_windows_p"
            ],
            "_sourcetype": "WinEventLog:Security",
            "_time": "2019-12-04 02:09:10.000 CET"
          }
        },
        {
          "preview": false,
          "offset": 12,
          "result": {
            "target_name": "1776766",
            "target_domain": "STD",
            "_bkt": "ix_windows_p~26~B570ACA6-898E-40F9-AF47-0EC0E5D830DE",
            "_cd": "26:509536797",
            "_indextime": "1575421749",
            "_pre_msg": "12/04/2019 02:09:09 AM\nLogName=Security\nSourceName=Microsoft Windows security auditing.\nEventCode=4720\nEventType=0\nType=Information\nComputerName=STDDC01.studenten.ad.hvu.nl\nTaskCategory=User Account Management\nOpCode=Info\nRecordNumber=1342818824\nKeywords=Audit Success",
            "_raw": "12/04/2019 02:09:09 AM\nLogName=Security\nSourceName=Microsoft Windows security auditing.\nEventCode=4720\nEventType=0\nType=Information\nComputerName=STDDC01.studenten.ad.hvu.nl\nTaskCategory=User Account Management\nOpCode=Info\nRecordNumber=1342818824\nKeywords=Audit Success\nMessage=A user account was created.\r\n\r\nSubject:\r\n\tSecurity ID:\t\tSTD\\sa-fimadmastd\r\n\tAccount Name:\t\tsa-fimadmastd\r\n\tAccount Domain:\t\tSTD\r\n\tLogon ID:\t\t0x7F7CC84F\r\n\r\nNew Account:\r\n\tSecurity ID:\t\tSTD\\1776766\r\n\tAccount Name:\t\t1776766\r\n\tAccount Domain:\t\tSTD\r\n\r\nAttributes:\r\n\tSAM Account Name:\t1776766\r\n\tDisplay Name:\t\tHenrieke Jacoba Koelewijn\r\n\tUser Principal Name:\thenriekejacoba.koelewijn@student.hu.nl\r\n\tHome Directory:\t\t\\\\studenten.ad.hvu.nl\\dfs\\users\\fe\\1776766\r\n\tHome Drive:\t\tH:\r\n\tScript Path:\t\t-\r\n\tProfile Path:\t\t-\r\n\tUser Workstations:\t-\r\n\tPassword Last Set:\t<never>\r\n\tAccount Expires:\t\t<never>\r\n\tPrimary Group ID:\t513\r\n\tAllowed To Delegate To:\t-\r\n\tOld UAC Value:\t\t0x0\r\n\tNew UAC Value:\t\t0x11\r\n\tUser Account Control:\t\r\n\t\tAccount Disabled\r\n\t\t'Normal Account' - Enabled\r\n\tUser Parameters:\t-\r\n\tSID History:\t\t-\r\n\tLogon Hours:\t\t<value not set>\r\n\r\nAdditional Information:\r\n\tPrivileges\t\t-",
            "_serial": "7",
            "_si": [
              "cenlog07.srv.hu.nl",
              "ix_windows_p"
            ],
            "_sourcetype": "WinEventLog:Security",
            "_time": "2019-12-04 02:09:09.000 CET"
          }
        },
        {
          "preview": false,
          "offset": 13,
          "result": {
            "target_name": "1776762",
            "target_domain": "STD",
            "_bkt": "ix_windows_p~26~B570ACA6-898E-40F9-AF47-0EC0E5D830DE",
            "_cd": "26:509536438",
            "_indextime": "1575421749",
            "_pre_msg": "12/04/2019 02:09:09 AM\nLogName=Security\nSourceName=Microsoft Windows security auditing.\nEventCode=4720\nEventType=0\nType=Information\nComputerName=STDDC01.studenten.ad.hvu.nl\nTaskCategory=User Account Management\nOpCode=Info\nRecordNumber=1342818813\nKeywords=Audit Success",
            "_raw": "12/04/2019 02:09:09 AM\nLogName=Security\nSourceName=Microsoft Windows security auditing.\nEventCode=4720\nEventType=0\nType=Information\nComputerName=STDDC01.studenten.ad.hvu.nl\nTaskCategory=User Account Management\nOpCode=Info\nRecordNumber=1342818813\nKeywords=Audit Success\nMessage=A user account was created.\r\n\r\nSubject:\r\n\tSecurity ID:\t\tSTD\\sa-fimadmastd\r\n\tAccount Name:\t\tsa-fimadmastd\r\n\tAccount Domain:\t\tSTD\r\n\tLogon ID:\t\t0x7F7CC84F\r\n\r\nNew Account:\r\n\tSecurity ID:\t\tSTD\\1776762\r\n\tAccount Name:\t\t1776762\r\n\tAccount Domain:\t\tSTD\r\n\r\nAttributes:\r\n\tSAM Account Name:\t1776762\r\n\tDisplay Name:\t\tDenise Schoonenberg\r\n\tUser Principal Name:\tdenise.schoonenberg@student.hu.nl\r\n\tHome Directory:\t\t\\\\studenten.ad.hvu.nl\\dfs\\users\\fe\\1776762\r\n\tHome Drive:\t\tH:\r\n\tScript Path:\t\t-\r\n\tProfile Path:\t\t-\r\n\tUser Workstations:\t-\r\n\tPassword Last Set:\t<never>\r\n\tAccount Expires:\t\t<never>\r\n\tPrimary Group ID:\t513\r\n\tAllowed To Delegate To:\t-\r\n\tOld UAC Value:\t\t0x0\r\n\tNew UAC Value:\t\t0x11\r\n\tUser Account Control:\t\r\n\t\tAccount Disabled\r\n\t\t'Normal Account' - Enabled\r\n\tUser Parameters:\t-\r\n\tSID History:\t\t-\r\n\tLogon Hours:\t\t<value not set>\r\n\r\nAdditional Information:\r\n\tPrivileges\t\t-",
            "_serial": "8",
            "_si": [
              "cenlog07.srv.hu.nl",
              "ix_windows_p"
            ],
            "_sourcetype": "WinEventLog:Security",
            "_time": "2019-12-04 02:09:09.000 CET"
          }
        },
        {
          "preview": false,
          "offset": 14,
          "result": {
            "target_name": "1776761",
            "target_domain": "STD",
            "_bkt": "ix_windows_p~26~B570ACA6-898E-40F9-AF47-0EC0E5D830DE",
            "_cd": "26:509536143",
            "_indextime": "1575421749",
            "_pre_msg": "12/04/2019 02:09:09 AM\nLogName=Security\nSourceName=Microsoft Windows security auditing.\nEventCode=4720\nEventType=0\nType=Information\nComputerName=STDDC01.studenten.ad.hvu.nl\nTaskCategory=User Account Management\nOpCode=Info\nRecordNumber=1342818803\nKeywords=Audit Success",
            "_raw": "12/04/2019 02:09:09 AM\nLogName=Security\nSourceName=Microsoft Windows security auditing.\nEventCode=4720\nEventType=0\nType=Information\nComputerName=STDDC01.studenten.ad.hvu.nl\nTaskCategory=User Account Management\nOpCode=Info\nRecordNumber=1342818803\nKeywords=Audit Success\nMessage=A user account was created.\r\n\r\nSubject:\r\n\tSecurity ID:\t\tSTD\\sa-fimadmastd\r\n\tAccount Name:\t\tsa-fimadmastd\r\n\tAccount Domain:\t\tSTD\r\n\tLogon ID:\t\t0x7F7CC84F\r\n\r\nNew Account:\r\n\tSecurity ID:\t\tSTD\\1776761\r\n\tAccount Name:\t\t1776761\r\n\tAccount Domain:\t\tSTD\r\n\r\nAttributes:\r\n\tSAM Account Name:\t1776761\r\n\tDisplay Name:\t\tYassin Taleb\r\n\tUser Principal Name:\tyassin.taleb@student.hu.nl\r\n\tHome Directory:\t\t\\\\studenten.ad.hvu.nl\\dfs\\users\\fmr\\1776761\r\n\tHome Drive:\t\tH:\r\n\tScript Path:\t\t-\r\n\tProfile Path:\t\t-\r\n\tUser Workstations:\t-\r\n\tPassword Last Set:\t<never>\r\n\tAccount Expires:\t\t<never>\r\n\tPrimary Group ID:\t513\r\n\tAllowed To Delegate To:\t-\r\n\tOld UAC Value:\t\t0x0\r\n\tNew UAC Value:\t\t0x11\r\n\tUser Account Control:\t\r\n\t\tAccount Disabled\r\n\t\t'Normal Account' - Enabled\r\n\tUser Parameters:\t-\r\n\tSID History:\t\t-\r\n\tLogon Hours:\t\t<value not set>\r\n\r\nAdditional Information:\r\n\tPrivileges\t\t-",
            "_serial": "9",
            "_si": [
              "cenlog07.srv.hu.nl",
              "ix_windows_p"
            ],
            "_sourcetype": "WinEventLog:Security",
            "_time": "2019-12-04 02:09:09.000 CET"
          }
        },
        {
          "preview": false,
          "offset": 15,
          "result": {
            "target_name": "1776760",
            "target_domain": "STD",
            "_bkt": "ix_windows_p~26~B570ACA6-898E-40F9-AF47-0EC0E5D830DE",
            "_cd": "26:509535869",
            "_indextime": "1575421749",
            "_pre_msg": "12/04/2019 02:09:09 AM\nLogName=Security\nSourceName=Microsoft Windows security auditing.\nEventCode=4720\nEventType=0\nType=Information\nComputerName=STDDC01.studenten.ad.hvu.nl\nTaskCategory=User Account Management\nOpCode=Info\nRecordNumber=1342818794\nKeywords=Audit Success",
            "_raw": "12/04/2019 02:09:09 AM\nLogName=Security\nSourceName=Microsoft Windows security auditing.\nEventCode=4720\nEventType=0\nType=Information\nComputerName=STDDC01.studenten.ad.hvu.nl\nTaskCategory=User Account Management\nOpCode=Info\nRecordNumber=1342818794\nKeywords=Audit Success\nMessage=A user account was created.\r\n\r\nSubject:\r\n\tSecurity ID:\t\tSTD\\sa-fimadmastd\r\n\tAccount Name:\t\tsa-fimadmastd\r\n\tAccount Domain:\t\tSTD\r\n\tLogon ID:\t\t0x7F7CC84F\r\n\r\nNew Account:\r\n\tSecurity ID:\t\tSTD\\1776760\r\n\tAccount Name:\t\t1776760\r\n\tAccount Domain:\t\tSTD\r\n\r\nAttributes:\r\n\tSAM Account Name:\t1776760\r\n\tDisplay Name:\t\tIris Renjaan\r\n\tUser Principal Name:\tiris.renjaan@student.hu.nl\r\n\tHome Directory:\t\t\\\\studenten.ad.hvu.nl\\dfs\\users\\fmr\\1776760\r\n\tHome Drive:\t\tH:\r\n\tScript Path:\t\t-\r\n\tProfile Path:\t\t-\r\n\tUser Workstations:\t-\r\n\tPassword Last Set:\t<never>\r\n\tAccount Expires:\t\t<never>\r\n\tPrimary Group ID:\t513\r\n\tAllowed To Delegate To:\t-\r\n\tOld UAC Value:\t\t0x0\r\n\tNew UAC Value:\t\t0x11\r\n\tUser Account Control:\t\r\n\t\tAccount Disabled\r\n\t\t'Normal Account' - Enabled\r\n\tUser Parameters:\t-\r\n\tSID History:\t\t-\r\n\tLogon Hours:\t\t<value not set>\r\n\r\nAdditional Information:\r\n\tPrivileges\t\t-",
            "_serial": "10",
            "_si": [
              "cenlog07.srv.hu.nl",
              "ix_windows_p"
            ],
            "_sourcetype": "WinEventLog:Security",
            "_time": "2019-12-04 02:09:09.000 CET"
          }
        },
        {
          "preview": false,
          "offset": 16,
          "result": {
            "target_name": "1776759",
            "target_domain": "STD",
            "_bkt": "ix_windows_p~26~B570ACA6-898E-40F9-AF47-0EC0E5D830DE",
            "_cd": "26:509535406",
            "_indextime": "1575421749",
            "_pre_msg": "12/04/2019 02:09:09 AM\nLogName=Security\nSourceName=Microsoft Windows security auditing.\nEventCode=4720\nEventType=0\nType=Information\nComputerName=STDDC01.studenten.ad.hvu.nl\nTaskCategory=User Account Management\nOpCode=Info\nRecordNumber=1342818781\nKeywords=Audit Success",
            "_raw": "12/04/2019 02:09:09 AM\nLogName=Security\nSourceName=Microsoft Windows security auditing.\nEventCode=4720\nEventType=0\nType=Information\nComputerName=STDDC01.studenten.ad.hvu.nl\nTaskCategory=User Account Management\nOpCode=Info\nRecordNumber=1342818781\nKeywords=Audit Success\nMessage=A user account was created.\r\n\r\nSubject:\r\n\tSecurity ID:\t\tSTD\\sa-fimadmastd\r\n\tAccount Name:\t\tsa-fimadmastd\r\n\tAccount Domain:\t\tSTD\r\n\tLogon ID:\t\t0x7F7CC84F\r\n\r\nNew Account:\r\n\tSecurity ID:\t\tSTD\\1776759\r\n\tAccount Name:\t\t1776759\r\n\tAccount Domain:\t\tSTD\r\n\r\nAttributes:\r\n\tSAM Account Name:\t1776759\r\n\tDisplay Name:\t\tTessa Rozendaal\r\n\tUser Principal Name:\ttessa.rozendaal@student.hu.nl\r\n\tHome Directory:\t\t\\\\studenten.ad.hvu.nl\\dfs\\users\\fg\\1776759\r\n\tHome Drive:\t\tH:\r\n\tScript Path:\t\t-\r\n\tProfile Path:\t\t-\r\n\tUser Workstations:\t-\r\n\tPassword Last Set:\t<never>\r\n\tAccount Expires:\t\t<never>\r\n\tPrimary Group ID:\t513\r\n\tAllowed To Delegate To:\t-\r\n\tOld UAC Value:\t\t0x0\r\n\tNew UAC Value:\t\t0x11\r\n\tUser Account Control:\t\r\n\t\tAccount Disabled\r\n\t\t'Normal Account' - Enabled\r\n\tUser Parameters:\t-\r\n\tSID History:\t\t-\r\n\tLogon Hours:\t\t<value not set>\r\n\r\nAdditional Information:\r\n\tPrivileges\t\t-",
            "_serial": "11",
            "_si": [
              "cenlog07.srv.hu.nl",
              "ix_windows_p"
            ],
            "_sourcetype": "WinEventLog:Security",
            "_time": "2019-12-04 02:09:09.000 CET"
          }
        },
        {
          "preview": false,
          "offset": 17,
          "result": {
            "target_name": "1776758",
            "target_domain": "STD",
            "_bkt": "ix_windows_p~26~B570ACA6-898E-40F9-AF47-0EC0E5D830DE",
            "_cd": "26:509535172",
            "_indextime": "1575421749",
            "_pre_msg": "12/04/2019 02:09:09 AM\nLogName=Security\nSourceName=Microsoft Windows security auditing.\nEventCode=4720\nEventType=0\nType=Information\nComputerName=STDDC01.studenten.ad.hvu.nl\nTaskCategory=User Account Management\nOpCode=Info\nRecordNumber=1342818773\nKeywords=Audit Success",
            "_raw": "12/04/2019 02:09:09 AM\nLogName=Security\nSourceName=Microsoft Windows security auditing.\nEventCode=4720\nEventType=0\nType=Information\nComputerName=STDDC01.studenten.ad.hvu.nl\nTaskCategory=User Account Management\nOpCode=Info\nRecordNumber=1342818773\nKeywords=Audit Success\nMessage=A user account was created.\r\n\r\nSubject:\r\n\tSecurity ID:\t\tSTD\\sa-fimadmastd\r\n\tAccount Name:\t\tsa-fimadmastd\r\n\tAccount Domain:\t\tSTD\r\n\tLogon ID:\t\t0x7F7CC84F\r\n\r\nNew Account:\r\n\tSecurity ID:\t\tSTD\\1776758\r\n\tAccount Name:\t\t1776758\r\n\tAccount Domain:\t\tSTD\r\n\r\nAttributes:\r\n\tSAM Account Name:\t1776758\r\n\tDisplay Name:\t\tMarieke Zijlstra\r\n\tUser Principal Name:\tmarieke.zijlstra@student.hu.nl\r\n\tHome Directory:\t\t\\\\studenten.ad.hvu.nl\\dfs\\users\\fmr\\1776758\r\n\tHome Drive:\t\tH:\r\n\tScript Path:\t\t-\r\n\tProfile Path:\t\t-\r\n\tUser Workstations:\t-\r\n\tPassword Last Set:\t<never>\r\n\tAccount Expires:\t\t<never>\r\n\tPrimary Group ID:\t513\r\n\tAllowed To Delegate To:\t-\r\n\tOld UAC Value:\t\t0x0\r\n\tNew UAC Value:\t\t0x11\r\n\tUser Account Control:\t\r\n\t\tAccount Disabled\r\n\t\t'Normal Account' - Enabled\r\n\tUser Parameters:\t-\r\n\tSID History:\t\t-\r\n\tLogon Hours:\t\t<value not set>\r\n\r\nAdditional Information:\r\n\tPrivileges\t\t-",
            "_serial": "12",
            "_si": [
              "cenlog07.srv.hu.nl",
              "ix_windows_p"
            ],
            "_sourcetype": "WinEventLog:Security",
            "_time": "2019-12-04 02:09:09.000 CET"
          }
        },
        {
          "preview": false,
          "offset": 18,
          "result": {
            "target_name": "1776751",
            "target_domain": "STD",
            "_bkt": "ix_windows_p~26~B570ACA6-898E-40F9-AF47-0EC0E5D830DE",
            "_cd": "26:509534813",
            "_indextime": "1575421749",
            "_pre_msg": "12/04/2019 02:09:09 AM\nLogName=Security\nSourceName=Microsoft Windows security auditing.\nEventCode=4720\nEventType=0\nType=Information\nComputerName=STDDC01.studenten.ad.hvu.nl\nTaskCategory=User Account Management\nOpCode=Info\nRecordNumber=1342818762\nKeywords=Audit Success",
            "_raw": "12/04/2019 02:09:09 AM\nLogName=Security\nSourceName=Microsoft Windows security auditing.\nEventCode=4720\nEventType=0\nType=Information\nComputerName=STDDC01.studenten.ad.hvu.nl\nTaskCategory=User Account Management\nOpCode=Info\nRecordNumber=1342818762\nKeywords=Audit Success\nMessage=A user account was created.\r\n\r\nSubject:\r\n\tSecurity ID:\t\tSTD\\sa-fimadmastd\r\n\tAccount Name:\t\tsa-fimadmastd\r\n\tAccount Domain:\t\tSTD\r\n\tLogon ID:\t\t0x7F7CC84F\r\n\r\nNew Account:\r\n\tSecurity ID:\t\tSTD\\1776751\r\n\tAccount Name:\t\t1776751\r\n\tAccount Domain:\t\tSTD\r\n\r\nAttributes:\r\n\tSAM Account Name:\t1776751\r\n\tDisplay Name:\t\tMara Rodenveen\r\n\tUser Principal Name:\tmara.rodenveen@student.hu.nl\r\n\tHome Directory:\t\t\\\\studenten.ad.hvu.nl\\dfs\\users\\fmr\\1776751\r\n\tHome Drive:\t\tH:\r\n\tScript Path:\t\t-\r\n\tProfile Path:\t\t-\r\n\tUser Workstations:\t-\r\n\tPassword Last Set:\t<never>\r\n\tAccount Expires:\t\t<never>\r\n\tPrimary Group ID:\t513\r\n\tAllowed To Delegate To:\t-\r\n\tOld UAC Value:\t\t0x0\r\n\tNew UAC Value:\t\t0x11\r\n\tUser Account Control:\t\r\n\t\tAccount Disabled\r\n\t\t'Normal Account' - Enabled\r\n\tUser Parameters:\t-\r\n\tSID History:\t\t-\r\n\tLogon Hours:\t\t<value not set>\r\n\r\nAdditional Information:\r\n\tPrivileges\t\t-",
            "_serial": "13",
            "_si": [
              "cenlog07.srv.hu.nl",
              "ix_windows_p"
            ],
            "_sourcetype": "WinEventLog:Security",
            "_time": "2019-12-04 02:09:09.000 CET"
          }
        },
        {
          "preview": false,
          "offset": 19,
          "result": {
            "target_name": "1776750",
            "target_domain": "STD",
            "_bkt": "ix_windows_p~26~B570ACA6-898E-40F9-AF47-0EC0E5D830DE",
            "_cd": "26:509531523",
            "_indextime": "1575421748",
            "_pre_msg": "12/04/2019 02:09:09 AM\nLogName=Security\nSourceName=Microsoft Windows security auditing.\nEventCode=4720\nEventType=0\nType=Information\nComputerName=STDDC01.studenten.ad.hvu.nl\nTaskCategory=User Account Management\nOpCode=Info\nRecordNumber=1342818749\nKeywords=Audit Success",
            "_raw": "12/04/2019 02:09:09 AM\nLogName=Security\nSourceName=Microsoft Windows security auditing.\nEventCode=4720\nEventType=0\nType=Information\nComputerName=STDDC01.studenten.ad.hvu.nl\nTaskCategory=User Account Management\nOpCode=Info\nRecordNumber=1342818749\nKeywords=Audit Success\nMessage=A user account was created.\r\n\r\nSubject:\r\n\tSecurity ID:\t\tSTD\\sa-fimadmastd\r\n\tAccount Name:\t\tsa-fimadmastd\r\n\tAccount Domain:\t\tSTD\r\n\tLogon ID:\t\t0x7F7CC84F\r\n\r\nNew Account:\r\n\tSecurity ID:\t\tSTD\\1776750\r\n\tAccount Name:\t\t1776750\r\n\tAccount Domain:\t\tSTD\r\n\r\nAttributes:\r\n\tSAM Account Name:\t1776750\r\n\tDisplay Name:\t\tGaby Moons\r\n\tUser Principal Name:\tgaby.moons@student.hu.nl\r\n\tHome Directory:\t\t\\\\studenten.ad.hvu.nl\\dfs\\users\\fg\\1776750\r\n\tHome Drive:\t\tH:\r\n\tScript Path:\t\t-\r\n\tProfile Path:\t\t-\r\n\tUser Workstations:\t-\r\n\tPassword Last Set:\t<never>\r\n\tAccount Expires:\t\t<never>\r\n\tPrimary Group ID:\t513\r\n\tAllowed To Delegate To:\t-\r\n\tOld UAC Value:\t\t0x0\r\n\tNew UAC Value:\t\t0x11\r\n\tUser Account Control:\t\r\n\t\tAccount Disabled\r\n\t\t'Normal Account' - Enabled\r\n\tUser Parameters:\t-\r\n\tSID History:\t\t-\r\n\tLogon Hours:\t\t<value not set>\r\n\r\nAdditional Information:\r\n\tPrivileges\t\t-",
            "_serial": "14",
            "_si": [
              "cenlog07.srv.hu.nl",
              "ix_windows_p"
            ],
            "_sourcetype": "WinEventLog:Security",
            "_time": "2019-12-04 02:09:09.000 CET"
          }
        },
        {
          "preview": false,
          "offset": 20,
          "result": {
            "target_name": "1776743",
            "target_domain": "STD",
            "_bkt": "ix_windows_p~26~B570ACA6-898E-40F9-AF47-0EC0E5D830DE",
            "_cd": "26:509531087",
            "_indextime": "1575421748",
            "_pre_msg": "12/04/2019 02:09:09 AM\nLogName=Security\nSourceName=Microsoft Windows security auditing.\nEventCode=4720\nEventType=0\nType=Information\nComputerName=STDDC01.studenten.ad.hvu.nl\nTaskCategory=User Account Management\nOpCode=Info\nRecordNumber=1342818736\nKeywords=Audit Success",
            "_raw": "12/04/2019 02:09:09 AM\nLogName=Security\nSourceName=Microsoft Windows security auditing.\nEventCode=4720\nEventType=0\nType=Information\nComputerName=STDDC01.studenten.ad.hvu.nl\nTaskCategory=User Account Management\nOpCode=Info\nRecordNumber=1342818736\nKeywords=Audit Success\nMessage=A user account was created.\r\n\r\nSubject:\r\n\tSecurity ID:\t\tSTD\\sa-fimadmastd\r\n\tAccount Name:\t\tsa-fimadmastd\r\n\tAccount Domain:\t\tSTD\r\n\tLogon ID:\t\t0x7F7CC84F\r\n\r\nNew Account:\r\n\tSecurity ID:\t\tSTD\\1776743\r\n\tAccount Name:\t\t1776743\r\n\tAccount Domain:\t\tSTD\r\n\r\nAttributes:\r\n\tSAM Account Name:\t1776743\r\n\tDisplay Name:\t\tRagna van Doorn\r\n\tUser Principal Name:\tragna.vandoorn@student.hu.nl\r\n\tHome Directory:\t\t\\\\studenten.ad.hvu.nl\\dfs\\users\\fe\\1776743\r\n\tHome Drive:\t\tH:\r\n\tScript Path:\t\t-\r\n\tProfile Path:\t\t-\r\n\tUser Workstations:\t-\r\n\tPassword Last Set:\t<never>\r\n\tAccount Expires:\t\t<never>\r\n\tPrimary Group ID:\t513\r\n\tAllowed To Delegate To:\t-\r\n\tOld UAC Value:\t\t0x0\r\n\tNew UAC Value:\t\t0x11\r\n\tUser Account Control:\t\r\n\t\tAccount Disabled\r\n\t\t'Normal Account' - Enabled\r\n\tUser Parameters:\t-\r\n\tSID History:\t\t-\r\n\tLogon Hours:\t\t<value not set>\r\n\r\nAdditional Information:\r\n\tPrivileges\t\t-",
            "_serial": "15",
            "_si": [
              "cenlog07.srv.hu.nl",
              "ix_windows_p"
            ],
            "_sourcetype": "WinEventLog:Security",
            "_time": "2019-12-04 02:09:09.000 CET"
          }
        },
        {
          "preview": false,
          "offset": 21,
          "result": {
            "target_name": "1776739",
            "target_domain": "STD",
            "_bkt": "ix_windows_p~26~B570ACA6-898E-40F9-AF47-0EC0E5D830DE",
            "_cd": "26:509530813",
            "_indextime": "1575421748",
            "_pre_msg": "12/04/2019 02:09:09 AM\nLogName=Security\nSourceName=Microsoft Windows security auditing.\nEventCode=4720\nEventType=0\nType=Information\nComputerName=STDDC01.studenten.ad.hvu.nl\nTaskCategory=User Account Management\nOpCode=Info\nRecordNumber=1342818727\nKeywords=Audit Success",
            "_raw": "12/04/2019 02:09:09 AM\nLogName=Security\nSourceName=Microsoft Windows security auditing.\nEventCode=4720\nEventType=0\nType=Information\nComputerName=STDDC01.studenten.ad.hvu.nl\nTaskCategory=User Account Management\nOpCode=Info\nRecordNumber=1342818727\nKeywords=Audit Success\nMessage=A user account was created.\r\n\r\nSubject:\r\n\tSecurity ID:\t\tSTD\\sa-fimadmastd\r\n\tAccount Name:\t\tsa-fimadmastd\r\n\tAccount Domain:\t\tSTD\r\n\tLogon ID:\t\t0x7F7CC84F\r\n\r\nNew Account:\r\n\tSecurity ID:\t\tSTD\\1776739\r\n\tAccount Name:\t\t1776739\r\n\tAccount Domain:\t\tSTD\r\n\r\nAttributes:\r\n\tSAM Account Name:\t1776739\r\n\tDisplay Name:\t\tJordi Geurts\r\n\tUser Principal Name:\tjordi.geurts@student.hu.nl\r\n\tHome Directory:\t\t\\\\studenten.ad.hvu.nl\\dfs\\users\\fmr\\1776739\r\n\tHome Drive:\t\tH:\r\n\tScript Path:\t\t-\r\n\tProfile Path:\t\t-\r\n\tUser Workstations:\t-\r\n\tPassword Last Set:\t<never>\r\n\tAccount Expires:\t\t<never>\r\n\tPrimary Group ID:\t513\r\n\tAllowed To Delegate To:\t-\r\n\tOld UAC Value:\t\t0x0\r\n\tNew UAC Value:\t\t0x11\r\n\tUser Account Control:\t\r\n\t\tAccount Disabled\r\n\t\t'Normal Account' - Enabled\r\n\tUser Parameters:\t-\r\n\tSID History:\t\t-\r\n\tLogon Hours:\t\t<value not set>\r\n\r\nAdditional Information:\r\n\tPrivileges\t\t-",
            "_serial": "16",
            "_si": [
              "cenlog07.srv.hu.nl",
              "ix_windows_p"
            ],
            "_sourcetype": "WinEventLog:Security",
            "_time": "2019-12-04 02:09:09.000 CET"
          }
        },
        {
          "preview": false,
          "offset": 22,
          "result": {
            "target_name": "1739592",
            "target_domain": "STD",
            "_bkt": "ix_windows_p~26~B570ACA6-898E-40F9-AF47-0EC0E5D830DE",
            "_cd": "26:509530267",
            "_indextime": "1575421748",
            "_pre_msg": "12/04/2019 02:09:08 AM\nLogName=Security\nSourceName=Microsoft Windows security auditing.\nEventCode=4720\nEventType=0\nType=Information\nComputerName=STDDC01.studenten.ad.hvu.nl\nTaskCategory=User Account Management\nOpCode=Info\nRecordNumber=1342818712\nKeywords=Audit Success",
