            "_raw": "12/03/2019 02:11:44 AM\nLogName=Security\nSourceName=Microsoft Windows security auditing.\nEventCode=4720\nEventType=0\nType=Information\nComputerName=STDDC01.studenten.ad.hvu.nl\nTaskCategory=User Account Management\nOpCode=Info\nRecordNumber=1340920416\nKeywords=Audit Success\nMessage=A user account was created.\r\n\r\nSubject:\r\n\tSecurity ID:\t\tSTD\\sa-fimadmastd\r\n\tAccount Name:\t\tsa-fimadmastd\r\n\tAccount Domain:\t\tSTD\r\n\tLogon ID:\t\t0x6DECDCE5\r\n\r\nNew Account:\r\n\tSecurity ID:\t\tSTD\\1776683\r\n\tAccount Name:\t\t1776683\r\n\tAccount Domain:\t\tSTD\r\n\r\nAttributes:\r\n\tSAM Account Name:\t1776683\r\n\tDisplay Name:\t\tIsabel Cobos Melchor\r\n\tUser Principal Name:\tisabel.cobosmelchor@student.hu.nl\r\n\tHome Directory:\t\t\\\\studenten.ad.hvu.nl\\dfs\\users\\fe\\1776683\r\n\tHome Drive:\t\tH:\r\n\tScript Path:\t\t-\r\n\tProfile Path:\t\t-\r\n\tUser Workstations:\t-\r\n\tPassword Last Set:\t<never>\r\n\tAccount Expires:\t\t<never>\r\n\tPrimary Group ID:\t513\r\n\tAllowed To Delegate To:\t-\r\n\tOld UAC Value:\t\t0x0\r\n\tNew UAC Value:\t\t0x11\r\n\tUser Account Control:\t\r\n\t\tAccount Disabled\r\n\t\t'Normal Account' - Enabled\r\n\tUser Parameters:\t-\r\n\tSID History:\t\t-\r\n\tLogon Hours:\t\t<value not set>\r\n\r\nAdditional Information:\r\n\tPrivileges\t\t-",
            "_serial": "16",
            "_si": [
              "cenlog06.srv.hu.nl",
              "ix_windows_p"
            ],
            "_sourcetype": "WinEventLog:Security",
            "_time": "2019-12-03 02:11:44.000 CET"
          }
        },
        {
          "preview": false,
          "offset": 45,
          "result": {
            "target_name": "1776680",
            "target_domain": "STD",
            "_bkt": "ix_windows_p~26~2A6C3041-42AA-49EA-8AED-EAED89B54858",
            "_cd": "26:228649135",
            "_indextime": "1575335504",
            "_pre_msg": "12/03/2019 02:11:44 AM\nLogName=Security\nSourceName=Microsoft Windows security auditing.\nEventCode=4720\nEventType=0\nType=Information\nComputerName=STDDC01.studenten.ad.hvu.nl\nTaskCategory=User Account Management\nOpCode=Info\nRecordNumber=1340920407\nKeywords=Audit Success",
            "_raw": "12/03/2019 02:11:44 AM\nLogName=Security\nSourceName=Microsoft Windows security auditing.\nEventCode=4720\nEventType=0\nType=Information\nComputerName=STDDC01.studenten.ad.hvu.nl\nTaskCategory=User Account Management\nOpCode=Info\nRecordNumber=1340920407\nKeywords=Audit Success\nMessage=A user account was created.\r\n\r\nSubject:\r\n\tSecurity ID:\t\tSTD\\sa-fimadmastd\r\n\tAccount Name:\t\tsa-fimadmastd\r\n\tAccount Domain:\t\tSTD\r\n\tLogon ID:\t\t0x6DECDCE5\r\n\r\nNew Account:\r\n\tSecurity ID:\t\tSTD\\1776680\r\n\tAccount Name:\t\t1776680\r\n\tAccount Domain:\t\tSTD\r\n\r\nAttributes:\r\n\tSAM Account Name:\t1776680\r\n\tDisplay Name:\t\tLuus Freriks\r\n\tUser Principal Name:\tluus.freriks@student.hu.nl\r\n\tHome Directory:\t\t\\\\studenten.ad.hvu.nl\\dfs\\users\\fe\\1776680\r\n\tHome Drive:\t\tH:\r\n\tScript Path:\t\t-\r\n\tProfile Path:\t\t-\r\n\tUser Workstations:\t-\r\n\tPassword Last Set:\t<never>\r\n\tAccount Expires:\t\t<never>\r\n\tPrimary Group ID:\t513\r\n\tAllowed To Delegate To:\t-\r\n\tOld UAC Value:\t\t0x0\r\n\tNew UAC Value:\t\t0x11\r\n\tUser Account Control:\t\r\n\t\tAccount Disabled\r\n\t\t'Normal Account' - Enabled\r\n\tUser Parameters:\t-\r\n\tSID History:\t\t-\r\n\tLogon Hours:\t\t<value not set>\r\n\r\nAdditional Information:\r\n\tPrivileges\t\t-",
            "_serial": "17",
            "_si": [
              "cenlog06.srv.hu.nl",
              "ix_windows_p"
            ],
            "_sourcetype": "WinEventLog:Security",
            "_time": "2019-12-03 02:11:44.000 CET"
          }
        },
        {
          "preview": false,
          "offset": 46,
          "result": {
            "target_name": "1776678",
            "target_domain": "STD",
            "_bkt": "ix_windows_p~26~2A6C3041-42AA-49EA-8AED-EAED89B54858",
            "_cd": "26:228648692",
            "_indextime": "1575335504",
            "_pre_msg": "12/03/2019 02:11:43 AM\nLogName=Security\nSourceName=Microsoft Windows security auditing.\nEventCode=4720\nEventType=0\nType=Information\nComputerName=STDDC01.studenten.ad.hvu.nl\nTaskCategory=User Account Management\nOpCode=Info\nRecordNumber=1340920394\nKeywords=Audit Success",
            "_raw": "12/03/2019 02:11:43 AM\nLogName=Security\nSourceName=Microsoft Windows security auditing.\nEventCode=4720\nEventType=0\nType=Information\nComputerName=STDDC01.studenten.ad.hvu.nl\nTaskCategory=User Account Management\nOpCode=Info\nRecordNumber=1340920394\nKeywords=Audit Success\nMessage=A user account was created.\r\n\r\nSubject:\r\n\tSecurity ID:\t\tSTD\\sa-fimadmastd\r\n\tAccount Name:\t\tsa-fimadmastd\r\n\tAccount Domain:\t\tSTD\r\n\tLogon ID:\t\t0x6DECDCE5\r\n\r\nNew Account:\r\n\tSecurity ID:\t\tSTD\\1776678\r\n\tAccount Name:\t\t1776678\r\n\tAccount Domain:\t\tSTD\r\n\r\nAttributes:\r\n\tSAM Account Name:\t1776678\r\n\tDisplay Name:\t\tRomario Soekhoe\r\n\tUser Principal Name:\tromario.soekhoe@student.hu.nl\r\n\tHome Directory:\t\t\\\\studenten.ad.hvu.nl\\dfs\\users\\fmr\\1776678\r\n\tHome Drive:\t\tH:\r\n\tScript Path:\t\t-\r\n\tProfile Path:\t\t-\r\n\tUser Workstations:\t-\r\n\tPassword Last Set:\t<never>\r\n\tAccount Expires:\t\t<never>\r\n\tPrimary Group ID:\t513\r\n\tAllowed To Delegate To:\t-\r\n\tOld UAC Value:\t\t0x0\r\n\tNew UAC Value:\t\t0x11\r\n\tUser Account Control:\t\r\n\t\tAccount Disabled\r\n\t\t'Normal Account' - Enabled\r\n\tUser Parameters:\t-\r\n\tSID History:\t\t-\r\n\tLogon Hours:\t\t<value not set>\r\n\r\nAdditional Information:\r\n\tPrivileges\t\t-",
            "_serial": "18",
            "_si": [
              "cenlog06.srv.hu.nl",
              "ix_windows_p"
            ],
            "_sourcetype": "WinEventLog:Security",
            "_time": "2019-12-03 02:11:43.000 CET"
          }
        },
        {
          "preview": false,
          "offset": 47,
          "result": {
            "target_name": "1776672",
            "target_domain": "STD",
            "_bkt": "ix_windows_p~26~2A6C3041-42AA-49EA-8AED-EAED89B54858",
            "_cd": "26:228648397",
            "_indextime": "1575335504",
            "_pre_msg": "12/03/2019 02:11:43 AM\nLogName=Security\nSourceName=Microsoft Windows security auditing.\nEventCode=4720\nEventType=0\nType=Information\nComputerName=STDDC01.studenten.ad.hvu.nl\nTaskCategory=User Account Management\nOpCode=Info\nRecordNumber=1340920384\nKeywords=Audit Success",
            "_raw": "12/03/2019 02:11:43 AM\nLogName=Security\nSourceName=Microsoft Windows security auditing.\nEventCode=4720\nEventType=0\nType=Information\nComputerName=STDDC01.studenten.ad.hvu.nl\nTaskCategory=User Account Management\nOpCode=Info\nRecordNumber=1340920384\nKeywords=Audit Success\nMessage=A user account was created.\r\n\r\nSubject:\r\n\tSecurity ID:\t\tSTD\\sa-fimadmastd\r\n\tAccount Name:\t\tsa-fimadmastd\r\n\tAccount Domain:\t\tSTD\r\n\tLogon ID:\t\t0x6DECDCE5\r\n\r\nNew Account:\r\n\tSecurity ID:\t\tSTD\\1776672\r\n\tAccount Name:\t\t1776672\r\n\tAccount Domain:\t\tSTD\r\n\r\nAttributes:\r\n\tSAM Account Name:\t1776672\r\n\tDisplay Name:\t\tImane Azzouz\r\n\tUser Principal Name:\timane.azzouz@student.hu.nl\r\n\tHome Directory:\t\t\\\\studenten.ad.hvu.nl\\dfs\\users\\fe\\1776672\r\n\tHome Drive:\t\tH:\r\n\tScript Path:\t\t-\r\n\tProfile Path:\t\t-\r\n\tUser Workstations:\t-\r\n\tPassword Last Set:\t<never>\r\n\tAccount Expires:\t\t<never>\r\n\tPrimary Group ID:\t513\r\n\tAllowed To Delegate To:\t-\r\n\tOld UAC Value:\t\t0x0\r\n\tNew UAC Value:\t\t0x11\r\n\tUser Account Control:\t\r\n\t\tAccount Disabled\r\n\t\t'Normal Account' - Enabled\r\n\tUser Parameters:\t-\r\n\tSID History:\t\t-\r\n\tLogon Hours:\t\t<value not set>\r\n\r\nAdditional Information:\r\n\tPrivileges\t\t-",
            "_serial": "19",
            "_si": [
              "cenlog06.srv.hu.nl",
              "ix_windows_p"
            ],
            "_sourcetype": "WinEventLog:Security",
            "_time": "2019-12-03 02:11:43.000 CET"
          }
        },
        {
          "preview": false,
          "offset": 48,
          "result": {
            "target_name": "1776670",
            "target_domain": "STD",
            "_bkt": "ix_windows_p~26~2A6C3041-42AA-49EA-8AED-EAED89B54858",
            "_cd": "26:228647956",
            "_indextime": "1575335504",
            "_pre_msg": "12/03/2019 02:11:43 AM\nLogName=Security\nSourceName=Microsoft Windows security auditing.\nEventCode=4720\nEventType=0\nType=Information\nComputerName=STDDC01.studenten.ad.hvu.nl\nTaskCategory=User Account Management\nOpCode=Info\nRecordNumber=1340920372\nKeywords=Audit Success",
            "_raw": "12/03/2019 02:11:43 AM\nLogName=Security\nSourceName=Microsoft Windows security auditing.\nEventCode=4720\nEventType=0\nType=Information\nComputerName=STDDC01.studenten.ad.hvu.nl\nTaskCategory=User Account Management\nOpCode=Info\nRecordNumber=1340920372\nKeywords=Audit Success\nMessage=A user account was created.\r\n\r\nSubject:\r\n\tSecurity ID:\t\tSTD\\sa-fimadmastd\r\n\tAccount Name:\t\tsa-fimadmastd\r\n\tAccount Domain:\t\tSTD\r\n\tLogon ID:\t\t0x6DECDCE5\r\n\r\nNew Account:\r\n\tSecurity ID:\t\tSTD\\1776670\r\n\tAccount Name:\t\t1776670\r\n\tAccount Domain:\t\tSTD\r\n\r\nAttributes:\r\n\tSAM Account Name:\t1776670\r\n\tDisplay Name:\t\tmegan Smits\r\n\tUser Principal Name:\tmegan.smits@student.hu.nl\r\n\tHome Directory:\t\t\\\\studenten.ad.hvu.nl\\dfs\\users\\fmr\\1776670\r\n\tHome Drive:\t\tH:\r\n\tScript Path:\t\t-\r\n\tProfile Path:\t\t-\r\n\tUser Workstations:\t-\r\n\tPassword Last Set:\t<never>\r\n\tAccount Expires:\t\t<never>\r\n\tPrimary Group ID:\t513\r\n\tAllowed To Delegate To:\t-\r\n\tOld UAC Value:\t\t0x0\r\n\tNew UAC Value:\t\t0x11\r\n\tUser Account Control:\t\r\n\t\tAccount Disabled\r\n\t\t'Normal Account' - Enabled\r\n\tUser Parameters:\t-\r\n\tSID History:\t\t-\r\n\tLogon Hours:\t\t<value not set>\r\n\r\nAdditional Information:\r\n\tPrivileges\t\t-",
            "_serial": "20",
            "_si": [
              "cenlog06.srv.hu.nl",
              "ix_windows_p"
            ],
            "_sourcetype": "WinEventLog:Security",
            "_time": "2019-12-03 02:11:43.000 CET"
          }
        },
        {
          "preview": false,
          "offset": 49,
          "result": {
            "target_name": "1776669",
            "target_domain": "STD",
            "_bkt": "ix_windows_p~26~2A6C3041-42AA-49EA-8AED-EAED89B54858",
            "_cd": "26:228647514",
            "_indextime": "1575335504",
            "_pre_msg": "12/03/2019 02:11:43 AM\nLogName=Security\nSourceName=Microsoft Windows security auditing.\nEventCode=4720\nEventType=0\nType=Information\nComputerName=STDDC01.studenten.ad.hvu.nl\nTaskCategory=User Account Management\nOpCode=Info\nRecordNumber=1340920359\nKeywords=Audit Success",
            "_raw": "12/03/2019 02:11:43 AM\nLogName=Security\nSourceName=Microsoft Windows security auditing.\nEventCode=4720\nEventType=0\nType=Information\nComputerName=STDDC01.studenten.ad.hvu.nl\nTaskCategory=User Account Management\nOpCode=Info\nRecordNumber=1340920359\nKeywords=Audit Success\nMessage=A user account was created.\r\n\r\nSubject:\r\n\tSecurity ID:\t\tSTD\\sa-fimadmastd\r\n\tAccount Name:\t\tsa-fimadmastd\r\n\tAccount Domain:\t\tSTD\r\n\tLogon ID:\t\t0x6DECDCE5\r\n\r\nNew Account:\r\n\tSecurity ID:\t\tSTD\\1776669\r\n\tAccount Name:\t\t1776669\r\n\tAccount Domain:\t\tSTD\r\n\r\nAttributes:\r\n\tSAM Account Name:\t1776669\r\n\tDisplay Name:\t\tRoos Oltwater\r\n\tUser Principal Name:\troos.oltwater@student.hu.nl\r\n\tHome Directory:\t\t\\\\studenten.ad.hvu.nl\\dfs\\users\\fg\\1776669\r\n\tHome Drive:\t\tH:\r\n\tScript Path:\t\t-\r\n\tProfile Path:\t\t-\r\n\tUser Workstations:\t-\r\n\tPassword Last Set:\t<never>\r\n\tAccount Expires:\t\t<never>\r\n\tPrimary Group ID:\t513\r\n\tAllowed To Delegate To:\t-\r\n\tOld UAC Value:\t\t0x0\r\n\tNew UAC Value:\t\t0x11\r\n\tUser Account Control:\t\r\n\t\tAccount Disabled\r\n\t\t'Normal Account' - Enabled\r\n\tUser Parameters:\t-\r\n\tSID History:\t\t-\r\n\tLogon Hours:\t\t<value not set>\r\n\r\nAdditional Information:\r\n\tPrivileges\t\t-",
            "_serial": "21",
            "_si": [
              "cenlog06.srv.hu.nl",
              "ix_windows_p"
            ],
            "_sourcetype": "WinEventLog:Security",
            "_time": "2019-12-03 02:11:43.000 CET"
          }
        },
        {
          "preview": false,
          "offset": 50,
          "result": {
            "target_name": "1714386",
            "target_domain": "STD",
            "_bkt": "ix_windows_p~26~2A6C3041-42AA-49EA-8AED-EAED89B54858",
            "_cd": "26:228647239",
            "_indextime": "1575335504",
            "_pre_msg": "12/03/2019 02:11:43 AM\nLogName=Security\nSourceName=Microsoft Windows security auditing.\nEventCode=4720\nEventType=0\nType=Information\nComputerName=STDDC01.studenten.ad.hvu.nl\nTaskCategory=User Account Management\nOpCode=Info\nRecordNumber=1340920350\nKeywords=Audit Success",
            "_raw": "12/03/2019 02:11:43 AM\nLogName=Security\nSourceName=Microsoft Windows security auditing.\nEventCode=4720\nEventType=0\nType=Information\nComputerName=STDDC01.studenten.ad.hvu.nl\nTaskCategory=User Account Management\nOpCode=Info\nRecordNumber=1340920350\nKeywords=Audit Success\nMessage=A user account was created.\r\n\r\nSubject:\r\n\tSecurity ID:\t\tSTD\\sa-fimadmastd\r\n\tAccount Name:\t\tsa-fimadmastd\r\n\tAccount Domain:\t\tSTD\r\n\tLogon ID:\t\t0x6DECDCE5\r\n\r\nNew Account:\r\n\tSecurity ID:\t\tSTD\\1714386\r\n\tAccount Name:\t\t1714386\r\n\tAccount Domain:\t\tSTD\r\n\r\nAttributes:\r\n\tSAM Account Name:\t1714386\r\n\tDisplay Name:\t\tMelanie Tubio Mateo\r\n\tUser Principal Name:\tmelanie.tubiomateo@student.hu.nl\r\n\tHome Directory:\t\t\\\\studenten.ad.hvu.nl\\dfs\\users\\fe\\1714386\r\n\tHome Drive:\t\tH:\r\n\tScript Path:\t\t-\r\n\tProfile Path:\t\t-\r\n\tUser Workstations:\t-\r\n\tPassword Last Set:\t<never>\r\n\tAccount Expires:\t\t<never>\r\n\tPrimary Group ID:\t513\r\n\tAllowed To Delegate To:\t-\r\n\tOld UAC Value:\t\t0x0\r\n\tNew UAC Value:\t\t0x11\r\n\tUser Account Control:\t\r\n\t\tAccount Disabled\r\n\t\t'Normal Account' - Enabled\r\n\tUser Parameters:\t-\r\n\tSID History:\t\t-\r\n\tLogon Hours:\t\t<value not set>\r\n\r\nAdditional Information:\r\n\tPrivileges\t\t-",
            "_serial": "22",
            "_si": [
              "cenlog06.srv.hu.nl",
              "ix_windows_p"
            ],
            "_sourcetype": "WinEventLog:Security",
            "_time": "2019-12-03 02:11:43.000 CET"
          }
        },
        {
          "preview": false,
          "offset": 51,
          "result": {
            "target_name": "1637749",
            "target_domain": "STD",
            "_bkt": "ix_windows_p~26~2A6C3041-42AA-49EA-8AED-EAED89B54858",
            "_cd": "26:228646880",
            "_indextime": "1575335504",
            "_pre_msg": "12/03/2019 02:11:43 AM\nLogName=Security\nSourceName=Microsoft Windows security auditing.\nEventCode=4720\nEventType=0\nType=Information\nComputerName=STDDC01.studenten.ad.hvu.nl\nTaskCategory=User Account Management\nOpCode=Info\nRecordNumber=1340920339\nKeywords=Audit Success",
            "_raw": "12/03/2019 02:11:43 AM\nLogName=Security\nSourceName=Microsoft Windows security auditing.\nEventCode=4720\nEventType=0\nType=Information\nComputerName=STDDC01.studenten.ad.hvu.nl\nTaskCategory=User Account Management\nOpCode=Info\nRecordNumber=1340920339\nKeywords=Audit Success\nMessage=A user account was created.\r\n\r\nSubject:\r\n\tSecurity ID:\t\tSTD\\sa-fimadmastd\r\n\tAccount Name:\t\tsa-fimadmastd\r\n\tAccount Domain:\t\tSTD\r\n\tLogon ID:\t\t0x6DECDCE5\r\n\r\nNew Account:\r\n\tSecurity ID:\t\tSTD\\1637749\r\n\tAccount Name:\t\t1637749\r\n\tAccount Domain:\t\tSTD\r\n\r\nAttributes:\r\n\tSAM Account Name:\t1637749\r\n\tDisplay Name:\t\tAnouk Zwijnenburg\r\n\tUser Principal Name:\tanouk.zwijnenburg@student.hu.nl\r\n\tHome Directory:\t\t\\\\studenten.ad.hvu.nl\\dfs\\users\\fe\\1637749\r\n\tHome Drive:\t\tH:\r\n\tScript Path:\t\t-\r\n\tProfile Path:\t\t-\r\n\tUser Workstations:\t-\r\n\tPassword Last Set:\t<never>\r\n\tAccount Expires:\t\t<never>\r\n\tPrimary Group ID:\t513\r\n\tAllowed To Delegate To:\t-\r\n\tOld UAC Value:\t\t0x0\r\n\tNew UAC Value:\t\t0x11\r\n\tUser Account Control:\t\r\n\t\tAccount Disabled\r\n\t\t'Normal Account' - Enabled\r\n\tUser Parameters:\t-\r\n\tSID History:\t\t-\r\n\tLogon Hours:\t\t<value not set>\r\n\r\nAdditional Information:\r\n\tPrivileges\t\t-",
            "_serial": "23",
            "_si": [
              "cenlog06.srv.hu.nl",
              "ix_windows_p"
            ],
            "_sourcetype": "WinEventLog:Security",
            "_time": "2019-12-03 02:11:43.000 CET"
          }
        },
        {
          "preview": false,
          "offset": 52,
          "result": {
            "target_name": "1604952",
            "target_domain": "STD",
            "_bkt": "ix_windows_p~26~2A6C3041-42AA-49EA-8AED-EAED89B54858",
            "_cd": "26:228646249",
            "_indextime": "1575335504",
            "_pre_msg": "12/03/2019 02:11:43 AM\nLogName=Security\nSourceName=Microsoft Windows security auditing.\nEventCode=4720\nEventType=0\nType=Information\nComputerName=STDDC01.studenten.ad.hvu.nl\nTaskCategory=User Account Management\nOpCode=Info\nRecordNumber=1340920322\nKeywords=Audit Success",
            "_raw": "12/03/2019 02:11:43 AM\nLogName=Security\nSourceName=Microsoft Windows security auditing.\nEventCode=4720\nEventType=0\nType=Information\nComputerName=STDDC01.studenten.ad.hvu.nl\nTaskCategory=User Account Management\nOpCode=Info\nRecordNumber=1340920322\nKeywords=Audit Success\nMessage=A user account was created.\r\n\r\nSubject:\r\n\tSecurity ID:\t\tSTD\\sa-fimadmastd\r\n\tAccount Name:\t\tsa-fimadmastd\r\n\tAccount Domain:\t\tSTD\r\n\tLogon ID:\t\t0x6DECDCE5\r\n\r\nNew Account:\r\n\tSecurity ID:\t\tSTD\\1604952\r\n\tAccount Name:\t\t1604952\r\n\tAccount Domain:\t\tSTD\r\n\r\nAttributes:\r\n\tSAM Account Name:\t1604952\r\n\tDisplay Name:\t\tLucie ter Brake\r\n\tUser Principal Name:\tlucie.terbrake@student.hu.nl\r\n\tHome Directory:\t\t\\\\studenten.ad.hvu.nl\\dfs\\users\\fe\\1604952\r\n\tHome Drive:\t\tH:\r\n\tScript Path:\t\t-\r\n\tProfile Path:\t\t-\r\n\tUser Workstations:\t-\r\n\tPassword Last Set:\t<never>\r\n\tAccount Expires:\t\t<never>\r\n\tPrimary Group ID:\t513\r\n\tAllowed To Delegate To:\t-\r\n\tOld UAC Value:\t\t0x0\r\n\tNew UAC Value:\t\t0x11\r\n\tUser Account Control:\t\r\n\t\tAccount Disabled\r\n\t\t'Normal Account' - Enabled\r\n\tUser Parameters:\t-\r\n\tSID History:\t\t-\r\n\tLogon Hours:\t\t<value not set>\r\n\r\nAdditional Information:\r\n\tPrivileges\t\t-",
            "_serial": "24",
            "_si": [
              "cenlog06.srv.hu.nl",
              "ix_windows_p"
            ],
            "_sourcetype": "WinEventLog:Security",
            "_time": "2019-12-03 02:11:43.000 CET"
          }
        },
        {
          "preview": false,
          "offset": 53,
          "result": {
            "target_name": "1179792",
            "target_domain": "STD",
            "_bkt": "ix_windows_p~26~2A6C3041-42AA-49EA-8AED-EAED89B54858",
            "_cd": "26:228645480",
            "_indextime": "1575335504",
            "_pre_msg": "12/03/2019 02:11:43 AM\nLogName=Security\nSourceName=Microsoft Windows security auditing.\nEventCode=4720\nEventType=0\nType=Information\nComputerName=STDDC01.studenten.ad.hvu.nl\nTaskCategory=User Account Management\nOpCode=Info\nRecordNumber=1340920302\nKeywords=Audit Success",
            "_raw": "12/03/2019 02:11:43 AM\nLogName=Security\nSourceName=Microsoft Windows security auditing.\nEventCode=4720\nEventType=0\nType=Information\nComputerName=STDDC01.studenten.ad.hvu.nl\nTaskCategory=User Account Management\nOpCode=Info\nRecordNumber=1340920302\nKeywords=Audit Success\nMessage=A user account was created.\r\n\r\nSubject:\r\n\tSecurity ID:\t\tSTD\\sa-fimadmastd\r\n\tAccount Name:\t\tsa-fimadmastd\r\n\tAccount Domain:\t\tSTD\r\n\tLogon ID:\t\t0x6DECDCE5\r\n\r\nNew Account:\r\n\tSecurity ID:\t\tSTD\\1179792\r\n\tAccount Name:\t\t1179792\r\n\tAccount Domain:\t\tSTD\r\n\r\nAttributes:\r\n\tSAM Account Name:\t1179792\r\n\tDisplay Name:\t\tLinsey Sterkenburg\r\n\tUser Principal Name:\tlinsey.sterkenburg@student.hu.nl\r\n\tHome Directory:\t\t\\\\studenten.ad.hvu.nl\\dfs\\users\\fe\\1179792\r\n\tHome Drive:\t\tH:\r\n\tScript Path:\t\t-\r\n\tProfile Path:\t\t-\r\n\tUser Workstations:\t-\r\n\tPassword Last Set:\t<never>\r\n\tAccount Expires:\t\t<never>\r\n\tPrimary Group ID:\t513\r\n\tAllowed To Delegate To:\t-\r\n\tOld UAC Value:\t\t0x0\r\n\tNew UAC Value:\t\t0x11\r\n\tUser Account Control:\t\r\n\t\tAccount Disabled\r\n\t\t'Normal Account' - Enabled\r\n\tUser Parameters:\t-\r\n\tSID History:\t\t-\r\n\tLogon Hours:\t\t<value not set>\r\n\r\nAdditional Information:\r\n\tPrivileges\t\t-",
            "_serial": "25",
            "_si": [
              "cenlog06.srv.hu.nl",
              "ix_windows_p"
            ],
            "_sourcetype": "WinEventLog:Security",
            "_time": "2019-12-03 02:11:43.000 CET"
          }
        },
        {
          "preview": false,
          "offset": 54,
          "result": {
            "target_name": "1776666",
            "target_domain": "STD",
            "_bkt": "ix_windows_p~26~2A6C3041-42AA-49EA-8AED-EAED89B54858",
            "_cd": "26:94368124",
            "_indextime": "1575290312",
            "_pre_msg": "12/02/2019 01:38:33 PM\nLogName=Security\nSourceName=Microsoft Windows security auditing.\nEventCode=4720\nEventType=0\nType=Information\nComputerName=STDDC01.studenten.ad.hvu.nl\nTaskCategory=User Account Management\nOpCode=Info\nRecordNumber=1340012528\nKeywords=Audit Success",
            "_raw": "12/02/2019 01:38:33 PM\nLogName=Security\nSourceName=Microsoft Windows security auditing.\nEventCode=4720\nEventType=0\nType=Information\nComputerName=STDDC01.studenten.ad.hvu.nl\nTaskCategory=User Account Management\nOpCode=Info\nRecordNumber=1340012528\nKeywords=Audit Success\nMessage=A user account was created.\r\n\r\nSubject:\r\n\tSecurity ID:\t\tSTD\\sa-fimadmastd\r\n\tAccount Name:\t\tsa-fimadmastd\r\n\tAccount Domain:\t\tSTD\r\n\tLogon ID:\t\t0x65DB0CCB\r\n\r\nNew Account:\r\n\tSecurity ID:\t\tSTD\\1776666\r\n\tAccount Name:\t\t1776666\r\n\tAccount Domain:\t\tSTD\r\n\r\nAttributes:\r\n\tSAM Account Name:\t1776666\r\n\tDisplay Name:\t\tEsme van den Hooff\r\n\tUser Principal Name:\tesme.vandenhooff@student.hu.nl\r\n\tHome Directory:\t\t\\\\studenten.ad.hvu.nl\\dfs\\users\\fmr\\1776666\r\n\tHome Drive:\t\tH:\r\n\tScript Path:\t\t-\r\n\tProfile Path:\t\t-\r\n\tUser Workstations:\t-\r\n\tPassword Last Set:\t<never>\r\n\tAccount Expires:\t\t<never>\r\n\tPrimary Group ID:\t513\r\n\tAllowed To Delegate To:\t-\r\n\tOld UAC Value:\t\t0x0\r\n\tNew UAC Value:\t\t0x11\r\n\tUser Account Control:\t\r\n\t\tAccount Disabled\r\n\t\t'Normal Account' - Enabled\r\n\tUser Parameters:\t-\r\n\tSID History:\t\t-\r\n\tLogon Hours:\t\t<value not set>\r\n\r\nAdditional Information:\r\n\tPrivileges\t\t-",
            "_serial": "26",
            "_si": [
              "cenlog06.srv.hu.nl",
              "ix_windows_p"
            ],
            "_sourcetype": "WinEventLog:Security",
            "_time": "2019-12-02 13:38:33.000 CET"
          }
        },
        {
          "preview": false,
          "offset": 55,
          "result": {
            "target_name": "Nathalie.vemde-cga",
            "target_domain": "MDW",
            "_bkt": "ix_windows_p~26~2A6C3041-42AA-49EA-8AED-EAED89B54858",
            "_cd": "26:76227981",
            "_indextime": "1575286782",
            "_pre_msg": "12/02/2019 12:39:45 PM\nLogName=Security\nSourceName=Microsoft Windows security auditing.\nEventCode=4720\nEventType=0\nType=Information\nComputerName=MDWDC02.medewerkers.ad.hvu.nl\nTaskCategory=User Account Management\nOpCode=Info\nRecordNumber=3762900864\nKeywords=Audit Success",
            "_raw": "12/02/2019 12:39:45 PM\nLogName=Security\nSourceName=Microsoft Windows security auditing.\nEventCode=4720\nEventType=0\nType=Information\nComputerName=MDWDC02.medewerkers.ad.hvu.nl\nTaskCategory=User Account Management\nOpCode=Info\nRecordNumber=3762900864\nKeywords=Audit Success\nMessage=A user account was created.\r\n\r\nSubject:\r\n\tSecurity ID:\t\tS-1-5-21-1757436266-1070379326-1452763161-46562\r\n\tAccount Name:\t\tsa-FIMADMA\r\n\tAccount Domain:\t\tMDW\r\n\tLogon ID:\t\t0x44030EF3\r\n\r\nNew Account:\r\n\tSecurity ID:\t\tS-1-5-21-1757436266-1070379326-1452763161-136181\r\n\tAccount Name:\t\tNathalie.vemde-cga\r\n\tAccount Domain:\t\tMDW\r\n\r\nAttributes:\r\n\tSAM Account Name:\tNathalie.vemde-cga\r\n\tDisplay Name:\t\t-\r\n\tUser Principal Name:\t-\r\n\tHome Directory:\t\t-\r\n\tHome Drive:\t\t-\r\n\tScript Path:\t\t-\r\n\tProfile Path:\t\t-\r\n\tUser Workstations:\t-\r\n\tPassword Last Set:\t<never>\r\n\tAccount Expires:\t\t<never>\r\n\tPrimary Group ID:\t513\r\n\tAllowed To Delegate To:\t-\r\n\tOld UAC Value:\t\t0x0\r\n\tNew UAC Value:\t\t0x15\r\n\tUser Account Control:\t\r\n\t\tAccount Disabled\r\n\t\t'Password Not Required' - Enabled\r\n\t\t'Normal Account' - Enabled\r\n\tUser Parameters:\t-\r\n\tSID History:\t\t-\r\n\tLogon Hours:\t\t<value not set>\r\n\r\nAdditional Information:\r\n\tPrivileges\t\t-",
            "_serial": "27",
            "_si": [
              "cenlog06.srv.hu.nl",
              "ix_windows_p"
            ],
            "_sourcetype": "WinEventLog:Security",
            "_time": "2019-12-02 12:39:45.000 CET"
          }
        },
        {
          "preview": false,
          "offset": 56,
          "result": {
            "target_name": "pieter.vanwijk",
            "target_domain": "MDW",
            "_bkt": "ix_windows_p~26~2A6C3041-42AA-49EA-8AED-EAED89B54858",
            "_cd": "26:26828246",
            "_indextime": "1575276392",
            "_pre_msg": "12/02/2019 09:46:34 AM\nLogName=Security\nSourceName=Microsoft Windows security auditing.\nEventCode=4720\nEventType=0\nType=Information\nComputerName=MDWDC02.medewerkers.ad.hvu.nl\nTaskCategory=User Account Management\nOpCode=Info\nRecordNumber=3761967085\nKeywords=Audit Success",
            "_raw": "12/02/2019 09:46:34 AM\nLogName=Security\nSourceName=Microsoft Windows security auditing.\nEventCode=4720\nEventType=0\nType=Information\nComputerName=MDWDC02.medewerkers.ad.hvu.nl\nTaskCategory=User Account Management\nOpCode=Info\nRecordNumber=3761967085\nKeywords=Audit Success\nMessage=A user account was created.\r\n\r\nSubject:\r\n\tSecurity ID:\t\tS-1-5-21-1757436266-1070379326-1452763161-46562\r\n\tAccount Name:\t\tsa-FIMADMA\r\n\tAccount Domain:\t\tMDW\r\n\tLogon ID:\t\t0x3C380649\r\n\r\nNew Account:\r\n\tSecurity ID:\t\tS-1-5-21-1757436266-1070379326-1452763161-136180\r\n\tAccount Name:\t\tpieter.vanwijk\r\n\tAccount Domain:\t\tMDW\r\n\r\nAttributes:\r\n\tSAM Account Name:\tpieter.vanwijk\r\n\tDisplay Name:\t\tPieter van Wijk\r\n\tUser Principal Name:\tpieter.vanwijk@hu.nl\r\n\tHome Directory:\t\t\\\\medewerkers.ad.hvu.nl\\dfs\\Users\\FG\\pieter.vanwijk\r\n\tHome Drive:\t\tH:\r\n\tScript Path:\t\t-\r\n\tProfile Path:\t\t-\r\n\tUser Workstations:\t-\r\n\tPassword Last Set:\t<never>\r\n\tAccount Expires:\t\t12/15/2019 12:00:00 AM\r\n\tPrimary Group ID:\t513\r\n\tAllowed To Delegate To:\t-\r\n\tOld UAC Value:\t\t0x0\r\n\tNew UAC Value:\t\t0x11\r\n\tUser Account Control:\t\r\n\t\tAccount Disabled\r\n\t\t'Normal Account' - Enabled\r\n\tUser Parameters:\t-\r\n\tSID History:\t\t-\r\n\tLogon Hours:\t\t<value not set>\r\n\r\nAdditional Information:\r\n\tPrivileges\t\t-",
            "_serial": "28",
            "_si": [
              "cenlog06.srv.hu.nl",
              "ix_windows_p"
            ],
            "_sourcetype": "WinEventLog:Security",
            "_time": "2019-12-02 09:46:34.000 CET"
          }
        },
        {
          "preview": false,
          "offset": 57,
          "result": {
            "target_name": "leonore.koerselman",
            "target_domain": "MDW",
            "_bkt": "ix_windows_p~26~2A6C3041-42AA-49EA-8AED-EAED89B54858",
            "_cd": "26:26827593",
            "_indextime": "1575276392",
            "_pre_msg": "12/02/2019 09:46:34 AM\nLogName=Security\nSourceName=Microsoft Windows security auditing.\nEventCode=4720\nEventType=0\nType=Information\nComputerName=MDWDC02.medewerkers.ad.hvu.nl\nTaskCategory=User Account Management\nOpCode=Info\nRecordNumber=3761967068\nKeywords=Audit Success",
            "_raw": "12/02/2019 09:46:34 AM\nLogName=Security\nSourceName=Microsoft Windows security auditing.\nEventCode=4720\nEventType=0\nType=Information\nComputerName=MDWDC02.medewerkers.ad.hvu.nl\nTaskCategory=User Account Management\nOpCode=Info\nRecordNumber=3761967068\nKeywords=Audit Success\nMessage=A user account was created.\r\n\r\nSubject:\r\n\tSecurity ID:\t\tS-1-5-21-1757436266-1070379326-1452763161-46562\r\n\tAccount Name:\t\tsa-FIMADMA\r\n\tAccount Domain:\t\tMDW\r\n\tLogon ID:\t\t0x3C380649\r\n\r\nNew Account:\r\n\tSecurity ID:\t\tS-1-5-21-1757436266-1070379326-1452763161-136179\r\n\tAccount Name:\t\tleonore.koerselman\r\n\tAccount Domain:\t\tMDW\r\n\r\nAttributes:\r\n\tSAM Account Name:\tleonore.koerselman\r\n\tDisplay Name:\t\tLeonore Koerselman\r\n\tUser Principal Name:\tleonore.koerselman@hu.nl\r\n\tHome Directory:\t\t-\r\n\tHome Drive:\t\t-\r\n\tScript Path:\t\t-\r\n\tProfile Path:\t\t-\r\n\tUser Workstations:\t-\r\n\tPassword Last Set:\t<never>\r\n\tAccount Expires:\t\t11/20/2020 12:00:00 AM\r\n\tPrimary Group ID:\t513\r\n\tAllowed To Delegate To:\t-\r\n\tOld UAC Value:\t\t0x0\r\n\tNew UAC Value:\t\t0x11\r\n\tUser Account Control:\t\r\n\t\tAccount Disabled\r\n\t\t'Normal Account' - Enabled\r\n\tUser Parameters:\t-\r\n\tSID History:\t\t-\r\n\tLogon Hours:\t\t<value not set>\r\n\r\nAdditional Information:\r\n\tPrivileges\t\t-",
            "_serial": "29",
            "_si": [
              "cenlog06.srv.hu.nl",
              "ix_windows_p"
            ],
            "_sourcetype": "WinEventLog:Security",
            "_time": "2019-12-02 09:46:34.000 CET"
          }
        },
        {
          "preview": false,
          "offset": 58,
          "result": {
            "target_name": "rutger.kroeze",
            "target_domain": "MDW",
            "_bkt": "ix_windows_p~26~2A6C3041-42AA-49EA-8AED-EAED89B54858",
            "_cd": "26:26826978",
            "_indextime": "1575276392",
            "_pre_msg": "12/02/2019 09:46:34 AM\nLogName=Security\nSourceName=Microsoft Windows security auditing.\nEventCode=4720\nEventType=0\nType=Information\nComputerName=MDWDC02.medewerkers.ad.hvu.nl\nTaskCategory=User Account Management\nOpCode=Info\nRecordNumber=3761967051\nKeywords=Audit Success",
            "_raw": "12/02/2019 09:46:34 AM\nLogName=Security\nSourceName=Microsoft Windows security auditing.\nEventCode=4720\nEventType=0\nType=Information\nComputerName=MDWDC02.medewerkers.ad.hvu.nl\nTaskCategory=User Account Management\nOpCode=Info\nRecordNumber=3761967051\nKeywords=Audit Success\nMessage=A user account was created.\r\n\r\nSubject:\r\n\tSecurity ID:\t\tS-1-5-21-1757436266-1070379326-1452763161-46562\r\n\tAccount Name:\t\tsa-FIMADMA\r\n\tAccount Domain:\t\tMDW\r\n\tLogon ID:\t\t0x3C380649\r\n\r\nNew Account:\r\n\tSecurity ID:\t\tS-1-5-21-1757436266-1070379326-1452763161-136178\r\n\tAccount Name:\t\trutger.kroeze\r\n\tAccount Domain:\t\tMDW\r\n\r\nAttributes:\r\n\tSAM Account Name:\trutger.kroeze\r\n\tDisplay Name:\t\tRutger Kroeze\r\n\tUser Principal Name:\trutger.kroeze@hu.nl\r\n\tHome Directory:\t\t\\\\medewerkers.ad.hvu.nl\\dfs\\Users\\FNT\\rutger.kroeze\r\n\tHome Drive:\t\tH:\r\n\tScript Path:\t\t-\r\n\tProfile Path:\t\t-\r\n\tUser Workstations:\t-\r\n\tPassword Last Set:\t<never>\r\n\tAccount Expires:\t\t1/1/2020 12:00:00 AM\r\n\tPrimary Group ID:\t513\r\n\tAllowed To Delegate To:\t-\r\n\tOld UAC Value:\t\t0x0\r\n\tNew UAC Value:\t\t0x11\r\n\tUser Account Control:\t\r\n\t\tAccount Disabled\r\n\t\t'Normal Account' - Enabled\r\n\tUser Parameters:\t-\r\n\tSID History:\t\t-\r\n\tLogon Hours:\t\t<value not set>\r\n\r\nAdditional Information:\r\n\tPrivileges\t\t-",
            "_serial": "30",
            "_si": [
              "cenlog06.srv.hu.nl",
              "ix_windows_p"
            ],
            "_sourcetype": "WinEventLog:Security",
            "_time": "2019-12-02 09:46:34.000 CET"
          }
        },
        {
          "preview": false,
          "offset": 59,
          "result": {
            "target_name": "marieke.wijnbergen",
            "target_domain": "MDW",
            "_bkt": "ix_windows_p~26~2A6C3041-42AA-49EA-8AED-EAED89B54858",
            "_cd": "26:26826728",
            "_indextime": "1575276392",
            "_pre_msg": "12/02/2019 09:46:34 AM\nLogName=Security\nSourceName=Microsoft Windows security auditing.\nEventCode=4720\nEventType=0\nType=Information\nComputerName=MDWDC02.medewerkers.ad.hvu.nl\nTaskCategory=User Account Management\nOpCode=Info\nRecordNumber=3761967042\nKeywords=Audit Success",
            "_raw": "12/02/2019 09:46:34 AM\nLogName=Security\nSourceName=Microsoft Windows security auditing.\nEventCode=4720\nEventType=0\nType=Information\nComputerName=MDWDC02.medewerkers.ad.hvu.nl\nTaskCategory=User Account Management\nOpCode=Info\nRecordNumber=3761967042\nKeywords=Audit Success\nMessage=A user account was created.\r\n\r\nSubject:\r\n\tSecurity ID:\t\tS-1-5-21-1757436266-1070379326-1452763161-46562\r\n\tAccount Name:\t\tsa-FIMADMA\r\n\tAccount Domain:\t\tMDW\r\n\tLogon ID:\t\t0x3C380649\r\n\r\nNew Account:\r\n\tSecurity ID:\t\tS-1-5-21-1757436266-1070379326-1452763161-136177\r\n\tAccount Name:\t\tmarieke.wijnbergen\r\n\tAccount Domain:\t\tMDW\r\n\r\nAttributes:\r\n\tSAM Account Name:\tmarieke.wijnbergen\r\n\tDisplay Name:\t\tMarieke Wijnbergen\r\n\tUser Principal Name:\tmarieke.wijnbergen@hu.nl\r\n\tHome Directory:\t\t\\\\medewerkers.ad.hvu.nl\\dfs\\Users\\FE\\marieke.wijnbergen\r\n\tHome Drive:\t\tH:\r\n\tScript Path:\t\t-\r\n\tProfile Path:\t\t-\r\n\tUser Workstations:\t-\r\n\tPassword Last Set:\t<never>\r\n\tAccount Expires:\t\t1/22/2020 12:00:00 AM\r\n\tPrimary Group ID:\t513\r\n\tAllowed To Delegate To:\t-\r\n\tOld UAC Value:\t\t0x0\r\n\tNew UAC Value:\t\t0x11\r\n\tUser Account Control:\t\r\n\t\tAccount Disabled\r\n\t\t'Normal Account' - Enabled\r\n\tUser Parameters:\t-\r\n\tSID History:\t\t-\r\n\tLogon Hours:\t\t<value not set>\r\n\r\nAdditional Information:\r\n\tPrivileges\t\t-",
            "_serial": "31",
            "_si": [
              "cenlog06.srv.hu.nl",
              "ix_windows_p"
            ],
            "_sourcetype": "WinEventLog:Security",
            "_time": "2019-12-02 09:46:34.000 CET"
          }
        },
        {
          "preview": false,
          "offset": 60,
          "result": {
            "target_name": "tijmen.hommes",
            "target_domain": "MDW",
            "_bkt": "ix_windows_p~26~2A6C3041-42AA-49EA-8AED-EAED89B54858",
            "_cd": "26:26826368",
            "_indextime": "1575276392",
            "_pre_msg": "12/02/2019 09:46:34 AM\nLogName=Security\nSourceName=Microsoft Windows security auditing.\nEventCode=4720\nEventType=0\nType=Information\nComputerName=MDWDC02.medewerkers.ad.hvu.nl\nTaskCategory=User Account Management\nOpCode=Info\nRecordNumber=3761967030\nKeywords=Audit Success",
            "_raw": "12/02/2019 09:46:34 AM\nLogName=Security\nSourceName=Microsoft Windows security auditing.\nEventCode=4720\nEventType=0\nType=Information\nComputerName=MDWDC02.medewerkers.ad.hvu.nl\nTaskCategory=User Account Management\nOpCode=Info\nRecordNumber=3761967030\nKeywords=Audit Success\nMessage=A user account was created.\r\n\r\nSubject:\r\n\tSecurity ID:\t\tS-1-5-21-1757436266-1070379326-1452763161-46562\r\n\tAccount Name:\t\tsa-FIMADMA\r\n\tAccount Domain:\t\tMDW\r\n\tLogon ID:\t\t0x3C380649\r\n\r\nNew Account:\r\n\tSecurity ID:\t\tS-1-5-21-1757436266-1070379326-1452763161-136176\r\n\tAccount Name:\t\ttijmen.hommes\r\n\tAccount Domain:\t\tMDW\r\n\r\nAttributes:\r\n\tSAM Account Name:\ttijmen.hommes\r\n\tDisplay Name:\t\tTijmen Hommes\r\n\tUser Principal Name:\ttijmen.hommes@hu.nl\r\n\tHome Directory:\t\t\\\\medewerkers.ad.hvu.nl\\dfs\\Users\\FG\\tijmen.hommes\r\n\tHome Drive:\t\tH:\r\n\tScript Path:\t\t-\r\n\tProfile Path:\t\t-\r\n\tUser Workstations:\t-\r\n\tPassword Last Set:\t<never>\r\n\tAccount Expires:\t\t12/27/2019 12:00:00 AM\r\n\tPrimary Group ID:\t513\r\n\tAllowed To Delegate To:\t-\r\n\tOld UAC Value:\t\t0x0\r\n\tNew UAC Value:\t\t0x11\r\n\tUser Account Control:\t\r\n\t\tAccount Disabled\r\n\t\t'Normal Account' - Enabled\r\n\tUser Parameters:\t-\r\n\tSID History:\t\t-\r\n\tLogon Hours:\t\t<value not set>\r\n\r\nAdditional Information:\r\n\tPrivileges\t\t-",
            "_serial": "32",
            "_si": [
              "cenlog06.srv.hu.nl",
              "ix_windows_p"
            ],
            "_sourcetype": "WinEventLog:Security",
            "_time": "2019-12-02 09:46:34.000 CET"
          }
        },
        {
          "preview": false,
          "offset": 61,
          "result": {
            "target_name": "gerben.gerbenstoffel",
            "target_domain": "MDW",
            "_bkt": "ix_windows_p~26~2A6C3041-42AA-49EA-8AED-EAED89B54858",
            "_cd": "26:26825924",
            "_indextime": "1575276392",
            "_pre_msg": "12/02/2019 09:46:33 AM\nLogName=Security\nSourceName=Microsoft Windows security auditing.\nEventCode=4720\nEventType=0\nType=Information\nComputerName=MDWDC02.medewerkers.ad.hvu.nl\nTaskCategory=User Account Management\nOpCode=Info\nRecordNumber=3761967016\nKeywords=Audit Success",
            "_raw": "12/02/2019 09:46:33 AM\nLogName=Security\nSourceName=Microsoft Windows security auditing.\nEventCode=4720\nEventType=0\nType=Information\nComputerName=MDWDC02.medewerkers.ad.hvu.nl\nTaskCategory=User Account Management\nOpCode=Info\nRecordNumber=3761967016\nKeywords=Audit Success\nMessage=A user account was created.\r\n\r\nSubject:\r\n\tSecurity ID:\t\tS-1-5-21-1757436266-1070379326-1452763161-46562\r\n\tAccount Name:\t\tsa-FIMADMA\r\n\tAccount Domain:\t\tMDW\r\n\tLogon ID:\t\t0x3C380649\r\n\r\nNew Account:\r\n\tSecurity ID:\t\tS-1-5-21-1757436266-1070379326-1452763161-136175\r\n\tAccount Name:\t\tgerben.gerbenstoffel\r\n\tAccount Domain:\t\tMDW\r\n\r\nAttributes:\r\n\tSAM Account Name:\tgerben.gerbenstoffel\r\n\tDisplay Name:\t\tGerben Gerben Stoffels\r\n\tUser Principal Name:\tgerben.gerbenstoffels@hu.nl\r\n\tHome Directory:\t\t\\\\medewerkers.ad.hvu.nl\\dfs\\Users\\FNT\\gerben.gerbenstoffels\r\n\tHome Drive:\t\tH:\r\n\tScript Path:\t\t-\r\n\tProfile Path:\t\t-\r\n\tUser Workstations:\t-\r\n\tPassword Last Set:\t<never>\r\n\tAccount Expires:\t\t1/1/2020 12:00:00 AM\r\n\tPrimary Group ID:\t513\r\n\tAllowed To Delegate To:\t-\r\n\tOld UAC Value:\t\t0x0\r\n\tNew UAC Value:\t\t0x11\r\n\tUser Account Control:\t\r\n\t\tAccount Disabled\r\n\t\t'Normal Account' - Enabled\r\n\tUser Parameters:\t-\r\n\tSID History:\t\t-\r\n\tLogon Hours:\t\t<value not set>\r\n\r\nAdditional Information:\r\n\tPrivileges\t\t-",
            "_serial": "33",
            "_si": [
              "cenlog06.srv.hu.nl",
              "ix_windows_p"
            ],
            "_sourcetype": "WinEventLog:Security",
            "_time": "2019-12-02 09:46:33.000 CET"
          }
        },
        {
          "preview": false,
          "offset": 62,
          "result": {
            "target_name": "monique.vandervoet",
            "target_domain": "MDW",
            "_bkt": "ix_windows_p~26~2A6C3041-42AA-49EA-8AED-EAED89B54858",
            "_cd": "26:26825190",
            "_indextime": "1575276392",
            "_pre_msg": "12/02/2019 09:46:33 AM\nLogName=Security\nSourceName=Microsoft Windows security auditing.\nEventCode=4720\nEventType=0\nType=Information\nComputerName=MDWDC02.medewerkers.ad.hvu.nl\nTaskCategory=User Account Management\nOpCode=Info\nRecordNumber=3761966993\nKeywords=Audit Success",
            "_raw": "12/02/2019 09:46:33 AM\nLogName=Security\nSourceName=Microsoft Windows security auditing.\nEventCode=4720\nEventType=0\nType=Information\nComputerName=MDWDC02.medewerkers.ad.hvu.nl\nTaskCategory=User Account Management\nOpCode=Info\nRecordNumber=3761966993\nKeywords=Audit Success\nMessage=A user account was created.\r\n\r\nSubject:\r\n\tSecurity ID:\t\tS-1-5-21-1757436266-1070379326-1452763161-46562\r\n\tAccount Name:\t\tsa-FIMADMA\r\n\tAccount Domain:\t\tMDW\r\n\tLogon ID:\t\t0x3C380649\r\n\r\nNew Account:\r\n\tSecurity ID:\t\tS-1-5-21-1757436266-1070379326-1452763161-136174\r\n\tAccount Name:\t\tmonique.vandervoet\r\n\tAccount Domain:\t\tMDW\r\n\r\nAttributes:\r\n\tSAM Account Name:\tmonique.vandervoet\r\n\tDisplay Name:\t\tMonique van der Voet\r\n\tUser Principal Name:\tmonique.vandervoet@hu.nl\r\n\tHome Directory:\t\t\\\\medewerkers.ad.hvu.nl\\dfs\\Users\\FNT\\monique.vandervoet\r\n\tHome Drive:\t\tH:\r\n\tScript Path:\t\t-\r\n\tProfile Path:\t\t-\r\n\tUser Workstations:\t-\r\n\tPassword Last Set:\t<never>\r\n\tAccount Expires:\t\t1/23/2021 12:00:00 AM\r\n\tPrimary Group ID:\t513\r\n\tAllowed To Delegate To:\t-\r\n\tOld UAC Value:\t\t0x0\r\n\tNew UAC Value:\t\t0x11\r\n\tUser Account Control:\t\r\n\t\tAccount Disabled\r\n\t\t'Normal Account' - Enabled\r\n\tUser Parameters:\t-\r\n\tSID History:\t\t-\r\n\tLogon Hours:\t\t<value not set>\r\n\r\nAdditional Information:\r\n\tPrivileges\t\t-",
            "_serial": "34",
            "_si": [
              "cenlog06.srv.hu.nl",
              "ix_windows_p"
            ],
            "_sourcetype": "WinEventLog:Security",
            "_time": "2019-12-02 09:46:33.000 CET"
          }
        },
        {
          "preview": false,
          "offset": 63,
          "result": {
            "target_name": "jesus.arellanospadar",
            "target_domain": "MDW",
            "_bkt": "ix_windows_p~26~2A6C3041-42AA-49EA-8AED-EAED89B54858",
            "_cd": "26:26824144",
            "_indextime": "1575276391",
            "_pre_msg": "12/02/2019 09:46:33 AM\nLogName=Security\nSourceName=Microsoft Windows security auditing.\nEventCode=4720\nEventType=0\nType=Information\nComputerName=MDWDC02.medewerkers.ad.hvu.nl\nTaskCategory=User Account Management\nOpCode=Info\nRecordNumber=3761966973\nKeywords=Audit Success",
            "_raw": "12/02/2019 09:46:33 AM\nLogName=Security\nSourceName=Microsoft Windows security auditing.\nEventCode=4720\nEventType=0\nType=Information\nComputerName=MDWDC02.medewerkers.ad.hvu.nl\nTaskCategory=User Account Management\nOpCode=Info\nRecordNumber=3761966973\nKeywords=Audit Success\nMessage=A user account was created.\r\n\r\nSubject:\r\n\tSecurity ID:\t\tS-1-5-21-1757436266-1070379326-1452763161-46562\r\n\tAccount Name:\t\tsa-FIMADMA\r\n\tAccount Domain:\t\tMDW\r\n\tLogon ID:\t\t0x3C380649\r\n\r\nNew Account:\r\n\tSecurity ID:\t\tS-1-5-21-1757436266-1070379326-1452763161-136173\r\n\tAccount Name:\t\tjesus.arellanospadar\r\n\tAccount Domain:\t\tMDW\r\n\r\nAttributes:\r\n\tSAM Account Name:\tjesus.arellanospadar\r\n\tDisplay Name:\t\tJesus Arellano Spadaro\r\n\tUser Principal Name:\tjesus.arellanospadaro@hu.nl\r\n\tHome Directory:\t\t\\\\medewerkers.ad.hvu.nl\\dfs\\Users\\FNT\\jesus.arellanospadaro\r\n\tHome Drive:\t\tH:\r\n\tScript Path:\t\t-\r\n\tProfile Path:\t\t-\r\n\tUser Workstations:\t-\r\n\tPassword Last Set:\t<never>\r\n\tAccount Expires:\t\t1/23/2021 12:00:00 AM\r\n\tPrimary Group ID:\t513\r\n\tAllowed To Delegate To:\t-\r\n\tOld UAC Value:\t\t0x0\r\n\tNew UAC Value:\t\t0x11\r\n\tUser Account Control:\t\r\n\t\tAccount Disabled\r\n\t\t'Normal Account' - Enabled\r\n\tUser Parameters:\t-\r\n\tSID History:\t\t-\r\n\tLogon Hours:\t\t<value not set>\r\n\r\nAdditional Information:\r\n\tPrivileges\t\t-",
            "_serial": "35",
            "_si": [
              "cenlog06.srv.hu.nl",
              "ix_windows_p"
            ],
            "_sourcetype": "WinEventLog:Security",
            "_time": "2019-12-02 09:46:33.000 CET"
          }
        },
        {
          "preview": false,
          "offset": 64,
          "result": {
            "target_name": "ingeborg.i.vanoverbe",
            "target_domain": "MDW",
            "_bkt": "ix_windows_p~25~B570ACA6-898E-40F9-AF47-0EC0E5D830DE",
            "_cd": "25:829101167",
            "_indextime": "1575253532",
            "_pre_msg": "12/02/2019 03:25:31 AM\nLogName=Security\nSourceName=Microsoft Windows security auditing.\nEventCode=4720\nEventType=0\nType=Information\nComputerName=MDWDC02.medewerkers.ad.hvu.nl\nTaskCategory=User Account Management\nOpCode=Info\nRecordNumber=3761028043\nKeywords=Audit Success",
            "_raw": "12/02/2019 03:25:31 AM\nLogName=Security\nSourceName=Microsoft Windows security auditing.\nEventCode=4720\nEventType=0\nType=Information\nComputerName=MDWDC02.medewerkers.ad.hvu.nl\nTaskCategory=User Account Management\nOpCode=Info\nRecordNumber=3761028043\nKeywords=Audit Success\nMessage=A user account was created.\r\n\r\nSubject:\r\n\tSecurity ID:\t\tS-1-5-21-1757436266-1070379326-1452763161-46562\r\n\tAccount Name:\t\tsa-FIMADMA\r\n\tAccount Domain:\t\tMDW\r\n\tLogon ID:\t\t0x38FF7F16\r\n\r\nNew Account:\r\n\tSecurity ID:\t\tS-1-5-21-1757436266-1070379326-1452763161-136172\r\n\tAccount Name:\t\tingeborg.i.vanoverbe\r\n\tAccount Domain:\t\tMDW\r\n\r\nAttributes:\r\n\tSAM Account Name:\tingeborg.i.vanoverbe\r\n\tDisplay Name:\t\tIngeborg van Overbeeke\r\n\tUser Principal Name:\tingeborg.i.vanoverbeeke@hu.nl\r\n\tHome Directory:\t\t\\\\medewerkers.ad.hvu.nl\\dfs\\Users\\FMR\\ingeborg.i.vanoverbeeke\r\n\tHome Drive:\t\tH:\r\n\tScript Path:\t\t-\r\n\tProfile Path:\t\t-\r\n\tUser Workstations:\t-\r\n\tPassword Last Set:\t<never>\r\n\tAccount Expires:\t\t2/9/2020 12:00:00 AM\r\n\tPrimary Group ID:\t513\r\n\tAllowed To Delegate To:\t-\r\n\tOld UAC Value:\t\t0x0\r\n\tNew UAC Value:\t\t0x11\r\n\tUser Account Control:\t\r\n\t\tAccount Disabled\r\n\t\t'Normal Account' - Enabled\r\n\tUser Parameters:\t-\r\n\tSID History:\t\t-\r\n\tLogon Hours:\t\t<value not set>\r\n\r\nAdditional Information:\r\n\tPrivileges\t\t-",
            "_serial": "28",
            "_si": [
              "cenlog07.srv.hu.nl",
              "ix_windows_p"
            ],
            "_sourcetype": "WinEventLog:Security",
            "_time": "2019-12-02 03:25:31.000 CET"
          }
        },
        {
          "preview": false,
          "offset": 65,
          "result": {
            "target_name": "1776661",
            "target_domain": "STD",
            "_bkt": "ix_windows_p~25~2A6C3041-42AA-49EA-8AED-EAED89B54858",
            "_cd": "25:825854826",
            "_indextime": "1575251793",
            "_pre_msg": "12/02/2019 02:56:34 AM\nLogName=Security\nSourceName=Microsoft Windows security auditing.\nEventCode=4720\nEventType=0\nType=Information\nComputerName=STDDC01.studenten.ad.hvu.nl\nTaskCategory=User Account Management\nOpCode=Info\nRecordNumber=1339421812\nKeywords=Audit Success",
            "_raw": "12/02/2019 02:56:34 AM\nLogName=Security\nSourceName=Microsoft Windows security auditing.\nEventCode=4720\nEventType=0\nType=Information\nComputerName=STDDC01.studenten.ad.hvu.nl\nTaskCategory=User Account Management\nOpCode=Info\nRecordNumber=1339421812\nKeywords=Audit Success\nMessage=A user account was created.\r\n\r\nSubject:\r\n\tSecurity ID:\t\tSTD\\sa-fimadmastd\r\n\tAccount Name:\t\tsa-fimadmastd\r\n\tAccount Domain:\t\tSTD\r\n\tLogon ID:\t\t0x5D9C6C0B\r\n\r\nNew Account:\r\n\tSecurity ID:\t\tSTD\\1776661\r\n\tAccount Name:\t\t1776661\r\n\tAccount Domain:\t\tSTD\r\n\r\nAttributes:\r\n\tSAM Account Name:\t1776661\r\n\tDisplay Name:\t\tTanisha Sjardijn Sjardijn\r\n\tUser Principal Name:\ttanishasjardijn.sjardijn@student.hu.nl\r\n\tHome Directory:\t\t\\\\studenten.ad.hvu.nl\\dfs\\users\\fcj\\scom\\1776661\r\n\tHome Drive:\t\tH:\r\n\tScript Path:\t\t-\r\n\tProfile Path:\t\t-\r\n\tUser Workstations:\t-\r\n\tPassword Last Set:\t<never>\r\n\tAccount Expires:\t\t<never>\r\n\tPrimary Group ID:\t513\r\n\tAllowed To Delegate To:\t-\r\n\tOld UAC Value:\t\t0x0\r\n\tNew UAC Value:\t\t0x11\r\n\tUser Account Control:\t\r\n\t\tAccount Disabled\r\n\t\t'Normal Account' - Enabled\r\n\tUser Parameters:\t-\r\n\tSID History:\t\t-\r\n\tLogon Hours:\t\t<value not set>\r\n\r\nAdditional Information:\r\n\tPrivileges\t\t-",
            "_serial": "36",
            "_si": [
              "cenlog06.srv.hu.nl",
              "ix_windows_p"
            ],
            "_sourcetype": "WinEventLog:Security",
            "_time": "2019-12-02 02:56:34.000 CET"
          }
        },
        {
          "preview": false,
          "offset": 66,
          "result": {
            "target_name": "1776657",
            "target_domain": "STD",
            "_bkt": "ix_windows_p~25~2A6C3041-42AA-49EA-8AED-EAED89B54858",
            "_cd": "25:825854559",
            "_indextime": "1575251793",
            "_pre_msg": "12/02/2019 02:56:34 AM\nLogName=Security\nSourceName=Microsoft Windows security auditing.\nEventCode=4720\nEventType=0\nType=Information\nComputerName=STDDC01.studenten.ad.hvu.nl\nTaskCategory=User Account Management\nOpCode=Info\nRecordNumber=1339421803\nKeywords=Audit Success",
