            "_raw": "11/30/2019 03:39:05 AM\nLogName=Security\nSourceName=Microsoft Windows security auditing.\nEventCode=4720\nEventType=0\nType=Information\nComputerName=STDDC01.studenten.ad.hvu.nl\nTaskCategory=User Account Management\nOpCode=Info\nRecordNumber=1336793583\nKeywords=Audit Success\nMessage=A user account was created.\r\n\r\nSubject:\r\n\tSecurity ID:\t\tSTD\\sa-fimadmastd\r\n\tAccount Name:\t\tsa-fimadmastd\r\n\tAccount Domain:\t\tSTD\r\n\tLogon ID:\t\t0x3D9566CA\r\n\r\nNew Account:\r\n\tSecurity ID:\t\tSTD\\1776573\r\n\tAccount Name:\t\t1776573\r\n\tAccount Domain:\t\tSTD\r\n\r\nAttributes:\r\n\tSAM Account Name:\t1776573\r\n\tDisplay Name:\t\tAnna Duggal\r\n\tUser Principal Name:\tanna.duggal@student.hu.nl\r\n\tHome Directory:\t\t\\\\studenten.ad.hvu.nl\\dfs\\users\\fmr\\1776573\r\n\tHome Drive:\t\tH:\r\n\tScript Path:\t\t-\r\n\tProfile Path:\t\t-\r\n\tUser Workstations:\t-\r\n\tPassword Last Set:\t<never>\r\n\tAccount Expires:\t\t<never>\r\n\tPrimary Group ID:\t513\r\n\tAllowed To Delegate To:\t-\r\n\tOld UAC Value:\t\t0x0\r\n\tNew UAC Value:\t\t0x11\r\n\tUser Account Control:\t\r\n\t\tAccount Disabled\r\n\t\t'Normal Account' - Enabled\r\n\tUser Parameters:\t-\r\n\tSID History:\t\t-\r\n\tLogon Hours:\t\t<value not set>\r\n\r\nAdditional Information:\r\n\tPrivileges\t\t-",
            "_serial": "54",
            "_si": [
              "cenlog06.srv.hu.nl",
              "ix_windows_p"
            ],
            "_sourcetype": "WinEventLog:Security",
            "_time": "2019-11-30 03:39:05.000 CET"
          }
        },
        {
          "preview": false,
          "offset": 89,
          "result": {
            "target_name": "1776571",
            "target_domain": "STD",
            "_bkt": "ix_windows_p~25~2A6C3041-42AA-49EA-8AED-EAED89B54858",
            "_cd": "25:452300532",
            "_indextime": "1575081543",
            "_pre_msg": "11/30/2019 03:39:04 AM\nLogName=Security\nSourceName=Microsoft Windows security auditing.\nEventCode=4720\nEventType=0\nType=Information\nComputerName=STDDC01.studenten.ad.hvu.nl\nTaskCategory=User Account Management\nOpCode=Info\nRecordNumber=1336793573\nKeywords=Audit Success",
            "_raw": "11/30/2019 03:39:04 AM\nLogName=Security\nSourceName=Microsoft Windows security auditing.\nEventCode=4720\nEventType=0\nType=Information\nComputerName=STDDC01.studenten.ad.hvu.nl\nTaskCategory=User Account Management\nOpCode=Info\nRecordNumber=1336793573\nKeywords=Audit Success\nMessage=A user account was created.\r\n\r\nSubject:\r\n\tSecurity ID:\t\tSTD\\sa-fimadmastd\r\n\tAccount Name:\t\tsa-fimadmastd\r\n\tAccount Domain:\t\tSTD\r\n\tLogon ID:\t\t0x3D9566CA\r\n\r\nNew Account:\r\n\tSecurity ID:\t\tSTD\\1776571\r\n\tAccount Name:\t\t1776571\r\n\tAccount Domain:\t\tSTD\r\n\r\nAttributes:\r\n\tSAM Account Name:\t1776571\r\n\tDisplay Name:\t\tTom den Otter\r\n\tUser Principal Name:\ttom.denotter@student.hu.nl\r\n\tHome Directory:\t\t\\\\studenten.ad.hvu.nl\\dfs\\users\\fmr\\1776571\r\n\tHome Drive:\t\tH:\r\n\tScript Path:\t\t-\r\n\tProfile Path:\t\t-\r\n\tUser Workstations:\t-\r\n\tPassword Last Set:\t<never>\r\n\tAccount Expires:\t\t<never>\r\n\tPrimary Group ID:\t513\r\n\tAllowed To Delegate To:\t-\r\n\tOld UAC Value:\t\t0x0\r\n\tNew UAC Value:\t\t0x11\r\n\tUser Account Control:\t\r\n\t\tAccount Disabled\r\n\t\t'Normal Account' - Enabled\r\n\tUser Parameters:\t-\r\n\tSID History:\t\t-\r\n\tLogon Hours:\t\t<value not set>\r\n\r\nAdditional Information:\r\n\tPrivileges\t\t-",
            "_serial": "55",
            "_si": [
              "cenlog06.srv.hu.nl",
              "ix_windows_p"
            ],
            "_sourcetype": "WinEventLog:Security",
            "_time": "2019-11-30 03:39:04.000 CET"
          }
        },
        {
          "preview": false,
          "offset": 90,
          "result": {
            "target_name": "1776565",
            "target_domain": "STD",
            "_bkt": "ix_windows_p~25~2A6C3041-42AA-49EA-8AED-EAED89B54858",
            "_cd": "25:452300099",
            "_indextime": "1575081543",
            "_pre_msg": "11/30/2019 03:39:04 AM\nLogName=Security\nSourceName=Microsoft Windows security auditing.\nEventCode=4720\nEventType=0\nType=Information\nComputerName=STDDC01.studenten.ad.hvu.nl\nTaskCategory=User Account Management\nOpCode=Info\nRecordNumber=1336793561\nKeywords=Audit Success",
            "_raw": "11/30/2019 03:39:04 AM\nLogName=Security\nSourceName=Microsoft Windows security auditing.\nEventCode=4720\nEventType=0\nType=Information\nComputerName=STDDC01.studenten.ad.hvu.nl\nTaskCategory=User Account Management\nOpCode=Info\nRecordNumber=1336793561\nKeywords=Audit Success\nMessage=A user account was created.\r\n\r\nSubject:\r\n\tSecurity ID:\t\tSTD\\sa-fimadmastd\r\n\tAccount Name:\t\tsa-fimadmastd\r\n\tAccount Domain:\t\tSTD\r\n\tLogon ID:\t\t0x3D9566CA\r\n\r\nNew Account:\r\n\tSecurity ID:\t\tSTD\\1776565\r\n\tAccount Name:\t\t1776565\r\n\tAccount Domain:\t\tSTD\r\n\r\nAttributes:\r\n\tSAM Account Name:\t1776565\r\n\tDisplay Name:\t\tMaaike Aartsen\r\n\tUser Principal Name:\tmaaike.aartsen@student.hu.nl\r\n\tHome Directory:\t\t\\\\studenten.ad.hvu.nl\\dfs\\users\\fg\\1776565\r\n\tHome Drive:\t\tH:\r\n\tScript Path:\t\t-\r\n\tProfile Path:\t\t-\r\n\tUser Workstations:\t-\r\n\tPassword Last Set:\t<never>\r\n\tAccount Expires:\t\t<never>\r\n\tPrimary Group ID:\t513\r\n\tAllowed To Delegate To:\t-\r\n\tOld UAC Value:\t\t0x0\r\n\tNew UAC Value:\t\t0x11\r\n\tUser Account Control:\t\r\n\t\tAccount Disabled\r\n\t\t'Normal Account' - Enabled\r\n\tUser Parameters:\t-\r\n\tSID History:\t\t-\r\n\tLogon Hours:\t\t<value not set>\r\n\r\nAdditional Information:\r\n\tPrivileges\t\t-",
            "_serial": "56",
            "_si": [
              "cenlog06.srv.hu.nl",
              "ix_windows_p"
            ],
            "_sourcetype": "WinEventLog:Security",
            "_time": "2019-11-30 03:39:04.000 CET"
          }
        },
        {
          "preview": false,
          "offset": 91,
          "result": {
            "target_name": "1776558",
            "target_domain": "STD",
            "_bkt": "ix_windows_p~25~2A6C3041-42AA-49EA-8AED-EAED89B54858",
            "_cd": "25:452299832",
            "_indextime": "1575081543",
            "_pre_msg": "11/30/2019 03:39:04 AM\nLogName=Security\nSourceName=Microsoft Windows security auditing.\nEventCode=4720\nEventType=0\nType=Information\nComputerName=STDDC01.studenten.ad.hvu.nl\nTaskCategory=User Account Management\nOpCode=Info\nRecordNumber=1336793552\nKeywords=Audit Success",
            "_raw": "11/30/2019 03:39:04 AM\nLogName=Security\nSourceName=Microsoft Windows security auditing.\nEventCode=4720\nEventType=0\nType=Information\nComputerName=STDDC01.studenten.ad.hvu.nl\nTaskCategory=User Account Management\nOpCode=Info\nRecordNumber=1336793552\nKeywords=Audit Success\nMessage=A user account was created.\r\n\r\nSubject:\r\n\tSecurity ID:\t\tSTD\\sa-fimadmastd\r\n\tAccount Name:\t\tsa-fimadmastd\r\n\tAccount Domain:\t\tSTD\r\n\tLogon ID:\t\t0x3D9566CA\r\n\r\nNew Account:\r\n\tSecurity ID:\t\tSTD\\1776558\r\n\tAccount Name:\t\t1776558\r\n\tAccount Domain:\t\tSTD\r\n\r\nAttributes:\r\n\tSAM Account Name:\t1776558\r\n\tDisplay Name:\t\tChantal Ramaekers\r\n\tUser Principal Name:\tchantal.ramaekers@student.hu.nl\r\n\tHome Directory:\t\t\\\\studenten.ad.hvu.nl\\dfs\\users\\fg\\1776558\r\n\tHome Drive:\t\tH:\r\n\tScript Path:\t\t-\r\n\tProfile Path:\t\t-\r\n\tUser Workstations:\t-\r\n\tPassword Last Set:\t<never>\r\n\tAccount Expires:\t\t<never>\r\n\tPrimary Group ID:\t513\r\n\tAllowed To Delegate To:\t-\r\n\tOld UAC Value:\t\t0x0\r\n\tNew UAC Value:\t\t0x11\r\n\tUser Account Control:\t\r\n\t\tAccount Disabled\r\n\t\t'Normal Account' - Enabled\r\n\tUser Parameters:\t-\r\n\tSID History:\t\t-\r\n\tLogon Hours:\t\t<value not set>\r\n\r\nAdditional Information:\r\n\tPrivileges\t\t-",
            "_serial": "57",
            "_si": [
              "cenlog06.srv.hu.nl",
              "ix_windows_p"
            ],
            "_sourcetype": "WinEventLog:Security",
            "_time": "2019-11-30 03:39:04.000 CET"
          }
        },
        {
          "preview": false,
          "offset": 92,
          "result": {
            "target_name": "1776557",
            "target_domain": "STD",
            "_bkt": "ix_windows_p~25~2A6C3041-42AA-49EA-8AED-EAED89B54858",
            "_cd": "25:452299565",
            "_indextime": "1575081543",
            "_pre_msg": "11/30/2019 03:39:04 AM\nLogName=Security\nSourceName=Microsoft Windows security auditing.\nEventCode=4720\nEventType=0\nType=Information\nComputerName=STDDC01.studenten.ad.hvu.nl\nTaskCategory=User Account Management\nOpCode=Info\nRecordNumber=1336793543\nKeywords=Audit Success",
            "_raw": "11/30/2019 03:39:04 AM\nLogName=Security\nSourceName=Microsoft Windows security auditing.\nEventCode=4720\nEventType=0\nType=Information\nComputerName=STDDC01.studenten.ad.hvu.nl\nTaskCategory=User Account Management\nOpCode=Info\nRecordNumber=1336793543\nKeywords=Audit Success\nMessage=A user account was created.\r\n\r\nSubject:\r\n\tSecurity ID:\t\tSTD\\sa-fimadmastd\r\n\tAccount Name:\t\tsa-fimadmastd\r\n\tAccount Domain:\t\tSTD\r\n\tLogon ID:\t\t0x3D9566CA\r\n\r\nNew Account:\r\n\tSecurity ID:\t\tSTD\\1776557\r\n\tAccount Name:\t\t1776557\r\n\tAccount Domain:\t\tSTD\r\n\r\nAttributes:\r\n\tSAM Account Name:\t1776557\r\n\tDisplay Name:\t\tStijn van den Boogaard\r\n\tUser Principal Name:\tstijn.vandenboogaard@student.hu.nl\r\n\tHome Directory:\t\t\\\\studenten.ad.hvu.nl\\dfs\\users\\fem\\1776557\r\n\tHome Drive:\t\tH:\r\n\tScript Path:\t\t-\r\n\tProfile Path:\t\t-\r\n\tUser Workstations:\t-\r\n\tPassword Last Set:\t<never>\r\n\tAccount Expires:\t\t<never>\r\n\tPrimary Group ID:\t513\r\n\tAllowed To Delegate To:\t-\r\n\tOld UAC Value:\t\t0x0\r\n\tNew UAC Value:\t\t0x11\r\n\tUser Account Control:\t\r\n\t\tAccount Disabled\r\n\t\t'Normal Account' - Enabled\r\n\tUser Parameters:\t-\r\n\tSID History:\t\t-\r\n\tLogon Hours:\t\t<value not set>\r\n\r\nAdditional Information:\r\n\tPrivileges\t\t-",
            "_serial": "58",
            "_si": [
              "cenlog06.srv.hu.nl",
              "ix_windows_p"
            ],
            "_sourcetype": "WinEventLog:Security",
            "_time": "2019-11-30 03:39:04.000 CET"
          }
        },
        {
          "preview": false,
          "offset": 93,
          "result": {
            "target_name": "1776554",
            "target_domain": "STD",
            "_bkt": "ix_windows_p~25~2A6C3041-42AA-49EA-8AED-EAED89B54858",
            "_cd": "25:452299299",
            "_indextime": "1575081543",
            "_pre_msg": "11/30/2019 03:39:04 AM\nLogName=Security\nSourceName=Microsoft Windows security auditing.\nEventCode=4720\nEventType=0\nType=Information\nComputerName=STDDC01.studenten.ad.hvu.nl\nTaskCategory=User Account Management\nOpCode=Info\nRecordNumber=1336793534\nKeywords=Audit Success",
            "_raw": "11/30/2019 03:39:04 AM\nLogName=Security\nSourceName=Microsoft Windows security auditing.\nEventCode=4720\nEventType=0\nType=Information\nComputerName=STDDC01.studenten.ad.hvu.nl\nTaskCategory=User Account Management\nOpCode=Info\nRecordNumber=1336793534\nKeywords=Audit Success\nMessage=A user account was created.\r\n\r\nSubject:\r\n\tSecurity ID:\t\tSTD\\sa-fimadmastd\r\n\tAccount Name:\t\tsa-fimadmastd\r\n\tAccount Domain:\t\tSTD\r\n\tLogon ID:\t\t0x3D9566CA\r\n\r\nNew Account:\r\n\tSecurity ID:\t\tSTD\\1776554\r\n\tAccount Name:\t\t1776554\r\n\tAccount Domain:\t\tSTD\r\n\r\nAttributes:\r\n\tSAM Account Name:\t1776554\r\n\tDisplay Name:\t\tKubra Oruc\r\n\tUser Principal Name:\tkubra.k.oruc@student.hu.nl\r\n\tHome Directory:\t\t\\\\studenten.ad.hvu.nl\\dfs\\users\\fg\\1776554\r\n\tHome Drive:\t\tH:\r\n\tScript Path:\t\t-\r\n\tProfile Path:\t\t-\r\n\tUser Workstations:\t-\r\n\tPassword Last Set:\t<never>\r\n\tAccount Expires:\t\t<never>\r\n\tPrimary Group ID:\t513\r\n\tAllowed To Delegate To:\t-\r\n\tOld UAC Value:\t\t0x0\r\n\tNew UAC Value:\t\t0x11\r\n\tUser Account Control:\t\r\n\t\tAccount Disabled\r\n\t\t'Normal Account' - Enabled\r\n\tUser Parameters:\t-\r\n\tSID History:\t\t-\r\n\tLogon Hours:\t\t<value not set>\r\n\r\nAdditional Information:\r\n\tPrivileges\t\t-",
            "_serial": "59",
            "_si": [
              "cenlog06.srv.hu.nl",
              "ix_windows_p"
            ],
            "_sourcetype": "WinEventLog:Security",
            "_time": "2019-11-30 03:39:04.000 CET"
          }
        },
        {
          "preview": false,
          "offset": 94,
          "result": {
            "target_name": "1776553",
            "target_domain": "STD",
            "_bkt": "ix_windows_p~25~2A6C3041-42AA-49EA-8AED-EAED89B54858",
            "_cd": "25:452299033",
            "_indextime": "1575081543",
            "_pre_msg": "11/30/2019 03:39:04 AM\nLogName=Security\nSourceName=Microsoft Windows security auditing.\nEventCode=4720\nEventType=0\nType=Information\nComputerName=STDDC01.studenten.ad.hvu.nl\nTaskCategory=User Account Management\nOpCode=Info\nRecordNumber=1336793525\nKeywords=Audit Success",
            "_raw": "11/30/2019 03:39:04 AM\nLogName=Security\nSourceName=Microsoft Windows security auditing.\nEventCode=4720\nEventType=0\nType=Information\nComputerName=STDDC01.studenten.ad.hvu.nl\nTaskCategory=User Account Management\nOpCode=Info\nRecordNumber=1336793525\nKeywords=Audit Success\nMessage=A user account was created.\r\n\r\nSubject:\r\n\tSecurity ID:\t\tSTD\\sa-fimadmastd\r\n\tAccount Name:\t\tsa-fimadmastd\r\n\tAccount Domain:\t\tSTD\r\n\tLogon ID:\t\t0x3D9566CA\r\n\r\nNew Account:\r\n\tSecurity ID:\t\tSTD\\1776553\r\n\tAccount Name:\t\t1776553\r\n\tAccount Domain:\t\tSTD\r\n\r\nAttributes:\r\n\tSAM Account Name:\t1776553\r\n\tDisplay Name:\t\tHamid Ahmadian\r\n\tUser Principal Name:\thamid.ahmadian@student.hu.nl\r\n\tHome Directory:\t\t\\\\studenten.ad.hvu.nl\\dfs\\users\\fg\\1776553\r\n\tHome Drive:\t\tH:\r\n\tScript Path:\t\t-\r\n\tProfile Path:\t\t-\r\n\tUser Workstations:\t-\r\n\tPassword Last Set:\t<never>\r\n\tAccount Expires:\t\t<never>\r\n\tPrimary Group ID:\t513\r\n\tAllowed To Delegate To:\t-\r\n\tOld UAC Value:\t\t0x0\r\n\tNew UAC Value:\t\t0x11\r\n\tUser Account Control:\t\r\n\t\tAccount Disabled\r\n\t\t'Normal Account' - Enabled\r\n\tUser Parameters:\t-\r\n\tSID History:\t\t-\r\n\tLogon Hours:\t\t<value not set>\r\n\r\nAdditional Information:\r\n\tPrivileges\t\t-",
            "_serial": "60",
            "_si": [
              "cenlog06.srv.hu.nl",
              "ix_windows_p"
            ],
            "_sourcetype": "WinEventLog:Security",
            "_time": "2019-11-30 03:39:04.000 CET"
          }
        },
        {
          "preview": false,
          "offset": 95,
          "result": {
            "target_name": "1774083",
            "target_domain": "STD",
            "_bkt": "ix_windows_p~25~2A6C3041-42AA-49EA-8AED-EAED89B54858",
            "_cd": "25:452298617",
            "_indextime": "1575081543",
            "_pre_msg": "11/30/2019 03:39:04 AM\nLogName=Security\nSourceName=Microsoft Windows security auditing.\nEventCode=4720\nEventType=0\nType=Information\nComputerName=STDDC01.studenten.ad.hvu.nl\nTaskCategory=User Account Management\nOpCode=Info\nRecordNumber=1336793513\nKeywords=Audit Success",
            "_raw": "11/30/2019 03:39:04 AM\nLogName=Security\nSourceName=Microsoft Windows security auditing.\nEventCode=4720\nEventType=0\nType=Information\nComputerName=STDDC01.studenten.ad.hvu.nl\nTaskCategory=User Account Management\nOpCode=Info\nRecordNumber=1336793513\nKeywords=Audit Success\nMessage=A user account was created.\r\n\r\nSubject:\r\n\tSecurity ID:\t\tSTD\\sa-fimadmastd\r\n\tAccount Name:\t\tsa-fimadmastd\r\n\tAccount Domain:\t\tSTD\r\n\tLogon ID:\t\t0x3D9566CA\r\n\r\nNew Account:\r\n\tSecurity ID:\t\tSTD\\1774083\r\n\tAccount Name:\t\t1774083\r\n\tAccount Domain:\t\tSTD\r\n\r\nAttributes:\r\n\tSAM Account Name:\t1774083\r\n\tDisplay Name:\t\tshimara Jap\r\n\tUser Principal Name:\tshimara.jap@student.hu.nl\r\n\tHome Directory:\t\t\\\\studenten.ad.hvu.nl\\dfs\\users\\fnt\\1774083\r\n\tHome Drive:\t\tH:\r\n\tScript Path:\t\t-\r\n\tProfile Path:\t\t-\r\n\tUser Workstations:\t-\r\n\tPassword Last Set:\t<never>\r\n\tAccount Expires:\t\t<never>\r\n\tPrimary Group ID:\t513\r\n\tAllowed To Delegate To:\t-\r\n\tOld UAC Value:\t\t0x0\r\n\tNew UAC Value:\t\t0x11\r\n\tUser Account Control:\t\r\n\t\tAccount Disabled\r\n\t\t'Normal Account' - Enabled\r\n\tUser Parameters:\t-\r\n\tSID History:\t\t-\r\n\tLogon Hours:\t\t<value not set>\r\n\r\nAdditional Information:\r\n\tPrivileges\t\t-",
            "_serial": "61",
            "_si": [
              "cenlog06.srv.hu.nl",
              "ix_windows_p"
            ],
            "_sourcetype": "WinEventLog:Security",
            "_time": "2019-11-30 03:39:04.000 CET"
          }
        },
        {
          "preview": false,
          "offset": 96,
          "result": {
            "target_name": "pl97-5.022",
            "target_domain": "MDW",
            "_bkt": "ix_windows_p~25~2A6C3041-42AA-49EA-8AED-EAED89B54858",
            "_cd": "25:286820839",
            "_indextime": "1575021836",
            "_pre_msg": "11/29/2019 11:03:56 AM\nLogName=Security\nSourceName=Microsoft Windows security auditing.\nEventCode=4720\nEventType=0\nType=Information\nComputerName=MDWDC03.medewerkers.ad.hvu.nl\nTaskCategory=User Account Management\nOpCode=Info\nRecordNumber=112260534\nKeywords=Audit Success",
            "_raw": "11/29/2019 11:03:56 AM\nLogName=Security\nSourceName=Microsoft Windows security auditing.\nEventCode=4720\nEventType=0\nType=Information\nComputerName=MDWDC03.medewerkers.ad.hvu.nl\nTaskCategory=User Account Management\nOpCode=Info\nRecordNumber=112260534\nKeywords=Audit Success\nMessage=A user account was created.\r\n\r\nSubject:\r\n\tSecurity ID:\t\tS-1-5-21-1757436266-1070379326-1452763161-127582\r\n\tAccount Name:\t\tHUMAIL10$\r\n\tAccount Domain:\t\tMDW\r\n\tLogon ID:\t\t0x34482290\r\n\r\nNew Account:\r\n\tSecurity ID:\t\tS-1-5-21-1757436266-1070379326-1452763161-118868\r\n\tAccount Name:\t\tpl97-5.022\r\n\tAccount Domain:\t\tMDW\r\n\r\nAttributes:\r\n\tSAM Account Name:\tpl97-5.022\r\n\tDisplay Name:\t\tPL97-5.022 Overlegruimte 6p.\r\n\tUser Principal Name:\tpl97-5.022@hu.nl\r\n\tHome Directory:\t\t-\r\n\tHome Drive:\t\t-\r\n\tScript Path:\t\t-\r\n\tProfile Path:\t\t-\r\n\tUser Workstations:\t-\r\n\tPassword Last Set:\t<never>\r\n\tAccount Expires:\t\t<never>\r\n\tPrimary Group ID:\t513\r\n\tAllowed To Delegate To:\t-\r\n\tOld UAC Value:\t\t0x0\r\n\tNew UAC Value:\t\t0x15\r\n\tUser Account Control:\t\r\n\t\tAccount Disabled\r\n\t\t'Password Not Required' - Enabled\r\n\t\t'Normal Account' - Enabled\r\n\tUser Parameters:\t-\r\n\tSID History:\t\t-\r\n\tLogon Hours:\t\t<value not set>\r\n\r\nAdditional Information:\r\n\tPrivileges\t\t-",
            "_serial": "62",
            "_si": [
              "cenlog06.srv.hu.nl",
              "ix_windows_p"
            ],
            "_sourcetype": "WinEventLog:Security",
            "_time": "2019-11-29 11:03:56.000 CET"
          }
        },
        {
          "preview": false,
          "offset": 97,
          "result": {
            "target_name": "pl97-4.004",
            "target_domain": "MDW",
            "_bkt": "ix_windows_p~25~2A6C3041-42AA-49EA-8AED-EAED89B54858",
            "_cd": "25:285680326",
            "_indextime": "1575021529",
            "_pre_msg": "11/29/2019 10:58:50 AM\nLogName=Security\nSourceName=Microsoft Windows security auditing.\nEventCode=4720\nEventType=0\nType=Information\nComputerName=MDWDC02.medewerkers.ad.hvu.nl\nTaskCategory=User Account Management\nOpCode=Info\nRecordNumber=3754284987\nKeywords=Audit Success",
            "_raw": "11/29/2019 10:58:50 AM\nLogName=Security\nSourceName=Microsoft Windows security auditing.\nEventCode=4720\nEventType=0\nType=Information\nComputerName=MDWDC02.medewerkers.ad.hvu.nl\nTaskCategory=User Account Management\nOpCode=Info\nRecordNumber=3754284987\nKeywords=Audit Success\nMessage=A user account was created.\r\n\r\nSubject:\r\n\tSecurity ID:\t\tS-1-5-21-1757436266-1070379326-1452763161-127582\r\n\tAccount Name:\t\tHUMAIL10$\r\n\tAccount Domain:\t\tMDW\r\n\tLogon ID:\t\t0x201A168A\r\n\r\nNew Account:\r\n\tSecurity ID:\t\tS-1-5-21-1757436266-1070379326-1452763161-136171\r\n\tAccount Name:\t\tpl97-4.004\r\n\tAccount Domain:\t\tMDW\r\n\r\nAttributes:\r\n\tSAM Account Name:\tpl97-4.004\r\n\tDisplay Name:\t\tPL97-4.004 Overlegruimte 4p.\r\n\tUser Principal Name:\tpl97-4.004@hu.nl\r\n\tHome Directory:\t\t-\r\n\tHome Drive:\t\t-\r\n\tScript Path:\t\t-\r\n\tProfile Path:\t\t-\r\n\tUser Workstations:\t-\r\n\tPassword Last Set:\t<never>\r\n\tAccount Expires:\t\t<never>\r\n\tPrimary Group ID:\t513\r\n\tAllowed To Delegate To:\t-\r\n\tOld UAC Value:\t\t0x0\r\n\tNew UAC Value:\t\t0x15\r\n\tUser Account Control:\t\r\n\t\tAccount Disabled\r\n\t\t'Password Not Required' - Enabled\r\n\t\t'Normal Account' - Enabled\r\n\tUser Parameters:\t-\r\n\tSID History:\t\t-\r\n\tLogon Hours:\t\t<value not set>\r\n\r\nAdditional Information:\r\n\tPrivileges\t\t-",
            "_serial": "63",
            "_si": [
              "cenlog06.srv.hu.nl",
              "ix_windows_p"
            ],
            "_sourcetype": "WinEventLog:Security",
            "_time": "2019-11-29 10:58:50.000 CET"
          }
        },
        {
          "preview": false,
          "offset": 98,
          "result": {
            "target_name": "marije.denbreems",
            "target_domain": "MDW",
            "_bkt": "ix_windows_p~25~2A6C3041-42AA-49EA-8AED-EAED89B54858",
            "_cd": "25:279227557",
            "_indextime": "1575020138",
            "_pre_msg": "11/29/2019 10:35:37 AM\nLogName=Security\nSourceName=Microsoft Windows security auditing.\nEventCode=4720\nEventType=0\nType=Information\nComputerName=MDWDC02.medewerkers.ad.hvu.nl\nTaskCategory=User Account Management\nOpCode=Info\nRecordNumber=3754183666\nKeywords=Audit Success",
            "_raw": "11/29/2019 10:35:37 AM\nLogName=Security\nSourceName=Microsoft Windows security auditing.\nEventCode=4720\nEventType=0\nType=Information\nComputerName=MDWDC02.medewerkers.ad.hvu.nl\nTaskCategory=User Account Management\nOpCode=Info\nRecordNumber=3754183666\nKeywords=Audit Success\nMessage=A user account was created.\r\n\r\nSubject:\r\n\tSecurity ID:\t\tS-1-5-21-1757436266-1070379326-1452763161-46562\r\n\tAccount Name:\t\tsa-FIMADMA\r\n\tAccount Domain:\t\tMDW\r\n\tLogon ID:\t\t0x2348014B\r\n\r\nNew Account:\r\n\tSecurity ID:\t\tS-1-5-21-1757436266-1070379326-1452763161-136170\r\n\tAccount Name:\t\tmarije.denbreems\r\n\tAccount Domain:\t\tMDW\r\n\r\nAttributes:\r\n\tSAM Account Name:\tmarije.denbreems\r\n\tDisplay Name:\t\tMarije den Breems\r\n\tUser Principal Name:\tmarije.denbreems@hu.nl\r\n\tHome Directory:\t\t-\r\n\tHome Drive:\t\t-\r\n\tScript Path:\t\t-\r\n\tProfile Path:\t\t-\r\n\tUser Workstations:\t-\r\n\tPassword Last Set:\t<never>\r\n\tAccount Expires:\t\t<never>\r\n\tPrimary Group ID:\t513\r\n\tAllowed To Delegate To:\t-\r\n\tOld UAC Value:\t\t0x0\r\n\tNew UAC Value:\t\t0x11\r\n\tUser Account Control:\t\r\n\t\tAccount Disabled\r\n\t\t'Normal Account' - Enabled\r\n\tUser Parameters:\t-\r\n\tSID History:\t\t-\r\n\tLogon Hours:\t\t<value not set>\r\n\r\nAdditional Information:\r\n\tPrivileges\t\t-",
            "_serial": "64",
            "_si": [
              "cenlog06.srv.hu.nl",
              "ix_windows_p"
            ],
            "_sourcetype": "WinEventLog:Security",
            "_time": "2019-11-29 10:35:37.000 CET"
          }
        },
        {
          "preview": false,
          "offset": 99,
          "result": {
            "target_name": "sara.everts",
            "target_domain": "MDW",
            "_bkt": "ix_windows_p~25~2A6C3041-42AA-49EA-8AED-EAED89B54858",
            "_cd": "25:279227052",
            "_indextime": "1575020138",
            "_pre_msg": "11/29/2019 10:35:37 AM\nLogName=Security\nSourceName=Microsoft Windows security auditing.\nEventCode=4720\nEventType=0\nType=Information\nComputerName=MDWDC02.medewerkers.ad.hvu.nl\nTaskCategory=User Account Management\nOpCode=Info\nRecordNumber=3754183651\nKeywords=Audit Success",
            "_raw": "11/29/2019 10:35:37 AM\nLogName=Security\nSourceName=Microsoft Windows security auditing.\nEventCode=4720\nEventType=0\nType=Information\nComputerName=MDWDC02.medewerkers.ad.hvu.nl\nTaskCategory=User Account Management\nOpCode=Info\nRecordNumber=3754183651\nKeywords=Audit Success\nMessage=A user account was created.\r\n\r\nSubject:\r\n\tSecurity ID:\t\tS-1-5-21-1757436266-1070379326-1452763161-46562\r\n\tAccount Name:\t\tsa-FIMADMA\r\n\tAccount Domain:\t\tMDW\r\n\tLogon ID:\t\t0x2348014B\r\n\r\nNew Account:\r\n\tSecurity ID:\t\tS-1-5-21-1757436266-1070379326-1452763161-136169\r\n\tAccount Name:\t\tsara.everts\r\n\tAccount Domain:\t\tMDW\r\n\r\nAttributes:\r\n\tSAM Account Name:\tsara.everts\r\n\tDisplay Name:\t\tSara Everts\r\n\tUser Principal Name:\tsara.everts@hu.nl\r\n\tHome Directory:\t\t\\\\medewerkers.ad.hvu.nl\\dfs\\Users\\FMR\\sara.everts\r\n\tHome Drive:\t\tH:\r\n\tScript Path:\t\t-\r\n\tProfile Path:\t\t-\r\n\tUser Workstations:\t-\r\n\tPassword Last Set:\t<never>\r\n\tAccount Expires:\t\t1/22/2020 12:00:00 AM\r\n\tPrimary Group ID:\t513\r\n\tAllowed To Delegate To:\t-\r\n\tOld UAC Value:\t\t0x0\r\n\tNew UAC Value:\t\t0x11\r\n\tUser Account Control:\t\r\n\t\tAccount Disabled\r\n\t\t'Normal Account' - Enabled\r\n\tUser Parameters:\t-\r\n\tSID History:\t\t-\r\n\tLogon Hours:\t\t<value not set>\r\n\r\nAdditional Information:\r\n\tPrivileges\t\t-",
            "_serial": "65",
            "_si": [
              "cenlog06.srv.hu.nl",
              "ix_windows_p"
            ],
            "_sourcetype": "WinEventLog:Security",
            "_time": "2019-11-29 10:35:37.000 CET"
          }
        },
        {
          "preview": false,
          "offset": 100,
          "result": {
            "target_name": "josien.boetje",
            "target_domain": "MDW",
            "_bkt": "ix_windows_p~25~2A6C3041-42AA-49EA-8AED-EAED89B54858",
            "_cd": "25:279222819",
            "_indextime": "1575020137",
            "_pre_msg": "11/29/2019 10:35:37 AM\nLogName=Security\nSourceName=Microsoft Windows security auditing.\nEventCode=4720\nEventType=0\nType=Information\nComputerName=MDWDC02.medewerkers.ad.hvu.nl\nTaskCategory=User Account Management\nOpCode=Info\nRecordNumber=3754183641\nKeywords=Audit Success",
            "_raw": "11/29/2019 10:35:37 AM\nLogName=Security\nSourceName=Microsoft Windows security auditing.\nEventCode=4720\nEventType=0\nType=Information\nComputerName=MDWDC02.medewerkers.ad.hvu.nl\nTaskCategory=User Account Management\nOpCode=Info\nRecordNumber=3754183641\nKeywords=Audit Success\nMessage=A user account was created.\r\n\r\nSubject:\r\n\tSecurity ID:\t\tS-1-5-21-1757436266-1070379326-1452763161-46562\r\n\tAccount Name:\t\tsa-FIMADMA\r\n\tAccount Domain:\t\tMDW\r\n\tLogon ID:\t\t0x2348014B\r\n\r\nNew Account:\r\n\tSecurity ID:\t\tS-1-5-21-1757436266-1070379326-1452763161-136168\r\n\tAccount Name:\t\tjosien.boetje\r\n\tAccount Domain:\t\tMDW\r\n\r\nAttributes:\r\n\tSAM Account Name:\tjosien.boetje\r\n\tDisplay Name:\t\tJosien Boetje\r\n\tUser Principal Name:\tjosien.boetje@hu.nl\r\n\tHome Directory:\t\t\\\\medewerkers.ad.hvu.nl\\dfs\\Users\\FE\\josien.boetje\r\n\tHome Drive:\t\tH:\r\n\tScript Path:\t\t-\r\n\tProfile Path:\t\t-\r\n\tUser Workstations:\t-\r\n\tPassword Last Set:\t<never>\r\n\tAccount Expires:\t\t1/24/2020 12:00:00 AM\r\n\tPrimary Group ID:\t513\r\n\tAllowed To Delegate To:\t-\r\n\tOld UAC Value:\t\t0x0\r\n\tNew UAC Value:\t\t0x11\r\n\tUser Account Control:\t\r\n\t\tAccount Disabled\r\n\t\t'Normal Account' - Enabled\r\n\tUser Parameters:\t-\r\n\tSID History:\t\t-\r\n\tLogon Hours:\t\t<value not set>\r\n\r\nAdditional Information:\r\n\tPrivileges\t\t-",
            "_serial": "66",
            "_si": [
              "cenlog06.srv.hu.nl",
              "ix_windows_p"
            ],
            "_sourcetype": "WinEventLog:Security",
            "_time": "2019-11-29 10:35:37.000 CET"
          }
        },
        {
          "preview": false,
          "offset": 101,
          "result": {
            "target_name": "nick.blom",
            "target_domain": "MDW",
            "_bkt": "ix_windows_p~25~2A6C3041-42AA-49EA-8AED-EAED89B54858",
            "_cd": "25:279222571",
            "_indextime": "1575020137",
            "_pre_msg": "11/29/2019 10:35:37 AM\nLogName=Security\nSourceName=Microsoft Windows security auditing.\nEventCode=4720\nEventType=0\nType=Information\nComputerName=MDWDC02.medewerkers.ad.hvu.nl\nTaskCategory=User Account Management\nOpCode=Info\nRecordNumber=3754183632\nKeywords=Audit Success",
            "_raw": "11/29/2019 10:35:37 AM\nLogName=Security\nSourceName=Microsoft Windows security auditing.\nEventCode=4720\nEventType=0\nType=Information\nComputerName=MDWDC02.medewerkers.ad.hvu.nl\nTaskCategory=User Account Management\nOpCode=Info\nRecordNumber=3754183632\nKeywords=Audit Success\nMessage=A user account was created.\r\n\r\nSubject:\r\n\tSecurity ID:\t\tS-1-5-21-1757436266-1070379326-1452763161-46562\r\n\tAccount Name:\t\tsa-FIMADMA\r\n\tAccount Domain:\t\tMDW\r\n\tLogon ID:\t\t0x2348014B\r\n\r\nNew Account:\r\n\tSecurity ID:\t\tS-1-5-21-1757436266-1070379326-1452763161-136167\r\n\tAccount Name:\t\tnick.blom\r\n\tAccount Domain:\t\tMDW\r\n\r\nAttributes:\r\n\tSAM Account Name:\tnick.blom\r\n\tDisplay Name:\t\tNick Blom\r\n\tUser Principal Name:\tnick.blom@hu.nl\r\n\tHome Directory:\t\t\\\\medewerkers.ad.hvu.nl\\dfs\\Users\\FNT\\nick.blom\r\n\tHome Drive:\t\tH:\r\n\tScript Path:\t\t-\r\n\tProfile Path:\t\t-\r\n\tUser Workstations:\t-\r\n\tPassword Last Set:\t<never>\r\n\tAccount Expires:\t\t1/1/2020 12:00:00 AM\r\n\tPrimary Group ID:\t513\r\n\tAllowed To Delegate To:\t-\r\n\tOld UAC Value:\t\t0x0\r\n\tNew UAC Value:\t\t0x11\r\n\tUser Account Control:\t\r\n\t\tAccount Disabled\r\n\t\t'Normal Account' - Enabled\r\n\tUser Parameters:\t-\r\n\tSID History:\t\t-\r\n\tLogon Hours:\t\t<value not set>\r\n\r\nAdditional Information:\r\n\tPrivileges\t\t-",
            "_serial": "67",
            "_si": [
              "cenlog06.srv.hu.nl",
              "ix_windows_p"
            ],
            "_sourcetype": "WinEventLog:Security",
            "_time": "2019-11-29 10:35:37.000 CET"
          }
        },
        {
          "preview": false,
          "offset": 102,
          "result": {
            "target_name": "jocelyn.thomson",
            "target_domain": "MDW",
            "_bkt": "ix_windows_p~25~2A6C3041-42AA-49EA-8AED-EAED89B54858",
            "_cd": "25:279222233",
            "_indextime": "1575020137",
            "_pre_msg": "11/29/2019 10:35:37 AM\nLogName=Security\nSourceName=Microsoft Windows security auditing.\nEventCode=4720\nEventType=0\nType=Information\nComputerName=MDWDC02.medewerkers.ad.hvu.nl\nTaskCategory=User Account Management\nOpCode=Info\nRecordNumber=3754183622\nKeywords=Audit Success",
            "_raw": "11/29/2019 10:35:37 AM\nLogName=Security\nSourceName=Microsoft Windows security auditing.\nEventCode=4720\nEventType=0\nType=Information\nComputerName=MDWDC02.medewerkers.ad.hvu.nl\nTaskCategory=User Account Management\nOpCode=Info\nRecordNumber=3754183622\nKeywords=Audit Success\nMessage=A user account was created.\r\n\r\nSubject:\r\n\tSecurity ID:\t\tS-1-5-21-1757436266-1070379326-1452763161-46562\r\n\tAccount Name:\t\tsa-FIMADMA\r\n\tAccount Domain:\t\tMDW\r\n\tLogon ID:\t\t0x2348014B\r\n\r\nNew Account:\r\n\tSecurity ID:\t\tS-1-5-21-1757436266-1070379326-1452763161-136166\r\n\tAccount Name:\t\tjocelyn.thomson\r\n\tAccount Domain:\t\tMDW\r\n\r\nAttributes:\r\n\tSAM Account Name:\tjocelyn.thomson\r\n\tDisplay Name:\t\tJocelyn Thomson\r\n\tUser Principal Name:\tjocelyn.thomson@hu.nl\r\n\tHome Directory:\t\t\\\\medewerkers.ad.hvu.nl\\dfs\\Users\\FNT\\jocelyn.thomson\r\n\tHome Drive:\t\tH:\r\n\tScript Path:\t\t-\r\n\tProfile Path:\t\t-\r\n\tUser Workstations:\t-\r\n\tPassword Last Set:\t<never>\r\n\tAccount Expires:\t\t1/1/2020 12:00:00 AM\r\n\tPrimary Group ID:\t513\r\n\tAllowed To Delegate To:\t-\r\n\tOld UAC Value:\t\t0x0\r\n\tNew UAC Value:\t\t0x11\r\n\tUser Account Control:\t\r\n\t\tAccount Disabled\r\n\t\t'Normal Account' - Enabled\r\n\tUser Parameters:\t-\r\n\tSID History:\t\t-\r\n\tLogon Hours:\t\t<value not set>\r\n\r\nAdditional Information:\r\n\tPrivileges\t\t-",
            "_serial": "68",
            "_si": [
              "cenlog06.srv.hu.nl",
              "ix_windows_p"
            ],
            "_sourcetype": "WinEventLog:Security",
            "_time": "2019-11-29 10:35:37.000 CET"
          }
        },
        {
          "preview": false,
          "offset": 103,
          "result": {
            "target_name": "1776528",
            "target_domain": "STD",
            "_bkt": "ix_windows_p~25~2A6C3041-42AA-49EA-8AED-EAED89B54858",
            "_cd": "25:214553973",
            "_indextime": "1574992644",
            "_pre_msg": "11/29/2019 02:57:23 AM\nLogName=Security\nSourceName=Microsoft Windows security auditing.\nEventCode=4720\nEventType=0\nType=Information\nComputerName=STDDC01.studenten.ad.hvu.nl\nTaskCategory=User Account Management\nOpCode=Info\nRecordNumber=1335094998\nKeywords=Audit Success",
            "_raw": "11/29/2019 02:57:23 AM\nLogName=Security\nSourceName=Microsoft Windows security auditing.\nEventCode=4720\nEventType=0\nType=Information\nComputerName=STDDC01.studenten.ad.hvu.nl\nTaskCategory=User Account Management\nOpCode=Info\nRecordNumber=1335094998\nKeywords=Audit Success\nMessage=A user account was created.\r\n\r\nSubject:\r\n\tSecurity ID:\t\tSTD\\sa-fimadmastd\r\n\tAccount Name:\t\tsa-fimadmastd\r\n\tAccount Domain:\t\tSTD\r\n\tLogon ID:\t\t0x2A2F4D8B\r\n\r\nNew Account:\r\n\tSecurity ID:\t\tSTD\\1776528\r\n\tAccount Name:\t\t1776528\r\n\tAccount Domain:\t\tSTD\r\n\r\nAttributes:\r\n\tSAM Account Name:\t1776528\r\n\tDisplay Name:\t\tAlexandra Tonus\r\n\tUser Principal Name:\talexandra.tonus@student.hu.nl\r\n\tHome Directory:\t\t\\\\studenten.ad.hvu.nl\\dfs\\users\\fe\\1776528\r\n\tHome Drive:\t\tH:\r\n\tScript Path:\t\t-\r\n\tProfile Path:\t\t-\r\n\tUser Workstations:\t-\r\n\tPassword Last Set:\t<never>\r\n\tAccount Expires:\t\t<never>\r\n\tPrimary Group ID:\t513\r\n\tAllowed To Delegate To:\t-\r\n\tOld UAC Value:\t\t0x0\r\n\tNew UAC Value:\t\t0x11\r\n\tUser Account Control:\t\r\n\t\tAccount Disabled\r\n\t\t'Normal Account' - Enabled\r\n\tUser Parameters:\t-\r\n\tSID History:\t\t-\r\n\tLogon Hours:\t\t<value not set>\r\n\r\nAdditional Information:\r\n\tPrivileges\t\t-",
            "_serial": "69",
            "_si": [
              "cenlog06.srv.hu.nl",
              "ix_windows_p"
            ],
            "_sourcetype": "WinEventLog:Security",
            "_time": "2019-11-29 02:57:23.000 CET"
          }
        },
        {
          "preview": false,
          "offset": 104,
          "result": {
            "target_name": "1776522",
            "target_domain": "STD",
            "_bkt": "ix_windows_p~25~2A6C3041-42AA-49EA-8AED-EAED89B54858",
            "_cd": "25:214553707",
            "_indextime": "1574992644",
            "_pre_msg": "11/29/2019 02:57:23 AM\nLogName=Security\nSourceName=Microsoft Windows security auditing.\nEventCode=4720\nEventType=0\nType=Information\nComputerName=STDDC01.studenten.ad.hvu.nl\nTaskCategory=User Account Management\nOpCode=Info\nRecordNumber=1335094989\nKeywords=Audit Success",
            "_raw": "11/29/2019 02:57:23 AM\nLogName=Security\nSourceName=Microsoft Windows security auditing.\nEventCode=4720\nEventType=0\nType=Information\nComputerName=STDDC01.studenten.ad.hvu.nl\nTaskCategory=User Account Management\nOpCode=Info\nRecordNumber=1335094989\nKeywords=Audit Success\nMessage=A user account was created.\r\n\r\nSubject:\r\n\tSecurity ID:\t\tSTD\\sa-fimadmastd\r\n\tAccount Name:\t\tsa-fimadmastd\r\n\tAccount Domain:\t\tSTD\r\n\tLogon ID:\t\t0x2A2F4D8B\r\n\r\nNew Account:\r\n\tSecurity ID:\t\tSTD\\1776522\r\n\tAccount Name:\t\t1776522\r\n\tAccount Domain:\t\tSTD\r\n\r\nAttributes:\r\n\tSAM Account Name:\t1776522\r\n\tDisplay Name:\t\tFrank Meeus\r\n\tUser Principal Name:\tfrank.meeus@student.hu.nl\r\n\tHome Directory:\t\t\\\\studenten.ad.hvu.nl\\dfs\\users\\fg\\1776522\r\n\tHome Drive:\t\tH:\r\n\tScript Path:\t\t-\r\n\tProfile Path:\t\t-\r\n\tUser Workstations:\t-\r\n\tPassword Last Set:\t<never>\r\n\tAccount Expires:\t\t<never>\r\n\tPrimary Group ID:\t513\r\n\tAllowed To Delegate To:\t-\r\n\tOld UAC Value:\t\t0x0\r\n\tNew UAC Value:\t\t0x11\r\n\tUser Account Control:\t\r\n\t\tAccount Disabled\r\n\t\t'Normal Account' - Enabled\r\n\tUser Parameters:\t-\r\n\tSID History:\t\t-\r\n\tLogon Hours:\t\t<value not set>\r\n\r\nAdditional Information:\r\n\tPrivileges\t\t-",
            "_serial": "70",
            "_si": [
              "cenlog06.srv.hu.nl",
              "ix_windows_p"
            ],
            "_sourcetype": "WinEventLog:Security",
            "_time": "2019-11-29 02:57:23.000 CET"
          }
        },
        {
          "preview": false,
          "offset": 105,
          "result": {
            "target_name": "1776521",
            "target_domain": "STD",
            "_bkt": "ix_windows_p~25~2A6C3041-42AA-49EA-8AED-EAED89B54858",
            "_cd": "25:214553441",
            "_indextime": "1574992644",
            "_pre_msg": "11/29/2019 02:57:23 AM\nLogName=Security\nSourceName=Microsoft Windows security auditing.\nEventCode=4720\nEventType=0\nType=Information\nComputerName=STDDC01.studenten.ad.hvu.nl\nTaskCategory=User Account Management\nOpCode=Info\nRecordNumber=1335094980\nKeywords=Audit Success",
            "_raw": "11/29/2019 02:57:23 AM\nLogName=Security\nSourceName=Microsoft Windows security auditing.\nEventCode=4720\nEventType=0\nType=Information\nComputerName=STDDC01.studenten.ad.hvu.nl\nTaskCategory=User Account Management\nOpCode=Info\nRecordNumber=1335094980\nKeywords=Audit Success\nMessage=A user account was created.\r\n\r\nSubject:\r\n\tSecurity ID:\t\tSTD\\sa-fimadmastd\r\n\tAccount Name:\t\tsa-fimadmastd\r\n\tAccount Domain:\t\tSTD\r\n\tLogon ID:\t\t0x2A2F4D8B\r\n\r\nNew Account:\r\n\tSecurity ID:\t\tSTD\\1776521\r\n\tAccount Name:\t\t1776521\r\n\tAccount Domain:\t\tSTD\r\n\r\nAttributes:\r\n\tSAM Account Name:\t1776521\r\n\tDisplay Name:\t\tJurjen Ottens\r\n\tUser Principal Name:\tjurjen.ottens@student.hu.nl\r\n\tHome Directory:\t\t\\\\studenten.ad.hvu.nl\\dfs\\users\\fg\\1776521\r\n\tHome Drive:\t\tH:\r\n\tScript Path:\t\t-\r\n\tProfile Path:\t\t-\r\n\tUser Workstations:\t-\r\n\tPassword Last Set:\t<never>\r\n\tAccount Expires:\t\t<never>\r\n\tPrimary Group ID:\t513\r\n\tAllowed To Delegate To:\t-\r\n\tOld UAC Value:\t\t0x0\r\n\tNew UAC Value:\t\t0x11\r\n\tUser Account Control:\t\r\n\t\tAccount Disabled\r\n\t\t'Normal Account' - Enabled\r\n\tUser Parameters:\t-\r\n\tSID History:\t\t-\r\n\tLogon Hours:\t\t<value not set>\r\n\r\nAdditional Information:\r\n\tPrivileges\t\t-",
            "_serial": "71",
            "_si": [
              "cenlog06.srv.hu.nl",
              "ix_windows_p"
            ],
            "_sourcetype": "WinEventLog:Security",
            "_time": "2019-11-29 02:57:23.000 CET"
          }
        },
        {
          "preview": false,
          "offset": 106,
          "result": {
            "target_name": "1776511",
            "target_domain": "STD",
            "_bkt": "ix_windows_p~25~2A6C3041-42AA-49EA-8AED-EAED89B54858",
            "_cd": "25:214553175",
            "_indextime": "1574992644",
            "_pre_msg": "11/29/2019 02:57:23 AM\nLogName=Security\nSourceName=Microsoft Windows security auditing.\nEventCode=4720\nEventType=0\nType=Information\nComputerName=STDDC01.studenten.ad.hvu.nl\nTaskCategory=User Account Management\nOpCode=Info\nRecordNumber=1335094971\nKeywords=Audit Success",
            "_raw": "11/29/2019 02:57:23 AM\nLogName=Security\nSourceName=Microsoft Windows security auditing.\nEventCode=4720\nEventType=0\nType=Information\nComputerName=STDDC01.studenten.ad.hvu.nl\nTaskCategory=User Account Management\nOpCode=Info\nRecordNumber=1335094971\nKeywords=Audit Success\nMessage=A user account was created.\r\n\r\nSubject:\r\n\tSecurity ID:\t\tSTD\\sa-fimadmastd\r\n\tAccount Name:\t\tsa-fimadmastd\r\n\tAccount Domain:\t\tSTD\r\n\tLogon ID:\t\t0x2A2F4D8B\r\n\r\nNew Account:\r\n\tSecurity ID:\t\tSTD\\1776511\r\n\tAccount Name:\t\t1776511\r\n\tAccount Domain:\t\tSTD\r\n\r\nAttributes:\r\n\tSAM Account Name:\t1776511\r\n\tDisplay Name:\t\tRomy Janssen\r\n\tUser Principal Name:\tromy.janssen@student.hu.nl\r\n\tHome Directory:\t\t\\\\studenten.ad.hvu.nl\\dfs\\users\\fe\\1776511\r\n\tHome Drive:\t\tH:\r\n\tScript Path:\t\t-\r\n\tProfile Path:\t\t-\r\n\tUser Workstations:\t-\r\n\tPassword Last Set:\t<never>\r\n\tAccount Expires:\t\t<never>\r\n\tPrimary Group ID:\t513\r\n\tAllowed To Delegate To:\t-\r\n\tOld UAC Value:\t\t0x0\r\n\tNew UAC Value:\t\t0x11\r\n\tUser Account Control:\t\r\n\t\tAccount Disabled\r\n\t\t'Normal Account' - Enabled\r\n\tUser Parameters:\t-\r\n\tSID History:\t\t-\r\n\tLogon Hours:\t\t<value not set>\r\n\r\nAdditional Information:\r\n\tPrivileges\t\t-",
            "_serial": "72",
            "_si": [
              "cenlog06.srv.hu.nl",
              "ix_windows_p"
            ],
            "_sourcetype": "WinEventLog:Security",
            "_time": "2019-11-29 02:57:23.000 CET"
          }
        },
        {
          "preview": false,
          "offset": 107,
          "result": {
            "target_name": "1776505",
            "target_domain": "STD",
            "_bkt": "ix_windows_p~25~2A6C3041-42AA-49EA-8AED-EAED89B54858",
            "_cd": "25:214552643",
            "_indextime": "1574992644",
            "_pre_msg": "11/29/2019 02:57:23 AM\nLogName=Security\nSourceName=Microsoft Windows security auditing.\nEventCode=4720\nEventType=0\nType=Information\nComputerName=STDDC01.studenten.ad.hvu.nl\nTaskCategory=User Account Management\nOpCode=Info\nRecordNumber=1335094956\nKeywords=Audit Success",
            "_raw": "11/29/2019 02:57:23 AM\nLogName=Security\nSourceName=Microsoft Windows security auditing.\nEventCode=4720\nEventType=0\nType=Information\nComputerName=STDDC01.studenten.ad.hvu.nl\nTaskCategory=User Account Management\nOpCode=Info\nRecordNumber=1335094956\nKeywords=Audit Success\nMessage=A user account was created.\r\n\r\nSubject:\r\n\tSecurity ID:\t\tSTD\\sa-fimadmastd\r\n\tAccount Name:\t\tsa-fimadmastd\r\n\tAccount Domain:\t\tSTD\r\n\tLogon ID:\t\t0x2A2F4D8B\r\n\r\nNew Account:\r\n\tSecurity ID:\t\tSTD\\1776505\r\n\tAccount Name:\t\t1776505\r\n\tAccount Domain:\t\tSTD\r\n\r\nAttributes:\r\n\tSAM Account Name:\t1776505\r\n\tDisplay Name:\t\tJudith Vaatstra\r\n\tUser Principal Name:\tjudith.vaatstra@student.hu.nl\r\n\tHome Directory:\t\t\\\\studenten.ad.hvu.nl\\dfs\\users\\fe\\1776505\r\n\tHome Drive:\t\tH:\r\n\tScript Path:\t\t-\r\n\tProfile Path:\t\t-\r\n\tUser Workstations:\t-\r\n\tPassword Last Set:\t<never>\r\n\tAccount Expires:\t\t<never>\r\n\tPrimary Group ID:\t513\r\n\tAllowed To Delegate To:\t-\r\n\tOld UAC Value:\t\t0x0\r\n\tNew UAC Value:\t\t0x11\r\n\tUser Account Control:\t\r\n\t\tAccount Disabled\r\n\t\t'Normal Account' - Enabled\r\n\tUser Parameters:\t-\r\n\tSID History:\t\t-\r\n\tLogon Hours:\t\t<value not set>\r\n\r\nAdditional Information:\r\n\tPrivileges\t\t-",
            "_serial": "73",
            "_si": [
              "cenlog06.srv.hu.nl",
              "ix_windows_p"
            ],
            "_sourcetype": "WinEventLog:Security",
            "_time": "2019-11-29 02:57:23.000 CET"
          }
        },
        {
          "preview": false,
          "offset": 108,
          "result": {
            "target_name": "1776545",
            "target_domain": "STD",
            "_bkt": "ix_windows_p~25~2A6C3041-42AA-49EA-8AED-EAED89B54858",
            "_cd": "25:214552129",
            "_indextime": "1574992643",
            "_pre_msg": "11/29/2019 02:57:23 AM\nLogName=Security\nSourceName=Microsoft Windows security auditing.\nEventCode=4720\nEventType=0\nType=Information\nComputerName=STDDC01.studenten.ad.hvu.nl\nTaskCategory=User Account Management\nOpCode=Info\nRecordNumber=1335094947\nKeywords=Audit Success",
            "_raw": "11/29/2019 02:57:23 AM\nLogName=Security\nSourceName=Microsoft Windows security auditing.\nEventCode=4720\nEventType=0\nType=Information\nComputerName=STDDC01.studenten.ad.hvu.nl\nTaskCategory=User Account Management\nOpCode=Info\nRecordNumber=1335094947\nKeywords=Audit Success\nMessage=A user account was created.\r\n\r\nSubject:\r\n\tSecurity ID:\t\tSTD\\sa-fimadmastd\r\n\tAccount Name:\t\tsa-fimadmastd\r\n\tAccount Domain:\t\tSTD\r\n\tLogon ID:\t\t0x2A2F4D8B\r\n\r\nNew Account:\r\n\tSecurity ID:\t\tSTD\\1776545\r\n\tAccount Name:\t\t1776545\r\n\tAccount Domain:\t\tSTD\r\n\r\nAttributes:\r\n\tSAM Account Name:\t1776545\r\n\tDisplay Name:\t\tElie Bayat\r\n\tUser Principal Name:\telie.bayat@student.hu.nl\r\n\tHome Directory:\t\t\\\\studenten.ad.hvu.nl\\dfs\\users\\fcj\\1776545\r\n\tHome Drive:\t\tH:\r\n\tScript Path:\t\t-\r\n\tProfile Path:\t\t-\r\n\tUser Workstations:\t-\r\n\tPassword Last Set:\t<never>\r\n\tAccount Expires:\t\t<never>\r\n\tPrimary Group ID:\t513\r\n\tAllowed To Delegate To:\t-\r\n\tOld UAC Value:\t\t0x0\r\n\tNew UAC Value:\t\t0x11\r\n\tUser Account Control:\t\r\n\t\tAccount Disabled\r\n\t\t'Normal Account' - Enabled\r\n\tUser Parameters:\t-\r\n\tSID History:\t\t-\r\n\tLogon Hours:\t\t<value not set>\r\n\r\nAdditional Information:\r\n\tPrivileges\t\t-",
            "_serial": "74",
            "_si": [
              "cenlog06.srv.hu.nl",
              "ix_windows_p"
            ],
            "_sourcetype": "WinEventLog:Security",
            "_time": "2019-11-29 02:57:23.000 CET"
          }
        },
        {
          "preview": false,
          "offset": 109,
          "result": {
            "target_name": "1776542",
            "target_domain": "STD",
            "_bkt": "ix_windows_p~25~2A6C3041-42AA-49EA-8AED-EAED89B54858",
            "_cd": "25:214551862",
            "_indextime": "1574992643",
            "_pre_msg": "11/29/2019 02:57:23 AM\nLogName=Security\nSourceName=Microsoft Windows security auditing.\nEventCode=4720\nEventType=0\nType=Information\nComputerName=STDDC01.studenten.ad.hvu.nl\nTaskCategory=User Account Management\nOpCode=Info\nRecordNumber=1335094938\nKeywords=Audit Success",
            "_raw": "11/29/2019 02:57:23 AM\nLogName=Security\nSourceName=Microsoft Windows security auditing.\nEventCode=4720\nEventType=0\nType=Information\nComputerName=STDDC01.studenten.ad.hvu.nl\nTaskCategory=User Account Management\nOpCode=Info\nRecordNumber=1335094938\nKeywords=Audit Success\nMessage=A user account was created.\r\n\r\nSubject:\r\n\tSecurity ID:\t\tSTD\\sa-fimadmastd\r\n\tAccount Name:\t\tsa-fimadmastd\r\n\tAccount Domain:\t\tSTD\r\n\tLogon ID:\t\t0x2A2F4D8B\r\n\r\nNew Account:\r\n\tSecurity ID:\t\tSTD\\1776542\r\n\tAccount Name:\t\t1776542\r\n\tAccount Domain:\t\tSTD\r\n\r\nAttributes:\r\n\tSAM Account Name:\t1776542\r\n\tDisplay Name:\t\tJohan Neeleman\r\n\tUser Principal Name:\tjohan.neeleman@student.hu.nl\r\n\tHome Directory:\t\t\\\\studenten.ad.hvu.nl\\dfs\\users\\fnt\\1776542\r\n\tHome Drive:\t\tH:\r\n\tScript Path:\t\t-\r\n\tProfile Path:\t\t-\r\n\tUser Workstations:\t-\r\n\tPassword Last Set:\t<never>\r\n\tAccount Expires:\t\t<never>\r\n\tPrimary Group ID:\t513\r\n\tAllowed To Delegate To:\t-\r\n\tOld UAC Value:\t\t0x0\r\n\tNew UAC Value:\t\t0x11\r\n\tUser Account Control:\t\r\n\t\tAccount Disabled\r\n\t\t'Normal Account' - Enabled\r\n\tUser Parameters:\t-\r\n\tSID History:\t\t-\r\n\tLogon Hours:\t\t<value not set>\r\n\r\nAdditional Information:\r\n\tPrivileges\t\t-",
            "_serial": "75",
            "_si": [
              "cenlog06.srv.hu.nl",
              "ix_windows_p"
            ],
            "_sourcetype": "WinEventLog:Security",
            "_time": "2019-11-29 02:57:23.000 CET"
          }
        },
        {
          "preview": false,
          "offset": 110,
          "result": {
            "target_name": "1739769",
            "target_domain": "STD",
            "_bkt": "ix_windows_p~25~2A6C3041-42AA-49EA-8AED-EAED89B54858",
            "_cd": "25:214551410",
            "_indextime": "1574992643",
            "_pre_msg": "11/29/2019 02:57:23 AM\nLogName=Security\nSourceName=Microsoft Windows security auditing.\nEventCode=4720\nEventType=0\nType=Information\nComputerName=STDDC01.studenten.ad.hvu.nl\nTaskCategory=User Account Management\nOpCode=Info\nRecordNumber=1335094925\nKeywords=Audit Success",
