            "_raw": "12/02/2019 02:56:34 AM\nLogName=Security\nSourceName=Microsoft Windows security auditing.\nEventCode=4720\nEventType=0\nType=Information\nComputerName=STDDC01.studenten.ad.hvu.nl\nTaskCategory=User Account Management\nOpCode=Info\nRecordNumber=1339421803\nKeywords=Audit Success\nMessage=A user account was created.\r\n\r\nSubject:\r\n\tSecurity ID:\t\tSTD\\sa-fimadmastd\r\n\tAccount Name:\t\tsa-fimadmastd\r\n\tAccount Domain:\t\tSTD\r\n\tLogon ID:\t\t0x5D9C6C0B\r\n\r\nNew Account:\r\n\tSecurity ID:\t\tSTD\\1776657\r\n\tAccount Name:\t\t1776657\r\n\tAccount Domain:\t\tSTD\r\n\r\nAttributes:\r\n\tSAM Account Name:\t1776657\r\n\tDisplay Name:\t\tManon Benjamins\r\n\tUser Principal Name:\tmanon.benjamins@student.hu.nl\r\n\tHome Directory:\t\t\\\\studenten.ad.hvu.nl\\dfs\\users\\fg\\1776657\r\n\tHome Drive:\t\tH:\r\n\tScript Path:\t\t-\r\n\tProfile Path:\t\t-\r\n\tUser Workstations:\t-\r\n\tPassword Last Set:\t<never>\r\n\tAccount Expires:\t\t<never>\r\n\tPrimary Group ID:\t513\r\n\tAllowed To Delegate To:\t-\r\n\tOld UAC Value:\t\t0x0\r\n\tNew UAC Value:\t\t0x11\r\n\tUser Account Control:\t\r\n\t\tAccount Disabled\r\n\t\t'Normal Account' - Enabled\r\n\tUser Parameters:\t-\r\n\tSID History:\t\t-\r\n\tLogon Hours:\t\t<value not set>\r\n\r\nAdditional Information:\r\n\tPrivileges\t\t-",
            "_serial": "37",
            "_si": [
              "cenlog06.srv.hu.nl",
              "ix_windows_p"
            ],
            "_sourcetype": "WinEventLog:Security",
            "_time": "2019-12-02 02:56:34.000 CET"
          }
        },
        {
          "preview": false,
          "offset": 67,
          "result": {
            "target_name": "1776656",
            "target_domain": "STD",
            "_bkt": "ix_windows_p~25~2A6C3041-42AA-49EA-8AED-EAED89B54858",
            "_cd": "25:825854292",
            "_indextime": "1575251793",
            "_pre_msg": "12/02/2019 02:56:34 AM\nLogName=Security\nSourceName=Microsoft Windows security auditing.\nEventCode=4720\nEventType=0\nType=Information\nComputerName=STDDC01.studenten.ad.hvu.nl\nTaskCategory=User Account Management\nOpCode=Info\nRecordNumber=1339421794\nKeywords=Audit Success",
            "_raw": "12/02/2019 02:56:34 AM\nLogName=Security\nSourceName=Microsoft Windows security auditing.\nEventCode=4720\nEventType=0\nType=Information\nComputerName=STDDC01.studenten.ad.hvu.nl\nTaskCategory=User Account Management\nOpCode=Info\nRecordNumber=1339421794\nKeywords=Audit Success\nMessage=A user account was created.\r\n\r\nSubject:\r\n\tSecurity ID:\t\tSTD\\sa-fimadmastd\r\n\tAccount Name:\t\tsa-fimadmastd\r\n\tAccount Domain:\t\tSTD\r\n\tLogon ID:\t\t0x5D9C6C0B\r\n\r\nNew Account:\r\n\tSecurity ID:\t\tSTD\\1776656\r\n\tAccount Name:\t\t1776656\r\n\tAccount Domain:\t\tSTD\r\n\r\nAttributes:\r\n\tSAM Account Name:\t1776656\r\n\tDisplay Name:\t\tMichel de Ram\r\n\tUser Principal Name:\tmichel.deram@student.hu.nl\r\n\tHome Directory:\t\t\\\\studenten.ad.hvu.nl\\dfs\\users\\fcj\\scom\\1776656\r\n\tHome Drive:\t\tH:\r\n\tScript Path:\t\t-\r\n\tProfile Path:\t\t-\r\n\tUser Workstations:\t-\r\n\tPassword Last Set:\t<never>\r\n\tAccount Expires:\t\t<never>\r\n\tPrimary Group ID:\t513\r\n\tAllowed To Delegate To:\t-\r\n\tOld UAC Value:\t\t0x0\r\n\tNew UAC Value:\t\t0x11\r\n\tUser Account Control:\t\r\n\t\tAccount Disabled\r\n\t\t'Normal Account' - Enabled\r\n\tUser Parameters:\t-\r\n\tSID History:\t\t-\r\n\tLogon Hours:\t\t<value not set>\r\n\r\nAdditional Information:\r\n\tPrivileges\t\t-",
            "_serial": "38",
            "_si": [
              "cenlog06.srv.hu.nl",
              "ix_windows_p"
            ],
            "_sourcetype": "WinEventLog:Security",
            "_time": "2019-12-02 02:56:34.000 CET"
          }
        },
        {
          "preview": false,
          "offset": 68,
          "result": {
            "target_name": "1776648",
            "target_domain": "STD",
            "_bkt": "ix_windows_p~25~2A6C3041-42AA-49EA-8AED-EAED89B54858",
            "_cd": "25:825853990",
            "_indextime": "1575251793",
            "_pre_msg": "12/02/2019 02:56:34 AM\nLogName=Security\nSourceName=Microsoft Windows security auditing.\nEventCode=4720\nEventType=0\nType=Information\nComputerName=STDDC01.studenten.ad.hvu.nl\nTaskCategory=User Account Management\nOpCode=Info\nRecordNumber=1339421784\nKeywords=Audit Success",
            "_raw": "12/02/2019 02:56:34 AM\nLogName=Security\nSourceName=Microsoft Windows security auditing.\nEventCode=4720\nEventType=0\nType=Information\nComputerName=STDDC01.studenten.ad.hvu.nl\nTaskCategory=User Account Management\nOpCode=Info\nRecordNumber=1339421784\nKeywords=Audit Success\nMessage=A user account was created.\r\n\r\nSubject:\r\n\tSecurity ID:\t\tSTD\\sa-fimadmastd\r\n\tAccount Name:\t\tsa-fimadmastd\r\n\tAccount Domain:\t\tSTD\r\n\tLogon ID:\t\t0x5D9C6C0B\r\n\r\nNew Account:\r\n\tSecurity ID:\t\tSTD\\1776648\r\n\tAccount Name:\t\t1776648\r\n\tAccount Domain:\t\tSTD\r\n\r\nAttributes:\r\n\tSAM Account Name:\t1776648\r\n\tDisplay Name:\t\tAnnemarieke Baas\r\n\tUser Principal Name:\tannemarieke.baas@student.hu.nl\r\n\tHome Directory:\t\t\\\\studenten.ad.hvu.nl\\dfs\\users\\fg\\1776648\r\n\tHome Drive:\t\tH:\r\n\tScript Path:\t\t-\r\n\tProfile Path:\t\t-\r\n\tUser Workstations:\t-\r\n\tPassword Last Set:\t<never>\r\n\tAccount Expires:\t\t<never>\r\n\tPrimary Group ID:\t513\r\n\tAllowed To Delegate To:\t-\r\n\tOld UAC Value:\t\t0x0\r\n\tNew UAC Value:\t\t0x11\r\n\tUser Account Control:\t\r\n\t\tAccount Disabled\r\n\t\t'Normal Account' - Enabled\r\n\tUser Parameters:\t-\r\n\tSID History:\t\t-\r\n\tLogon Hours:\t\t<value not set>\r\n\r\nAdditional Information:\r\n\tPrivileges\t\t-",
            "_serial": "39",
            "_si": [
              "cenlog06.srv.hu.nl",
              "ix_windows_p"
            ],
            "_sourcetype": "WinEventLog:Security",
            "_time": "2019-12-02 02:56:34.000 CET"
          }
        },
        {
          "preview": false,
          "offset": 69,
          "result": {
            "target_name": "1776647",
            "target_domain": "STD",
            "_bkt": "ix_windows_p~25~2A6C3041-42AA-49EA-8AED-EAED89B54858",
            "_cd": "25:825849892",
            "_indextime": "1575251792",
            "_pre_msg": "12/02/2019 02:56:34 AM\nLogName=Security\nSourceName=Microsoft Windows security auditing.\nEventCode=4720\nEventType=0\nType=Information\nComputerName=STDDC01.studenten.ad.hvu.nl\nTaskCategory=User Account Management\nOpCode=Info\nRecordNumber=1339421775\nKeywords=Audit Success",
            "_raw": "12/02/2019 02:56:34 AM\nLogName=Security\nSourceName=Microsoft Windows security auditing.\nEventCode=4720\nEventType=0\nType=Information\nComputerName=STDDC01.studenten.ad.hvu.nl\nTaskCategory=User Account Management\nOpCode=Info\nRecordNumber=1339421775\nKeywords=Audit Success\nMessage=A user account was created.\r\n\r\nSubject:\r\n\tSecurity ID:\t\tSTD\\sa-fimadmastd\r\n\tAccount Name:\t\tsa-fimadmastd\r\n\tAccount Domain:\t\tSTD\r\n\tLogon ID:\t\t0x5D9C6C0B\r\n\r\nNew Account:\r\n\tSecurity ID:\t\tSTD\\1776647\r\n\tAccount Name:\t\t1776647\r\n\tAccount Domain:\t\tSTD\r\n\r\nAttributes:\r\n\tSAM Account Name:\t1776647\r\n\tDisplay Name:\t\tJens van der Beek\r\n\tUser Principal Name:\tjens.vanderbeek@student.hu.nl\r\n\tHome Directory:\t\t\\\\studenten.ad.hvu.nl\\dfs\\users\\fe\\1776647\r\n\tHome Drive:\t\tH:\r\n\tScript Path:\t\t-\r\n\tProfile Path:\t\t-\r\n\tUser Workstations:\t-\r\n\tPassword Last Set:\t<never>\r\n\tAccount Expires:\t\t<never>\r\n\tPrimary Group ID:\t513\r\n\tAllowed To Delegate To:\t-\r\n\tOld UAC Value:\t\t0x0\r\n\tNew UAC Value:\t\t0x11\r\n\tUser Account Control:\t\r\n\t\tAccount Disabled\r\n\t\t'Normal Account' - Enabled\r\n\tUser Parameters:\t-\r\n\tSID History:\t\t-\r\n\tLogon Hours:\t\t<value not set>\r\n\r\nAdditional Information:\r\n\tPrivileges\t\t-",
            "_serial": "40",
            "_si": [
              "cenlog06.srv.hu.nl",
              "ix_windows_p"
            ],
            "_sourcetype": "WinEventLog:Security",
            "_time": "2019-12-02 02:56:34.000 CET"
          }
        },
        {
          "preview": false,
          "offset": 70,
          "result": {
            "target_name": "1776643",
            "target_domain": "STD",
            "_bkt": "ix_windows_p~25~2A6C3041-42AA-49EA-8AED-EAED89B54858",
            "_cd": "25:825849626",
            "_indextime": "1575251792",
            "_pre_msg": "12/02/2019 02:56:34 AM\nLogName=Security\nSourceName=Microsoft Windows security auditing.\nEventCode=4720\nEventType=0\nType=Information\nComputerName=STDDC01.studenten.ad.hvu.nl\nTaskCategory=User Account Management\nOpCode=Info\nRecordNumber=1339421766\nKeywords=Audit Success",
            "_raw": "12/02/2019 02:56:34 AM\nLogName=Security\nSourceName=Microsoft Windows security auditing.\nEventCode=4720\nEventType=0\nType=Information\nComputerName=STDDC01.studenten.ad.hvu.nl\nTaskCategory=User Account Management\nOpCode=Info\nRecordNumber=1339421766\nKeywords=Audit Success\nMessage=A user account was created.\r\n\r\nSubject:\r\n\tSecurity ID:\t\tSTD\\sa-fimadmastd\r\n\tAccount Name:\t\tsa-fimadmastd\r\n\tAccount Domain:\t\tSTD\r\n\tLogon ID:\t\t0x5D9C6C0B\r\n\r\nNew Account:\r\n\tSecurity ID:\t\tSTD\\1776643\r\n\tAccount Name:\t\t1776643\r\n\tAccount Domain:\t\tSTD\r\n\r\nAttributes:\r\n\tSAM Account Name:\t1776643\r\n\tDisplay Name:\t\tJasper Vink\r\n\tUser Principal Name:\tjasper.vink@student.hu.nl\r\n\tHome Directory:\t\t\\\\studenten.ad.hvu.nl\\dfs\\users\\fg\\1776643\r\n\tHome Drive:\t\tH:\r\n\tScript Path:\t\t-\r\n\tProfile Path:\t\t-\r\n\tUser Workstations:\t-\r\n\tPassword Last Set:\t<never>\r\n\tAccount Expires:\t\t<never>\r\n\tPrimary Group ID:\t513\r\n\tAllowed To Delegate To:\t-\r\n\tOld UAC Value:\t\t0x0\r\n\tNew UAC Value:\t\t0x11\r\n\tUser Account Control:\t\r\n\t\tAccount Disabled\r\n\t\t'Normal Account' - Enabled\r\n\tUser Parameters:\t-\r\n\tSID History:\t\t-\r\n\tLogon Hours:\t\t<value not set>\r\n\r\nAdditional Information:\r\n\tPrivileges\t\t-",
            "_serial": "41",
            "_si": [
              "cenlog06.srv.hu.nl",
              "ix_windows_p"
            ],
            "_sourcetype": "WinEventLog:Security",
            "_time": "2019-12-02 02:56:34.000 CET"
          }
        },
        {
          "preview": false,
          "offset": 71,
          "result": {
            "target_name": "1776640",
            "target_domain": "STD",
            "_bkt": "ix_windows_p~25~2A6C3041-42AA-49EA-8AED-EAED89B54858",
            "_cd": "25:825849360",
            "_indextime": "1575251792",
            "_pre_msg": "12/02/2019 02:56:33 AM\nLogName=Security\nSourceName=Microsoft Windows security auditing.\nEventCode=4720\nEventType=0\nType=Information\nComputerName=STDDC01.studenten.ad.hvu.nl\nTaskCategory=User Account Management\nOpCode=Info\nRecordNumber=1339421757\nKeywords=Audit Success",
            "_raw": "12/02/2019 02:56:33 AM\nLogName=Security\nSourceName=Microsoft Windows security auditing.\nEventCode=4720\nEventType=0\nType=Information\nComputerName=STDDC01.studenten.ad.hvu.nl\nTaskCategory=User Account Management\nOpCode=Info\nRecordNumber=1339421757\nKeywords=Audit Success\nMessage=A user account was created.\r\n\r\nSubject:\r\n\tSecurity ID:\t\tSTD\\sa-fimadmastd\r\n\tAccount Name:\t\tsa-fimadmastd\r\n\tAccount Domain:\t\tSTD\r\n\tLogon ID:\t\t0x5D9C6C0B\r\n\r\nNew Account:\r\n\tSecurity ID:\t\tSTD\\1776640\r\n\tAccount Name:\t\t1776640\r\n\tAccount Domain:\t\tSTD\r\n\r\nAttributes:\r\n\tSAM Account Name:\t1776640\r\n\tDisplay Name:\t\tVicky Godijn\r\n\tUser Principal Name:\tvicky.godijn@student.hu.nl\r\n\tHome Directory:\t\t\\\\studenten.ad.hvu.nl\\dfs\\users\\fe\\1776640\r\n\tHome Drive:\t\tH:\r\n\tScript Path:\t\t-\r\n\tProfile Path:\t\t-\r\n\tUser Workstations:\t-\r\n\tPassword Last Set:\t<never>\r\n\tAccount Expires:\t\t<never>\r\n\tPrimary Group ID:\t513\r\n\tAllowed To Delegate To:\t-\r\n\tOld UAC Value:\t\t0x0\r\n\tNew UAC Value:\t\t0x11\r\n\tUser Account Control:\t\r\n\t\tAccount Disabled\r\n\t\t'Normal Account' - Enabled\r\n\tUser Parameters:\t-\r\n\tSID History:\t\t-\r\n\tLogon Hours:\t\t<value not set>\r\n\r\nAdditional Information:\r\n\tPrivileges\t\t-",
            "_serial": "42",
            "_si": [
              "cenlog06.srv.hu.nl",
              "ix_windows_p"
            ],
            "_sourcetype": "WinEventLog:Security",
            "_time": "2019-12-02 02:56:33.000 CET"
          }
        },
        {
          "preview": false,
          "offset": 72,
          "result": {
            "target_name": "1776639",
            "target_domain": "STD",
            "_bkt": "ix_windows_p~25~2A6C3041-42AA-49EA-8AED-EAED89B54858",
            "_cd": "25:825849093",
            "_indextime": "1575251792",
            "_pre_msg": "12/02/2019 02:56:33 AM\nLogName=Security\nSourceName=Microsoft Windows security auditing.\nEventCode=4720\nEventType=0\nType=Information\nComputerName=STDDC01.studenten.ad.hvu.nl\nTaskCategory=User Account Management\nOpCode=Info\nRecordNumber=1339421748\nKeywords=Audit Success",
            "_raw": "12/02/2019 02:56:33 AM\nLogName=Security\nSourceName=Microsoft Windows security auditing.\nEventCode=4720\nEventType=0\nType=Information\nComputerName=STDDC01.studenten.ad.hvu.nl\nTaskCategory=User Account Management\nOpCode=Info\nRecordNumber=1339421748\nKeywords=Audit Success\nMessage=A user account was created.\r\n\r\nSubject:\r\n\tSecurity ID:\t\tSTD\\sa-fimadmastd\r\n\tAccount Name:\t\tsa-fimadmastd\r\n\tAccount Domain:\t\tSTD\r\n\tLogon ID:\t\t0x5D9C6C0B\r\n\r\nNew Account:\r\n\tSecurity ID:\t\tSTD\\1776639\r\n\tAccount Name:\t\t1776639\r\n\tAccount Domain:\t\tSTD\r\n\r\nAttributes:\r\n\tSAM Account Name:\t1776639\r\n\tDisplay Name:\t\tjosse Pichot du Plessis\r\n\tUser Principal Name:\tjosse.pichotduplessis@student.hu.nl\r\n\tHome Directory:\t\t\\\\studenten.ad.hvu.nl\\dfs\\users\\fg\\1776639\r\n\tHome Drive:\t\tH:\r\n\tScript Path:\t\t-\r\n\tProfile Path:\t\t-\r\n\tUser Workstations:\t-\r\n\tPassword Last Set:\t<never>\r\n\tAccount Expires:\t\t<never>\r\n\tPrimary Group ID:\t513\r\n\tAllowed To Delegate To:\t-\r\n\tOld UAC Value:\t\t0x0\r\n\tNew UAC Value:\t\t0x11\r\n\tUser Account Control:\t\r\n\t\tAccount Disabled\r\n\t\t'Normal Account' - Enabled\r\n\tUser Parameters:\t-\r\n\tSID History:\t\t-\r\n\tLogon Hours:\t\t<value not set>\r\n\r\nAdditional Information:\r\n\tPrivileges\t\t-",
            "_serial": "43",
            "_si": [
              "cenlog06.srv.hu.nl",
              "ix_windows_p"
            ],
            "_sourcetype": "WinEventLog:Security",
            "_time": "2019-12-02 02:56:33.000 CET"
          }
        },
        {
          "preview": false,
          "offset": 73,
          "result": {
            "target_name": "1776635",
            "target_domain": "STD",
            "_bkt": "ix_windows_p~25~2A6C3041-42AA-49EA-8AED-EAED89B54858",
            "_cd": "25:825848827",
            "_indextime": "1575251792",
            "_pre_msg": "12/02/2019 02:56:33 AM\nLogName=Security\nSourceName=Microsoft Windows security auditing.\nEventCode=4720\nEventType=0\nType=Information\nComputerName=STDDC01.studenten.ad.hvu.nl\nTaskCategory=User Account Management\nOpCode=Info\nRecordNumber=1339421739\nKeywords=Audit Success",
            "_raw": "12/02/2019 02:56:33 AM\nLogName=Security\nSourceName=Microsoft Windows security auditing.\nEventCode=4720\nEventType=0\nType=Information\nComputerName=STDDC01.studenten.ad.hvu.nl\nTaskCategory=User Account Management\nOpCode=Info\nRecordNumber=1339421739\nKeywords=Audit Success\nMessage=A user account was created.\r\n\r\nSubject:\r\n\tSecurity ID:\t\tSTD\\sa-fimadmastd\r\n\tAccount Name:\t\tsa-fimadmastd\r\n\tAccount Domain:\t\tSTD\r\n\tLogon ID:\t\t0x5D9C6C0B\r\n\r\nNew Account:\r\n\tSecurity ID:\t\tSTD\\1776635\r\n\tAccount Name:\t\t1776635\r\n\tAccount Domain:\t\tSTD\r\n\r\nAttributes:\r\n\tSAM Account Name:\t1776635\r\n\tDisplay Name:\t\tMichiel Huting\r\n\tUser Principal Name:\tmichiel.huting@student.hu.nl\r\n\tHome Directory:\t\t\\\\studenten.ad.hvu.nl\\dfs\\users\\fe\\1776635\r\n\tHome Drive:\t\tH:\r\n\tScript Path:\t\t-\r\n\tProfile Path:\t\t-\r\n\tUser Workstations:\t-\r\n\tPassword Last Set:\t<never>\r\n\tAccount Expires:\t\t<never>\r\n\tPrimary Group ID:\t513\r\n\tAllowed To Delegate To:\t-\r\n\tOld UAC Value:\t\t0x0\r\n\tNew UAC Value:\t\t0x11\r\n\tUser Account Control:\t\r\n\t\tAccount Disabled\r\n\t\t'Normal Account' - Enabled\r\n\tUser Parameters:\t-\r\n\tSID History:\t\t-\r\n\tLogon Hours:\t\t<value not set>\r\n\r\nAdditional Information:\r\n\tPrivileges\t\t-",
            "_serial": "44",
            "_si": [
              "cenlog06.srv.hu.nl",
              "ix_windows_p"
            ],
            "_sourcetype": "WinEventLog:Security",
            "_time": "2019-12-02 02:56:33.000 CET"
          }
        },
        {
          "preview": false,
          "offset": 74,
          "result": {
            "target_name": "1776632",
            "target_domain": "STD",
            "_bkt": "ix_windows_p~25~2A6C3041-42AA-49EA-8AED-EAED89B54858",
            "_cd": "25:825848560",
            "_indextime": "1575251792",
            "_pre_msg": "12/02/2019 02:56:33 AM\nLogName=Security\nSourceName=Microsoft Windows security auditing.\nEventCode=4720\nEventType=0\nType=Information\nComputerName=STDDC01.studenten.ad.hvu.nl\nTaskCategory=User Account Management\nOpCode=Info\nRecordNumber=1339421730\nKeywords=Audit Success",
            "_raw": "12/02/2019 02:56:33 AM\nLogName=Security\nSourceName=Microsoft Windows security auditing.\nEventCode=4720\nEventType=0\nType=Information\nComputerName=STDDC01.studenten.ad.hvu.nl\nTaskCategory=User Account Management\nOpCode=Info\nRecordNumber=1339421730\nKeywords=Audit Success\nMessage=A user account was created.\r\n\r\nSubject:\r\n\tSecurity ID:\t\tSTD\\sa-fimadmastd\r\n\tAccount Name:\t\tsa-fimadmastd\r\n\tAccount Domain:\t\tSTD\r\n\tLogon ID:\t\t0x5D9C6C0B\r\n\r\nNew Account:\r\n\tSecurity ID:\t\tSTD\\1776632\r\n\tAccount Name:\t\t1776632\r\n\tAccount Domain:\t\tSTD\r\n\r\nAttributes:\r\n\tSAM Account Name:\t1776632\r\n\tDisplay Name:\t\tAlexandra Göková\r\n\tUser Principal Name:\talexandra.gokova@student.hu.nl\r\n\tHome Directory:\t\t\\\\studenten.ad.hvu.nl\\dfs\\users\\fg\\1776632\r\n\tHome Drive:\t\tH:\r\n\tScript Path:\t\t-\r\n\tProfile Path:\t\t-\r\n\tUser Workstations:\t-\r\n\tPassword Last Set:\t<never>\r\n\tAccount Expires:\t\t<never>\r\n\tPrimary Group ID:\t513\r\n\tAllowed To Delegate To:\t-\r\n\tOld UAC Value:\t\t0x0\r\n\tNew UAC Value:\t\t0x11\r\n\tUser Account Control:\t\r\n\t\tAccount Disabled\r\n\t\t'Normal Account' - Enabled\r\n\tUser Parameters:\t-\r\n\tSID History:\t\t-\r\n\tLogon Hours:\t\t<value not set>\r\n\r\nAdditional Information:\r\n\tPrivileges\t\t-",
            "_serial": "45",
            "_si": [
              "cenlog06.srv.hu.nl",
              "ix_windows_p"
            ],
            "_sourcetype": "WinEventLog:Security",
            "_time": "2019-12-02 02:56:33.000 CET"
          }
        },
        {
          "preview": false,
          "offset": 75,
          "result": {
            "target_name": "1776627",
            "target_domain": "STD",
            "_bkt": "ix_windows_p~25~2A6C3041-42AA-49EA-8AED-EAED89B54858",
            "_cd": "25:825848121",
            "_indextime": "1575251792",
            "_pre_msg": "12/02/2019 02:56:33 AM\nLogName=Security\nSourceName=Microsoft Windows security auditing.\nEventCode=4720\nEventType=0\nType=Information\nComputerName=STDDC01.studenten.ad.hvu.nl\nTaskCategory=User Account Management\nOpCode=Info\nRecordNumber=1339421718\nKeywords=Audit Success",
            "_raw": "12/02/2019 02:56:33 AM\nLogName=Security\nSourceName=Microsoft Windows security auditing.\nEventCode=4720\nEventType=0\nType=Information\nComputerName=STDDC01.studenten.ad.hvu.nl\nTaskCategory=User Account Management\nOpCode=Info\nRecordNumber=1339421718\nKeywords=Audit Success\nMessage=A user account was created.\r\n\r\nSubject:\r\n\tSecurity ID:\t\tSTD\\sa-fimadmastd\r\n\tAccount Name:\t\tsa-fimadmastd\r\n\tAccount Domain:\t\tSTD\r\n\tLogon ID:\t\t0x5D9C6C0B\r\n\r\nNew Account:\r\n\tSecurity ID:\t\tSTD\\1776627\r\n\tAccount Name:\t\t1776627\r\n\tAccount Domain:\t\tSTD\r\n\r\nAttributes:\r\n\tSAM Account Name:\t1776627\r\n\tDisplay Name:\t\tPearl Namdar\r\n\tUser Principal Name:\tpearl.namdar@student.hu.nl\r\n\tHome Directory:\t\t\\\\studenten.ad.hvu.nl\\dfs\\users\\fe\\1776627\r\n\tHome Drive:\t\tH:\r\n\tScript Path:\t\t-\r\n\tProfile Path:\t\t-\r\n\tUser Workstations:\t-\r\n\tPassword Last Set:\t<never>\r\n\tAccount Expires:\t\t<never>\r\n\tPrimary Group ID:\t513\r\n\tAllowed To Delegate To:\t-\r\n\tOld UAC Value:\t\t0x0\r\n\tNew UAC Value:\t\t0x11\r\n\tUser Account Control:\t\r\n\t\tAccount Disabled\r\n\t\t'Normal Account' - Enabled\r\n\tUser Parameters:\t-\r\n\tSID History:\t\t-\r\n\tLogon Hours:\t\t<value not set>\r\n\r\nAdditional Information:\r\n\tPrivileges\t\t-",
            "_serial": "46",
            "_si": [
              "cenlog06.srv.hu.nl",
              "ix_windows_p"
            ],
            "_sourcetype": "WinEventLog:Security",
            "_time": "2019-12-02 02:56:33.000 CET"
          }
        },
        {
          "preview": false,
          "offset": 76,
          "result": {
            "target_name": "1776626",
            "target_domain": "STD",
            "_bkt": "ix_windows_p~25~2A6C3041-42AA-49EA-8AED-EAED89B54858",
            "_cd": "25:825847855",
            "_indextime": "1575251792",
            "_pre_msg": "12/02/2019 02:56:33 AM\nLogName=Security\nSourceName=Microsoft Windows security auditing.\nEventCode=4720\nEventType=0\nType=Information\nComputerName=STDDC01.studenten.ad.hvu.nl\nTaskCategory=User Account Management\nOpCode=Info\nRecordNumber=1339421709\nKeywords=Audit Success",
            "_raw": "12/02/2019 02:56:33 AM\nLogName=Security\nSourceName=Microsoft Windows security auditing.\nEventCode=4720\nEventType=0\nType=Information\nComputerName=STDDC01.studenten.ad.hvu.nl\nTaskCategory=User Account Management\nOpCode=Info\nRecordNumber=1339421709\nKeywords=Audit Success\nMessage=A user account was created.\r\n\r\nSubject:\r\n\tSecurity ID:\t\tSTD\\sa-fimadmastd\r\n\tAccount Name:\t\tsa-fimadmastd\r\n\tAccount Domain:\t\tSTD\r\n\tLogon ID:\t\t0x5D9C6C0B\r\n\r\nNew Account:\r\n\tSecurity ID:\t\tSTD\\1776626\r\n\tAccount Name:\t\t1776626\r\n\tAccount Domain:\t\tSTD\r\n\r\nAttributes:\r\n\tSAM Account Name:\t1776626\r\n\tDisplay Name:\t\tMarco Tromp\r\n\tUser Principal Name:\tmarco.tromp@student.hu.nl\r\n\tHome Directory:\t\t\\\\studenten.ad.hvu.nl\\dfs\\users\\fem\\1776626\r\n\tHome Drive:\t\tH:\r\n\tScript Path:\t\t-\r\n\tProfile Path:\t\t-\r\n\tUser Workstations:\t-\r\n\tPassword Last Set:\t<never>\r\n\tAccount Expires:\t\t<never>\r\n\tPrimary Group ID:\t513\r\n\tAllowed To Delegate To:\t-\r\n\tOld UAC Value:\t\t0x0\r\n\tNew UAC Value:\t\t0x11\r\n\tUser Account Control:\t\r\n\t\tAccount Disabled\r\n\t\t'Normal Account' - Enabled\r\n\tUser Parameters:\t-\r\n\tSID History:\t\t-\r\n\tLogon Hours:\t\t<value not set>\r\n\r\nAdditional Information:\r\n\tPrivileges\t\t-",
            "_serial": "47",
            "_si": [
              "cenlog06.srv.hu.nl",
              "ix_windows_p"
            ],
            "_sourcetype": "WinEventLog:Security",
            "_time": "2019-12-02 02:56:33.000 CET"
          }
        },
        {
          "preview": false,
          "offset": 77,
          "result": {
            "target_name": "1776620",
            "target_domain": "STD",
            "_bkt": "ix_windows_p~25~2A6C3041-42AA-49EA-8AED-EAED89B54858",
            "_cd": "25:825847588",
            "_indextime": "1575251792",
            "_pre_msg": "12/02/2019 02:56:33 AM\nLogName=Security\nSourceName=Microsoft Windows security auditing.\nEventCode=4720\nEventType=0\nType=Information\nComputerName=STDDC01.studenten.ad.hvu.nl\nTaskCategory=User Account Management\nOpCode=Info\nRecordNumber=1339421700\nKeywords=Audit Success",
            "_raw": "12/02/2019 02:56:33 AM\nLogName=Security\nSourceName=Microsoft Windows security auditing.\nEventCode=4720\nEventType=0\nType=Information\nComputerName=STDDC01.studenten.ad.hvu.nl\nTaskCategory=User Account Management\nOpCode=Info\nRecordNumber=1339421700\nKeywords=Audit Success\nMessage=A user account was created.\r\n\r\nSubject:\r\n\tSecurity ID:\t\tSTD\\sa-fimadmastd\r\n\tAccount Name:\t\tsa-fimadmastd\r\n\tAccount Domain:\t\tSTD\r\n\tLogon ID:\t\t0x5D9C6C0B\r\n\r\nNew Account:\r\n\tSecurity ID:\t\tSTD\\1776620\r\n\tAccount Name:\t\t1776620\r\n\tAccount Domain:\t\tSTD\r\n\r\nAttributes:\r\n\tSAM Account Name:\t1776620\r\n\tDisplay Name:\t\tKhozama Alsalman\r\n\tUser Principal Name:\tkhozama.alsalman@student.hu.nl\r\n\tHome Directory:\t\t\\\\studenten.ad.hvu.nl\\dfs\\users\\fnt\\1776620\r\n\tHome Drive:\t\tH:\r\n\tScript Path:\t\t-\r\n\tProfile Path:\t\t-\r\n\tUser Workstations:\t-\r\n\tPassword Last Set:\t<never>\r\n\tAccount Expires:\t\t<never>\r\n\tPrimary Group ID:\t513\r\n\tAllowed To Delegate To:\t-\r\n\tOld UAC Value:\t\t0x0\r\n\tNew UAC Value:\t\t0x11\r\n\tUser Account Control:\t\r\n\t\tAccount Disabled\r\n\t\t'Normal Account' - Enabled\r\n\tUser Parameters:\t-\r\n\tSID History:\t\t-\r\n\tLogon Hours:\t\t<value not set>\r\n\r\nAdditional Information:\r\n\tPrivileges\t\t-",
            "_serial": "48",
            "_si": [
              "cenlog06.srv.hu.nl",
              "ix_windows_p"
            ],
            "_sourcetype": "WinEventLog:Security",
            "_time": "2019-12-02 02:56:33.000 CET"
          }
        },
        {
          "preview": false,
          "offset": 78,
          "result": {
            "target_name": "1641514",
            "target_domain": "STD",
            "_bkt": "ix_windows_p~25~2A6C3041-42AA-49EA-8AED-EAED89B54858",
            "_cd": "25:825847185",
            "_indextime": "1575251792",
            "_pre_msg": "12/02/2019 02:56:33 AM\nLogName=Security\nSourceName=Microsoft Windows security auditing.\nEventCode=4720\nEventType=0\nType=Information\nComputerName=STDDC01.studenten.ad.hvu.nl\nTaskCategory=User Account Management\nOpCode=Info\nRecordNumber=1339421688\nKeywords=Audit Success",
            "_raw": "12/02/2019 02:56:33 AM\nLogName=Security\nSourceName=Microsoft Windows security auditing.\nEventCode=4720\nEventType=0\nType=Information\nComputerName=STDDC01.studenten.ad.hvu.nl\nTaskCategory=User Account Management\nOpCode=Info\nRecordNumber=1339421688\nKeywords=Audit Success\nMessage=A user account was created.\r\n\r\nSubject:\r\n\tSecurity ID:\t\tSTD\\sa-fimadmastd\r\n\tAccount Name:\t\tsa-fimadmastd\r\n\tAccount Domain:\t\tSTD\r\n\tLogon ID:\t\t0x5D9C6C0B\r\n\r\nNew Account:\r\n\tSecurity ID:\t\tSTD\\1641514\r\n\tAccount Name:\t\t1641514\r\n\tAccount Domain:\t\tSTD\r\n\r\nAttributes:\r\n\tSAM Account Name:\t1641514\r\n\tDisplay Name:\t\tCarlo Bijlhout\r\n\tUser Principal Name:\tcarlo.bijlhout@student.hu.nl\r\n\tHome Directory:\t\t\\\\studenten.ad.hvu.nl\\dfs\\users\\fcj\\1641514\r\n\tHome Drive:\t\tH:\r\n\tScript Path:\t\t-\r\n\tProfile Path:\t\t-\r\n\tUser Workstations:\t-\r\n\tPassword Last Set:\t<never>\r\n\tAccount Expires:\t\t<never>\r\n\tPrimary Group ID:\t513\r\n\tAllowed To Delegate To:\t-\r\n\tOld UAC Value:\t\t0x0\r\n\tNew UAC Value:\t\t0x11\r\n\tUser Account Control:\t\r\n\t\tAccount Disabled\r\n\t\t'Normal Account' - Enabled\r\n\tUser Parameters:\t-\r\n\tSID History:\t\t-\r\n\tLogon Hours:\t\t<value not set>\r\n\r\nAdditional Information:\r\n\tPrivileges\t\t-",
            "_serial": "49",
            "_si": [
              "cenlog06.srv.hu.nl",
              "ix_windows_p"
            ],
            "_sourcetype": "WinEventLog:Security",
            "_time": "2019-12-02 02:56:33.000 CET"
          }
        },
        {
          "preview": false,
          "offset": 79,
          "result": {
            "target_name": "1776615",
            "target_domain": "STD",
            "_bkt": "ix_windows_p~25~B570ACA6-898E-40F9-AF47-0EC0E5D830DE",
            "_cd": "25:697720569",
            "_indextime": "1575205932",
            "_pre_msg": "12/01/2019 02:12:15 PM\nLogName=Security\nSourceName=Microsoft Windows security auditing.\nEventCode=4720\nEventType=0\nType=Information\nComputerName=STDDC01.studenten.ad.hvu.nl\nTaskCategory=User Account Management\nOpCode=Info\nRecordNumber=1338533804\nKeywords=Audit Success",
            "_raw": "12/01/2019 02:12:15 PM\nLogName=Security\nSourceName=Microsoft Windows security auditing.\nEventCode=4720\nEventType=0\nType=Information\nComputerName=STDDC01.studenten.ad.hvu.nl\nTaskCategory=User Account Management\nOpCode=Info\nRecordNumber=1338533804\nKeywords=Audit Success\nMessage=A user account was created.\r\n\r\nSubject:\r\n\tSecurity ID:\t\tSTD\\sa-fimadmastd\r\n\tAccount Name:\t\tsa-fimadmastd\r\n\tAccount Domain:\t\tSTD\r\n\tLogon ID:\t\t0x5537CD90\r\n\r\nNew Account:\r\n\tSecurity ID:\t\tSTD\\1776615\r\n\tAccount Name:\t\t1776615\r\n\tAccount Domain:\t\tSTD\r\n\r\nAttributes:\r\n\tSAM Account Name:\t1776615\r\n\tDisplay Name:\t\tJan Zeeven\r\n\tUser Principal Name:\tjan.zeeven@student.hu.nl\r\n\tHome Directory:\t\t\\\\studenten.ad.hvu.nl\\dfs\\users\\fmr\\1776615\r\n\tHome Drive:\t\tH:\r\n\tScript Path:\t\t-\r\n\tProfile Path:\t\t-\r\n\tUser Workstations:\t-\r\n\tPassword Last Set:\t<never>\r\n\tAccount Expires:\t\t<never>\r\n\tPrimary Group ID:\t513\r\n\tAllowed To Delegate To:\t-\r\n\tOld UAC Value:\t\t0x0\r\n\tNew UAC Value:\t\t0x11\r\n\tUser Account Control:\t\r\n\t\tAccount Disabled\r\n\t\t'Normal Account' - Enabled\r\n\tUser Parameters:\t-\r\n\tSID History:\t\t-\r\n\tLogon Hours:\t\t<value not set>\r\n\r\nAdditional Information:\r\n\tPrivileges\t\t-",
            "_serial": "29",
            "_si": [
              "cenlog07.srv.hu.nl",
              "ix_windows_p"
            ],
            "_sourcetype": "WinEventLog:Security",
            "_time": "2019-12-01 14:12:15.000 CET"
          }
        },
        {
          "preview": false,
          "offset": 80,
          "result": {
            "target_name": "1776614",
            "target_domain": "STD",
            "_bkt": "ix_windows_p~25~B570ACA6-898E-40F9-AF47-0EC0E5D830DE",
            "_cd": "25:697720260",
            "_indextime": "1575205932",
            "_pre_msg": "12/01/2019 02:12:15 PM\nLogName=Security\nSourceName=Microsoft Windows security auditing.\nEventCode=4720\nEventType=0\nType=Information\nComputerName=STDDC01.studenten.ad.hvu.nl\nTaskCategory=User Account Management\nOpCode=Info\nRecordNumber=1338533793\nKeywords=Audit Success",
            "_raw": "12/01/2019 02:12:15 PM\nLogName=Security\nSourceName=Microsoft Windows security auditing.\nEventCode=4720\nEventType=0\nType=Information\nComputerName=STDDC01.studenten.ad.hvu.nl\nTaskCategory=User Account Management\nOpCode=Info\nRecordNumber=1338533793\nKeywords=Audit Success\nMessage=A user account was created.\r\n\r\nSubject:\r\n\tSecurity ID:\t\tSTD\\sa-fimadmastd\r\n\tAccount Name:\t\tsa-fimadmastd\r\n\tAccount Domain:\t\tSTD\r\n\tLogon ID:\t\t0x5537CD90\r\n\r\nNew Account:\r\n\tSecurity ID:\t\tSTD\\1776614\r\n\tAccount Name:\t\t1776614\r\n\tAccount Domain:\t\tSTD\r\n\r\nAttributes:\r\n\tSAM Account Name:\t1776614\r\n\tDisplay Name:\t\tDebbie van Aalst\r\n\tUser Principal Name:\tdebbie.vanaalst@student.hu.nl\r\n\tHome Directory:\t\t\\\\studenten.ad.hvu.nl\\dfs\\users\\fmr\\1776614\r\n\tHome Drive:\t\tH:\r\n\tScript Path:\t\t-\r\n\tProfile Path:\t\t-\r\n\tUser Workstations:\t-\r\n\tPassword Last Set:\t<never>\r\n\tAccount Expires:\t\t<never>\r\n\tPrimary Group ID:\t513\r\n\tAllowed To Delegate To:\t-\r\n\tOld UAC Value:\t\t0x0\r\n\tNew UAC Value:\t\t0x11\r\n\tUser Account Control:\t\r\n\t\tAccount Disabled\r\n\t\t'Normal Account' - Enabled\r\n\tUser Parameters:\t-\r\n\tSID History:\t\t-\r\n\tLogon Hours:\t\t<value not set>\r\n\r\nAdditional Information:\r\n\tPrivileges\t\t-",
            "_serial": "30",
            "_si": [
              "cenlog07.srv.hu.nl",
              "ix_windows_p"
            ],
            "_sourcetype": "WinEventLog:Security",
            "_time": "2019-12-01 14:12:15.000 CET"
          }
        },
        {
          "preview": false,
          "offset": 81,
          "result": {
            "target_name": "1776603",
            "target_domain": "STD",
            "_bkt": "ix_windows_p~25~B570ACA6-898E-40F9-AF47-0EC0E5D830DE",
            "_cd": "25:697719959",
            "_indextime": "1575205932",
            "_pre_msg": "12/01/2019 02:12:15 PM\nLogName=Security\nSourceName=Microsoft Windows security auditing.\nEventCode=4720\nEventType=0\nType=Information\nComputerName=STDDC01.studenten.ad.hvu.nl\nTaskCategory=User Account Management\nOpCode=Info\nRecordNumber=1338533783\nKeywords=Audit Success",
            "_raw": "12/01/2019 02:12:15 PM\nLogName=Security\nSourceName=Microsoft Windows security auditing.\nEventCode=4720\nEventType=0\nType=Information\nComputerName=STDDC01.studenten.ad.hvu.nl\nTaskCategory=User Account Management\nOpCode=Info\nRecordNumber=1338533783\nKeywords=Audit Success\nMessage=A user account was created.\r\n\r\nSubject:\r\n\tSecurity ID:\t\tSTD\\sa-fimadmastd\r\n\tAccount Name:\t\tsa-fimadmastd\r\n\tAccount Domain:\t\tSTD\r\n\tLogon ID:\t\t0x5537CD90\r\n\r\nNew Account:\r\n\tSecurity ID:\t\tSTD\\1776603\r\n\tAccount Name:\t\t1776603\r\n\tAccount Domain:\t\tSTD\r\n\r\nAttributes:\r\n\tSAM Account Name:\t1776603\r\n\tDisplay Name:\t\tBelinda Olff\r\n\tUser Principal Name:\tbelinda.olff@student.hu.nl\r\n\tHome Directory:\t\t\\\\studenten.ad.hvu.nl\\dfs\\users\\fe\\1776603\r\n\tHome Drive:\t\tH:\r\n\tScript Path:\t\t-\r\n\tProfile Path:\t\t-\r\n\tUser Workstations:\t-\r\n\tPassword Last Set:\t<never>\r\n\tAccount Expires:\t\t<never>\r\n\tPrimary Group ID:\t513\r\n\tAllowed To Delegate To:\t-\r\n\tOld UAC Value:\t\t0x0\r\n\tNew UAC Value:\t\t0x11\r\n\tUser Account Control:\t\r\n\t\tAccount Disabled\r\n\t\t'Normal Account' - Enabled\r\n\tUser Parameters:\t-\r\n\tSID History:\t\t-\r\n\tLogon Hours:\t\t<value not set>\r\n\r\nAdditional Information:\r\n\tPrivileges\t\t-",
            "_serial": "31",
            "_si": [
              "cenlog07.srv.hu.nl",
              "ix_windows_p"
            ],
            "_sourcetype": "WinEventLog:Security",
            "_time": "2019-12-01 14:12:15.000 CET"
          }
        },
        {
          "preview": false,
          "offset": 82,
          "result": {
            "target_name": "1776613",
            "target_domain": "STD",
            "_bkt": "ix_windows_p~25~B570ACA6-898E-40F9-AF47-0EC0E5D830DE",
            "_cd": "25:697719692",
            "_indextime": "1575205932",
            "_pre_msg": "12/01/2019 02:12:15 PM\nLogName=Security\nSourceName=Microsoft Windows security auditing.\nEventCode=4720\nEventType=0\nType=Information\nComputerName=STDDC01.studenten.ad.hvu.nl\nTaskCategory=User Account Management\nOpCode=Info\nRecordNumber=1338533774\nKeywords=Audit Success",
            "_raw": "12/01/2019 02:12:15 PM\nLogName=Security\nSourceName=Microsoft Windows security auditing.\nEventCode=4720\nEventType=0\nType=Information\nComputerName=STDDC01.studenten.ad.hvu.nl\nTaskCategory=User Account Management\nOpCode=Info\nRecordNumber=1338533774\nKeywords=Audit Success\nMessage=A user account was created.\r\n\r\nSubject:\r\n\tSecurity ID:\t\tSTD\\sa-fimadmastd\r\n\tAccount Name:\t\tsa-fimadmastd\r\n\tAccount Domain:\t\tSTD\r\n\tLogon ID:\t\t0x5537CD90\r\n\r\nNew Account:\r\n\tSecurity ID:\t\tSTD\\1776613\r\n\tAccount Name:\t\t1776613\r\n\tAccount Domain:\t\tSTD\r\n\r\nAttributes:\r\n\tSAM Account Name:\t1776613\r\n\tDisplay Name:\t\tIlham El Hallabi\r\n\tUser Principal Name:\tilham.elhallabi@student.hu.nl\r\n\tHome Directory:\t\t\\\\studenten.ad.hvu.nl\\dfs\\users\\fmr\\1776613\r\n\tHome Drive:\t\tH:\r\n\tScript Path:\t\t-\r\n\tProfile Path:\t\t-\r\n\tUser Workstations:\t-\r\n\tPassword Last Set:\t<never>\r\n\tAccount Expires:\t\t<never>\r\n\tPrimary Group ID:\t513\r\n\tAllowed To Delegate To:\t-\r\n\tOld UAC Value:\t\t0x0\r\n\tNew UAC Value:\t\t0x11\r\n\tUser Account Control:\t\r\n\t\tAccount Disabled\r\n\t\t'Normal Account' - Enabled\r\n\tUser Parameters:\t-\r\n\tSID History:\t\t-\r\n\tLogon Hours:\t\t<value not set>\r\n\r\nAdditional Information:\r\n\tPrivileges\t\t-",
            "_serial": "32",
            "_si": [
              "cenlog07.srv.hu.nl",
              "ix_windows_p"
            ],
            "_sourcetype": "WinEventLog:Security",
            "_time": "2019-12-01 14:12:15.000 CET"
          }
        },
        {
          "preview": false,
          "offset": 83,
          "result": {
            "target_name": "1776608",
            "target_domain": "STD",
            "_bkt": "ix_windows_p~25~B570ACA6-898E-40F9-AF47-0EC0E5D830DE",
            "_cd": "25:697719276",
            "_indextime": "1575205932",
            "_pre_msg": "12/01/2019 02:12:15 PM\nLogName=Security\nSourceName=Microsoft Windows security auditing.\nEventCode=4720\nEventType=0\nType=Information\nComputerName=STDDC01.studenten.ad.hvu.nl\nTaskCategory=User Account Management\nOpCode=Info\nRecordNumber=1338533762\nKeywords=Audit Success",
            "_raw": "12/01/2019 02:12:15 PM\nLogName=Security\nSourceName=Microsoft Windows security auditing.\nEventCode=4720\nEventType=0\nType=Information\nComputerName=STDDC01.studenten.ad.hvu.nl\nTaskCategory=User Account Management\nOpCode=Info\nRecordNumber=1338533762\nKeywords=Audit Success\nMessage=A user account was created.\r\n\r\nSubject:\r\n\tSecurity ID:\t\tSTD\\sa-fimadmastd\r\n\tAccount Name:\t\tsa-fimadmastd\r\n\tAccount Domain:\t\tSTD\r\n\tLogon ID:\t\t0x5537CD90\r\n\r\nNew Account:\r\n\tSecurity ID:\t\tSTD\\1776608\r\n\tAccount Name:\t\t1776608\r\n\tAccount Domain:\t\tSTD\r\n\r\nAttributes:\r\n\tSAM Account Name:\t1776608\r\n\tDisplay Name:\t\tBob Schoonen\r\n\tUser Principal Name:\tbob.schoonen@student.hu.nl\r\n\tHome Directory:\t\t\\\\studenten.ad.hvu.nl\\dfs\\users\\fnt\\1776608\r\n\tHome Drive:\t\tH:\r\n\tScript Path:\t\t-\r\n\tProfile Path:\t\t-\r\n\tUser Workstations:\t-\r\n\tPassword Last Set:\t<never>\r\n\tAccount Expires:\t\t<never>\r\n\tPrimary Group ID:\t513\r\n\tAllowed To Delegate To:\t-\r\n\tOld UAC Value:\t\t0x0\r\n\tNew UAC Value:\t\t0x11\r\n\tUser Account Control:\t\r\n\t\tAccount Disabled\r\n\t\t'Normal Account' - Enabled\r\n\tUser Parameters:\t-\r\n\tSID History:\t\t-\r\n\tLogon Hours:\t\t<value not set>\r\n\r\nAdditional Information:\r\n\tPrivileges\t\t-",
            "_serial": "33",
            "_si": [
              "cenlog07.srv.hu.nl",
              "ix_windows_p"
            ],
            "_sourcetype": "WinEventLog:Security",
            "_time": "2019-12-01 14:12:15.000 CET"
          }
        },
        {
          "preview": false,
          "offset": 84,
          "result": {
            "target_name": "1776590",
            "target_domain": "STD",
            "_bkt": "ix_windows_p~25~2A6C3041-42AA-49EA-8AED-EAED89B54858",
            "_cd": "25:513428592",
            "_indextime": "1575114245",
            "_pre_msg": "11/30/2019 12:44:07 PM\nLogName=Security\nSourceName=Microsoft Windows security auditing.\nEventCode=4720\nEventType=0\nType=Information\nComputerName=STDDC01.studenten.ad.hvu.nl\nTaskCategory=User Account Management\nOpCode=Info\nRecordNumber=1337160178\nKeywords=Audit Success",
            "_raw": "11/30/2019 12:44:07 PM\nLogName=Security\nSourceName=Microsoft Windows security auditing.\nEventCode=4720\nEventType=0\nType=Information\nComputerName=STDDC01.studenten.ad.hvu.nl\nTaskCategory=User Account Management\nOpCode=Info\nRecordNumber=1337160178\nKeywords=Audit Success\nMessage=A user account was created.\r\n\r\nSubject:\r\n\tSecurity ID:\t\tSTD\\sa-fimadmastd\r\n\tAccount Name:\t\tsa-fimadmastd\r\n\tAccount Domain:\t\tSTD\r\n\tLogon ID:\t\t0x430F0755\r\n\r\nNew Account:\r\n\tSecurity ID:\t\tSTD\\1776590\r\n\tAccount Name:\t\t1776590\r\n\tAccount Domain:\t\tSTD\r\n\r\nAttributes:\r\n\tSAM Account Name:\t1776590\r\n\tDisplay Name:\t\tRemy Klick\r\n\tUser Principal Name:\tremy.klick@student.hu.nl\r\n\tHome Directory:\t\t\\\\studenten.ad.hvu.nl\\dfs\\users\\fmr\\1776590\r\n\tHome Drive:\t\tH:\r\n\tScript Path:\t\t-\r\n\tProfile Path:\t\t-\r\n\tUser Workstations:\t-\r\n\tPassword Last Set:\t<never>\r\n\tAccount Expires:\t\t<never>\r\n\tPrimary Group ID:\t513\r\n\tAllowed To Delegate To:\t-\r\n\tOld UAC Value:\t\t0x0\r\n\tNew UAC Value:\t\t0x11\r\n\tUser Account Control:\t\r\n\t\tAccount Disabled\r\n\t\t'Normal Account' - Enabled\r\n\tUser Parameters:\t-\r\n\tSID History:\t\t-\r\n\tLogon Hours:\t\t<value not set>\r\n\r\nAdditional Information:\r\n\tPrivileges\t\t-",
            "_serial": "50",
            "_si": [
              "cenlog06.srv.hu.nl",
              "ix_windows_p"
            ],
            "_sourcetype": "WinEventLog:Security",
            "_time": "2019-11-30 12:44:07.000 CET"
          }
        },
        {
          "preview": false,
          "offset": 85,
          "result": {
            "target_name": "1776584",
            "target_domain": "STD",
            "_bkt": "ix_windows_p~25~2A6C3041-42AA-49EA-8AED-EAED89B54858",
            "_cd": "25:452307574",
            "_indextime": "1575081545",
            "_pre_msg": "11/30/2019 03:39:05 AM\nLogName=Security\nSourceName=Microsoft Windows security auditing.\nEventCode=4720\nEventType=0\nType=Information\nComputerName=STDDC01.studenten.ad.hvu.nl\nTaskCategory=User Account Management\nOpCode=Info\nRecordNumber=1336793615\nKeywords=Audit Success",
            "_raw": "11/30/2019 03:39:05 AM\nLogName=Security\nSourceName=Microsoft Windows security auditing.\nEventCode=4720\nEventType=0\nType=Information\nComputerName=STDDC01.studenten.ad.hvu.nl\nTaskCategory=User Account Management\nOpCode=Info\nRecordNumber=1336793615\nKeywords=Audit Success\nMessage=A user account was created.\r\n\r\nSubject:\r\n\tSecurity ID:\t\tSTD\\sa-fimadmastd\r\n\tAccount Name:\t\tsa-fimadmastd\r\n\tAccount Domain:\t\tSTD\r\n\tLogon ID:\t\t0x3D9566CA\r\n\r\nNew Account:\r\n\tSecurity ID:\t\tSTD\\1776584\r\n\tAccount Name:\t\t1776584\r\n\tAccount Domain:\t\tSTD\r\n\r\nAttributes:\r\n\tSAM Account Name:\t1776584\r\n\tDisplay Name:\t\tLiset Dullaart\r\n\tUser Principal Name:\tliset.dullaart@student.hu.nl\r\n\tHome Directory:\t\t\\\\studenten.ad.hvu.nl\\dfs\\users\\fe\\1776584\r\n\tHome Drive:\t\tH:\r\n\tScript Path:\t\t-\r\n\tProfile Path:\t\t-\r\n\tUser Workstations:\t-\r\n\tPassword Last Set:\t<never>\r\n\tAccount Expires:\t\t<never>\r\n\tPrimary Group ID:\t513\r\n\tAllowed To Delegate To:\t-\r\n\tOld UAC Value:\t\t0x0\r\n\tNew UAC Value:\t\t0x11\r\n\tUser Account Control:\t\r\n\t\tAccount Disabled\r\n\t\t'Normal Account' - Enabled\r\n\tUser Parameters:\t-\r\n\tSID History:\t\t-\r\n\tLogon Hours:\t\t<value not set>\r\n\r\nAdditional Information:\r\n\tPrivileges\t\t-",
            "_serial": "51",
            "_si": [
              "cenlog06.srv.hu.nl",
              "ix_windows_p"
            ],
            "_sourcetype": "WinEventLog:Security",
            "_time": "2019-11-30 03:39:05.000 CET"
          }
        },
        {
          "preview": false,
          "offset": 86,
          "result": {
            "target_name": "1776579",
            "target_domain": "STD",
            "_bkt": "ix_windows_p~25~2A6C3041-42AA-49EA-8AED-EAED89B54858",
            "_cd": "25:452301352",
            "_indextime": "1575081543",
            "_pre_msg": "11/30/2019 03:39:05 AM\nLogName=Security\nSourceName=Microsoft Windows security auditing.\nEventCode=4720\nEventType=0\nType=Information\nComputerName=STDDC01.studenten.ad.hvu.nl\nTaskCategory=User Account Management\nOpCode=Info\nRecordNumber=1336793601\nKeywords=Audit Success",
            "_raw": "11/30/2019 03:39:05 AM\nLogName=Security\nSourceName=Microsoft Windows security auditing.\nEventCode=4720\nEventType=0\nType=Information\nComputerName=STDDC01.studenten.ad.hvu.nl\nTaskCategory=User Account Management\nOpCode=Info\nRecordNumber=1336793601\nKeywords=Audit Success\nMessage=A user account was created.\r\n\r\nSubject:\r\n\tSecurity ID:\t\tSTD\\sa-fimadmastd\r\n\tAccount Name:\t\tsa-fimadmastd\r\n\tAccount Domain:\t\tSTD\r\n\tLogon ID:\t\t0x3D9566CA\r\n\r\nNew Account:\r\n\tSecurity ID:\t\tSTD\\1776579\r\n\tAccount Name:\t\t1776579\r\n\tAccount Domain:\t\tSTD\r\n\r\nAttributes:\r\n\tSAM Account Name:\t1776579\r\n\tDisplay Name:\t\tNabiha Yousef\r\n\tUser Principal Name:\tnabiha.yousef@student.hu.nl\r\n\tHome Directory:\t\t\\\\studenten.ad.hvu.nl\\dfs\\users\\fe\\1776579\r\n\tHome Drive:\t\tH:\r\n\tScript Path:\t\t-\r\n\tProfile Path:\t\t-\r\n\tUser Workstations:\t-\r\n\tPassword Last Set:\t<never>\r\n\tAccount Expires:\t\t<never>\r\n\tPrimary Group ID:\t513\r\n\tAllowed To Delegate To:\t-\r\n\tOld UAC Value:\t\t0x0\r\n\tNew UAC Value:\t\t0x11\r\n\tUser Account Control:\t\r\n\t\tAccount Disabled\r\n\t\t'Normal Account' - Enabled\r\n\tUser Parameters:\t-\r\n\tSID History:\t\t-\r\n\tLogon Hours:\t\t<value not set>\r\n\r\nAdditional Information:\r\n\tPrivileges\t\t-",
            "_serial": "52",
            "_si": [
              "cenlog06.srv.hu.nl",
              "ix_windows_p"
            ],
            "_sourcetype": "WinEventLog:Security",
            "_time": "2019-11-30 03:39:05.000 CET"
          }
        },
        {
          "preview": false,
          "offset": 87,
          "result": {
            "target_name": "1776575",
            "target_domain": "STD",
            "_bkt": "ix_windows_p~25~2A6C3041-42AA-49EA-8AED-EAED89B54858",
            "_cd": "25:452301085",
            "_indextime": "1575081543",
            "_pre_msg": "11/30/2019 03:39:05 AM\nLogName=Security\nSourceName=Microsoft Windows security auditing.\nEventCode=4720\nEventType=0\nType=Information\nComputerName=STDDC01.studenten.ad.hvu.nl\nTaskCategory=User Account Management\nOpCode=Info\nRecordNumber=1336793592\nKeywords=Audit Success",
            "_raw": "11/30/2019 03:39:05 AM\nLogName=Security\nSourceName=Microsoft Windows security auditing.\nEventCode=4720\nEventType=0\nType=Information\nComputerName=STDDC01.studenten.ad.hvu.nl\nTaskCategory=User Account Management\nOpCode=Info\nRecordNumber=1336793592\nKeywords=Audit Success\nMessage=A user account was created.\r\n\r\nSubject:\r\n\tSecurity ID:\t\tSTD\\sa-fimadmastd\r\n\tAccount Name:\t\tsa-fimadmastd\r\n\tAccount Domain:\t\tSTD\r\n\tLogon ID:\t\t0x3D9566CA\r\n\r\nNew Account:\r\n\tSecurity ID:\t\tSTD\\1776575\r\n\tAccount Name:\t\t1776575\r\n\tAccount Domain:\t\tSTD\r\n\r\nAttributes:\r\n\tSAM Account Name:\t1776575\r\n\tDisplay Name:\t\tNadir El Kaddouri\r\n\tUser Principal Name:\tnadir.elkaddouri@student.hu.nl\r\n\tHome Directory:\t\t\\\\studenten.ad.hvu.nl\\dfs\\users\\fe\\1776575\r\n\tHome Drive:\t\tH:\r\n\tScript Path:\t\t-\r\n\tProfile Path:\t\t-\r\n\tUser Workstations:\t-\r\n\tPassword Last Set:\t<never>\r\n\tAccount Expires:\t\t<never>\r\n\tPrimary Group ID:\t513\r\n\tAllowed To Delegate To:\t-\r\n\tOld UAC Value:\t\t0x0\r\n\tNew UAC Value:\t\t0x11\r\n\tUser Account Control:\t\r\n\t\tAccount Disabled\r\n\t\t'Normal Account' - Enabled\r\n\tUser Parameters:\t-\r\n\tSID History:\t\t-\r\n\tLogon Hours:\t\t<value not set>\r\n\r\nAdditional Information:\r\n\tPrivileges\t\t-",
            "_serial": "53",
            "_si": [
              "cenlog06.srv.hu.nl",
              "ix_windows_p"
            ],
            "_sourcetype": "WinEventLog:Security",
            "_time": "2019-11-30 03:39:05.000 CET"
          }
        },
        {
          "preview": false,
          "offset": 88,
          "result": {
            "target_name": "1776573",
            "target_domain": "STD",
            "_bkt": "ix_windows_p~25~2A6C3041-42AA-49EA-8AED-EAED89B54858",
            "_cd": "25:452300819",
            "_indextime": "1575081543",
            "_pre_msg": "11/30/2019 03:39:05 AM\nLogName=Security\nSourceName=Microsoft Windows security auditing.\nEventCode=4720\nEventType=0\nType=Information\nComputerName=STDDC01.studenten.ad.hvu.nl\nTaskCategory=User Account Management\nOpCode=Info\nRecordNumber=1336793583\nKeywords=Audit Success",
