            "_raw": "12/04/2019 02:09:08 AM\nLogName=Security\nSourceName=Microsoft Windows security auditing.\nEventCode=4720\nEventType=0\nType=Information\nComputerName=STDDC01.studenten.ad.hvu.nl\nTaskCategory=User Account Management\nOpCode=Info\nRecordNumber=1342818712\nKeywords=Audit Success\nMessage=A user account was created.\r\n\r\nSubject:\r\n\tSecurity ID:\t\tSTD\\sa-fimadmastd\r\n\tAccount Name:\t\tsa-fimadmastd\r\n\tAccount Domain:\t\tSTD\r\n\tLogon ID:\t\t0x7F7CC84F\r\n\r\nNew Account:\r\n\tSecurity ID:\t\tSTD\\1739592\r\n\tAccount Name:\t\t1739592\r\n\tAccount Domain:\t\tSTD\r\n\r\nAttributes:\r\n\tSAM Account Name:\t1739592\r\n\tDisplay Name:\t\tIdris Atmani\r\n\tUser Principal Name:\tidris.atmani@student.hu.nl\r\n\tHome Directory:\t\t\\\\studenten.ad.hvu.nl\\dfs\\users\\fnt\\1739592\r\n\tHome Drive:\t\tH:\r\n\tScript Path:\t\t-\r\n\tProfile Path:\t\t-\r\n\tUser Workstations:\t-\r\n\tPassword Last Set:\t<never>\r\n\tAccount Expires:\t\t<never>\r\n\tPrimary Group ID:\t513\r\n\tAllowed To Delegate To:\t-\r\n\tOld UAC Value:\t\t0x0\r\n\tNew UAC Value:\t\t0x11\r\n\tUser Account Control:\t\r\n\t\tAccount Disabled\r\n\t\t'Normal Account' - Enabled\r\n\tUser Parameters:\t-\r\n\tSID History:\t\t-\r\n\tLogon Hours:\t\t<value not set>\r\n\r\nAdditional Information:\r\n\tPrivileges\t\t-",
            "_serial": "17",
            "_si": [
              "cenlog07.srv.hu.nl",
              "ix_windows_p"
            ],
            "_sourcetype": "WinEventLog:Security",
            "_time": "2019-12-04 02:09:08.000 CET"
          }
        },
        {
          "preview": false,
          "offset": 23,
          "result": {
            "target_name": "1713847",
            "target_domain": "STD",
            "_bkt": "ix_windows_p~26~B570ACA6-898E-40F9-AF47-0EC0E5D830DE",
            "_cd": "26:509529805",
            "_indextime": "1575421748",
            "_pre_msg": "12/04/2019 02:09:08 AM\nLogName=Security\nSourceName=Microsoft Windows security auditing.\nEventCode=4720\nEventType=0\nType=Information\nComputerName=STDDC01.studenten.ad.hvu.nl\nTaskCategory=User Account Management\nOpCode=Info\nRecordNumber=1342818699\nKeywords=Audit Success",
            "_raw": "12/04/2019 02:09:08 AM\nLogName=Security\nSourceName=Microsoft Windows security auditing.\nEventCode=4720\nEventType=0\nType=Information\nComputerName=STDDC01.studenten.ad.hvu.nl\nTaskCategory=User Account Management\nOpCode=Info\nRecordNumber=1342818699\nKeywords=Audit Success\nMessage=A user account was created.\r\n\r\nSubject:\r\n\tSecurity ID:\t\tSTD\\sa-fimadmastd\r\n\tAccount Name:\t\tsa-fimadmastd\r\n\tAccount Domain:\t\tSTD\r\n\tLogon ID:\t\t0x7F7CC84F\r\n\r\nNew Account:\r\n\tSecurity ID:\t\tSTD\\1713847\r\n\tAccount Name:\t\t1713847\r\n\tAccount Domain:\t\tSTD\r\n\r\nAttributes:\r\n\tSAM Account Name:\t1713847\r\n\tDisplay Name:\t\tZoë Martis\r\n\tUser Principal Name:\tzoe.martis@student.hu.nl\r\n\tHome Directory:\t\t\\\\studenten.ad.hvu.nl\\dfs\\users\\fe\\1713847\r\n\tHome Drive:\t\tH:\r\n\tScript Path:\t\t-\r\n\tProfile Path:\t\t-\r\n\tUser Workstations:\t-\r\n\tPassword Last Set:\t<never>\r\n\tAccount Expires:\t\t<never>\r\n\tPrimary Group ID:\t513\r\n\tAllowed To Delegate To:\t-\r\n\tOld UAC Value:\t\t0x0\r\n\tNew UAC Value:\t\t0x11\r\n\tUser Account Control:\t\r\n\t\tAccount Disabled\r\n\t\t'Normal Account' - Enabled\r\n\tUser Parameters:\t-\r\n\tSID History:\t\t-\r\n\tLogon Hours:\t\t<value not set>\r\n\r\nAdditional Information:\r\n\tPrivileges\t\t-",
            "_serial": "18",
            "_si": [
              "cenlog07.srv.hu.nl",
              "ix_windows_p"
            ],
            "_sourcetype": "WinEventLog:Security",
            "_time": "2019-12-04 02:09:08.000 CET"
          }
        },
        {
          "preview": false,
          "offset": 24,
          "result": {
            "target_name": "1620785",
            "target_domain": "STD",
            "_bkt": "ix_windows_p~26~B570ACA6-898E-40F9-AF47-0EC0E5D830DE",
            "_cd": "26:509529363",
            "_indextime": "1575421748",
            "_pre_msg": "12/04/2019 02:09:08 AM\nLogName=Security\nSourceName=Microsoft Windows security auditing.\nEventCode=4720\nEventType=0\nType=Information\nComputerName=STDDC01.studenten.ad.hvu.nl\nTaskCategory=User Account Management\nOpCode=Info\nRecordNumber=1342818686\nKeywords=Audit Success",
            "_raw": "12/04/2019 02:09:08 AM\nLogName=Security\nSourceName=Microsoft Windows security auditing.\nEventCode=4720\nEventType=0\nType=Information\nComputerName=STDDC01.studenten.ad.hvu.nl\nTaskCategory=User Account Management\nOpCode=Info\nRecordNumber=1342818686\nKeywords=Audit Success\nMessage=A user account was created.\r\n\r\nSubject:\r\n\tSecurity ID:\t\tSTD\\sa-fimadmastd\r\n\tAccount Name:\t\tsa-fimadmastd\r\n\tAccount Domain:\t\tSTD\r\n\tLogon ID:\t\t0x7F7CC84F\r\n\r\nNew Account:\r\n\tSecurity ID:\t\tSTD\\1620785\r\n\tAccount Name:\t\t1620785\r\n\tAccount Domain:\t\tSTD\r\n\r\nAttributes:\r\n\tSAM Account Name:\t1620785\r\n\tDisplay Name:\t\tDenis Dusak\r\n\tUser Principal Name:\tdenis.dusak@student.hu.nl\r\n\tHome Directory:\t\t\\\\studenten.ad.hvu.nl\\dfs\\users\\fe\\1620785\r\n\tHome Drive:\t\tH:\r\n\tScript Path:\t\t-\r\n\tProfile Path:\t\t-\r\n\tUser Workstations:\t-\r\n\tPassword Last Set:\t<never>\r\n\tAccount Expires:\t\t<never>\r\n\tPrimary Group ID:\t513\r\n\tAllowed To Delegate To:\t-\r\n\tOld UAC Value:\t\t0x0\r\n\tNew UAC Value:\t\t0x11\r\n\tUser Account Control:\t\r\n\t\tAccount Disabled\r\n\t\t'Normal Account' - Enabled\r\n\tUser Parameters:\t-\r\n\tSID History:\t\t-\r\n\tLogon Hours:\t\t<value not set>\r\n\r\nAdditional Information:\r\n\tPrivileges\t\t-",
            "_serial": "19",
            "_si": [
              "cenlog07.srv.hu.nl",
              "ix_windows_p"
            ],
            "_sourcetype": "WinEventLog:Security",
            "_time": "2019-12-04 02:09:08.000 CET"
          }
        },
        {
          "preview": false,
          "offset": 25,
          "result": {
            "target_name": "1614732",
            "target_domain": "STD",
            "_bkt": "ix_windows_p~26~B570ACA6-898E-40F9-AF47-0EC0E5D830DE",
            "_cd": "26:509528920",
            "_indextime": "1575421748",
            "_pre_msg": "12/04/2019 02:09:08 AM\nLogName=Security\nSourceName=Microsoft Windows security auditing.\nEventCode=4720\nEventType=0\nType=Information\nComputerName=STDDC01.studenten.ad.hvu.nl\nTaskCategory=User Account Management\nOpCode=Info\nRecordNumber=1342818673\nKeywords=Audit Success",
            "_raw": "12/04/2019 02:09:08 AM\nLogName=Security\nSourceName=Microsoft Windows security auditing.\nEventCode=4720\nEventType=0\nType=Information\nComputerName=STDDC01.studenten.ad.hvu.nl\nTaskCategory=User Account Management\nOpCode=Info\nRecordNumber=1342818673\nKeywords=Audit Success\nMessage=A user account was created.\r\n\r\nSubject:\r\n\tSecurity ID:\t\tSTD\\sa-fimadmastd\r\n\tAccount Name:\t\tsa-fimadmastd\r\n\tAccount Domain:\t\tSTD\r\n\tLogon ID:\t\t0x7F7CC84F\r\n\r\nNew Account:\r\n\tSecurity ID:\t\tSTD\\1614732\r\n\tAccount Name:\t\t1614732\r\n\tAccount Domain:\t\tSTD\r\n\r\nAttributes:\r\n\tSAM Account Name:\t1614732\r\n\tDisplay Name:\t\tSharon Witteveen\r\n\tUser Principal Name:\tsharon.witteveen@student.hu.nl\r\n\tHome Directory:\t\t\\\\studenten.ad.hvu.nl\\dfs\\users\\fe\\1614732\r\n\tHome Drive:\t\tH:\r\n\tScript Path:\t\t-\r\n\tProfile Path:\t\t-\r\n\tUser Workstations:\t-\r\n\tPassword Last Set:\t<never>\r\n\tAccount Expires:\t\t<never>\r\n\tPrimary Group ID:\t513\r\n\tAllowed To Delegate To:\t-\r\n\tOld UAC Value:\t\t0x0\r\n\tNew UAC Value:\t\t0x11\r\n\tUser Account Control:\t\r\n\t\tAccount Disabled\r\n\t\t'Normal Account' - Enabled\r\n\tUser Parameters:\t-\r\n\tSID History:\t\t-\r\n\tLogon Hours:\t\t<value not set>\r\n\r\nAdditional Information:\r\n\tPrivileges\t\t-",
            "_serial": "20",
            "_si": [
              "cenlog07.srv.hu.nl",
              "ix_windows_p"
            ],
            "_sourcetype": "WinEventLog:Security",
            "_time": "2019-12-04 02:09:08.000 CET"
          }
        },
        {
          "preview": false,
          "offset": 26,
          "result": {
            "target_name": "1214079",
            "target_domain": "STD",
            "_bkt": "ix_windows_p~26~B570ACA6-898E-40F9-AF47-0EC0E5D830DE",
            "_cd": "26:509527976",
            "_indextime": "1575421748",
            "_pre_msg": "12/04/2019 02:09:08 AM\nLogName=Security\nSourceName=Microsoft Windows security auditing.\nEventCode=4720\nEventType=0\nType=Information\nComputerName=STDDC01.studenten.ad.hvu.nl\nTaskCategory=User Account Management\nOpCode=Info\nRecordNumber=1342818650\nKeywords=Audit Success",
            "_raw": "12/04/2019 02:09:08 AM\nLogName=Security\nSourceName=Microsoft Windows security auditing.\nEventCode=4720\nEventType=0\nType=Information\nComputerName=STDDC01.studenten.ad.hvu.nl\nTaskCategory=User Account Management\nOpCode=Info\nRecordNumber=1342818650\nKeywords=Audit Success\nMessage=A user account was created.\r\n\r\nSubject:\r\n\tSecurity ID:\t\tSTD\\sa-fimadmastd\r\n\tAccount Name:\t\tsa-fimadmastd\r\n\tAccount Domain:\t\tSTD\r\n\tLogon ID:\t\t0x7F7CC84F\r\n\r\nNew Account:\r\n\tSecurity ID:\t\tSTD\\1214079\r\n\tAccount Name:\t\t1214079\r\n\tAccount Domain:\t\tSTD\r\n\r\nAttributes:\r\n\tSAM Account Name:\t1214079\r\n\tDisplay Name:\t\tSalima Lakhal\r\n\tUser Principal Name:\tsalima.lakhal@student.hu.nl\r\n\tHome Directory:\t\t\\\\studenten.ad.hvu.nl\\dfs\\users\\fg\\1214079\r\n\tHome Drive:\t\tH:\r\n\tScript Path:\t\t-\r\n\tProfile Path:\t\t-\r\n\tUser Workstations:\t-\r\n\tPassword Last Set:\t<never>\r\n\tAccount Expires:\t\t<never>\r\n\tPrimary Group ID:\t513\r\n\tAllowed To Delegate To:\t-\r\n\tOld UAC Value:\t\t0x0\r\n\tNew UAC Value:\t\t0x11\r\n\tUser Account Control:\t\r\n\t\tAccount Disabled\r\n\t\t'Normal Account' - Enabled\r\n\tUser Parameters:\t-\r\n\tSID History:\t\t-\r\n\tLogon Hours:\t\t<value not set>\r\n\r\nAdditional Information:\r\n\tPrivileges\t\t-",
            "_serial": "21",
            "_si": [
              "cenlog07.srv.hu.nl",
              "ix_windows_p"
            ],
            "_sourcetype": "WinEventLog:Security",
            "_time": "2019-12-04 02:09:08.000 CET"
          }
        },
        {
          "preview": false,
          "offset": 27,
          "result": {
            "target_name": "agnes.boelhouwer",
            "target_domain": "MDW",
            "_bkt": "ix_windows_p~26~2A6C3041-42AA-49EA-8AED-EAED89B54858",
            "_cd": "26:374772027",
            "_indextime": "1575375304",
            "_pre_msg": "12/03/2019 01:15:03 PM\nLogName=Security\nSourceName=Microsoft Windows security auditing.\nEventCode=4720\nEventType=0\nType=Information\nComputerName=MDWDC02.medewerkers.ad.hvu.nl\nTaskCategory=User Account Management\nOpCode=Info\nRecordNumber=3767463876\nKeywords=Audit Success",
            "_raw": "12/03/2019 01:15:03 PM\nLogName=Security\nSourceName=Microsoft Windows security auditing.\nEventCode=4720\nEventType=0\nType=Information\nComputerName=MDWDC02.medewerkers.ad.hvu.nl\nTaskCategory=User Account Management\nOpCode=Info\nRecordNumber=3767463876\nKeywords=Audit Success\nMessage=A user account was created.\r\n\r\nSubject:\r\n\tSecurity ID:\t\tS-1-5-21-1757436266-1070379326-1452763161-46562\r\n\tAccount Name:\t\tsa-FIMADMA\r\n\tAccount Domain:\t\tMDW\r\n\tLogon ID:\t\t0x60389EE5\r\n\r\nNew Account:\r\n\tSecurity ID:\t\tS-1-5-21-1757436266-1070379326-1452763161-136188\r\n\tAccount Name:\t\tagnes.boelhouwer\r\n\tAccount Domain:\t\tMDW\r\n\r\nAttributes:\r\n\tSAM Account Name:\tagnes.boelhouwer\r\n\tDisplay Name:\t\tAgnes Boelhouwer\r\n\tUser Principal Name:\tagnes.boelhouwer@hu.nl\r\n\tHome Directory:\t\t\\\\medewerkers.ad.hvu.nl\\dfs\\Users\\HUD\\agnes.boelhouwer\r\n\tHome Drive:\t\tH:\r\n\tScript Path:\t\t-\r\n\tProfile Path:\t\t-\r\n\tUser Workstations:\t-\r\n\tPassword Last Set:\t<never>\r\n\tAccount Expires:\t\t1/2/2020 12:00:00 AM\r\n\tPrimary Group ID:\t513\r\n\tAllowed To Delegate To:\t-\r\n\tOld UAC Value:\t\t0x0\r\n\tNew UAC Value:\t\t0x11\r\n\tUser Account Control:\t\r\n\t\tAccount Disabled\r\n\t\t'Normal Account' - Enabled\r\n\tUser Parameters:\t-\r\n\tSID History:\t\t-\r\n\tLogon Hours:\t\t<value not set>\r\n\r\nAdditional Information:\r\n\tPrivileges\t\t-",
            "_serial": "5",
            "_si": [
              "cenlog06.srv.hu.nl",
              "ix_windows_p"
            ],
            "_sourcetype": "WinEventLog:Security",
            "_time": "2019-12-03 13:15:03.000 CET"
          }
        },
        {
          "preview": false,
          "offset": 28,
          "result": {
            "target_name": "noureen.william",
            "target_domain": "MDW",
            "_bkt": "ix_windows_p~26~2A6C3041-42AA-49EA-8AED-EAED89B54858",
            "_cd": "26:374766777",
            "_indextime": "1575375304",
            "_pre_msg": "12/03/2019 01:15:03 PM\nLogName=Security\nSourceName=Microsoft Windows security auditing.\nEventCode=4720\nEventType=0\nType=Information\nComputerName=MDWDC02.medewerkers.ad.hvu.nl\nTaskCategory=User Account Management\nOpCode=Info\nRecordNumber=3767463867\nKeywords=Audit Success",
            "_raw": "12/03/2019 01:15:03 PM\nLogName=Security\nSourceName=Microsoft Windows security auditing.\nEventCode=4720\nEventType=0\nType=Information\nComputerName=MDWDC02.medewerkers.ad.hvu.nl\nTaskCategory=User Account Management\nOpCode=Info\nRecordNumber=3767463867\nKeywords=Audit Success\nMessage=A user account was created.\r\n\r\nSubject:\r\n\tSecurity ID:\t\tS-1-5-21-1757436266-1070379326-1452763161-46562\r\n\tAccount Name:\t\tsa-FIMADMA\r\n\tAccount Domain:\t\tMDW\r\n\tLogon ID:\t\t0x60389EE5\r\n\r\nNew Account:\r\n\tSecurity ID:\t\tS-1-5-21-1757436266-1070379326-1452763161-136187\r\n\tAccount Name:\t\tnoureen.william\r\n\tAccount Domain:\t\tMDW\r\n\r\nAttributes:\r\n\tSAM Account Name:\tnoureen.william\r\n\tDisplay Name:\t\tNoureen William\r\n\tUser Principal Name:\tnoureen.william@hu.nl\r\n\tHome Directory:\t\t\\\\medewerkers.ad.hvu.nl\\dfs\\Users\\HUD\\noureen.william\r\n\tHome Drive:\t\tH:\r\n\tScript Path:\t\t-\r\n\tProfile Path:\t\t-\r\n\tUser Workstations:\t-\r\n\tPassword Last Set:\t<never>\r\n\tAccount Expires:\t\t1/1/2020 12:00:00 AM\r\n\tPrimary Group ID:\t513\r\n\tAllowed To Delegate To:\t-\r\n\tOld UAC Value:\t\t0x0\r\n\tNew UAC Value:\t\t0x11\r\n\tUser Account Control:\t\r\n\t\tAccount Disabled\r\n\t\t'Normal Account' - Enabled\r\n\tUser Parameters:\t-\r\n\tSID History:\t\t-\r\n\tLogon Hours:\t\t<value not set>\r\n\r\nAdditional Information:\r\n\tPrivileges\t\t-",
            "_serial": "6",
            "_si": [
              "cenlog06.srv.hu.nl",
              "ix_windows_p"
            ],
            "_sourcetype": "WinEventLog:Security",
            "_time": "2019-12-03 13:15:03.000 CET"
          }
        },
        {
          "preview": false,
          "offset": 29,
          "result": {
            "target_name": "dorien.foppen-degraa",
            "target_domain": "MDW",
            "_bkt": "ix_windows_p~26~2A6C3041-42AA-49EA-8AED-EAED89B54858",
            "_cd": "26:374764978",
            "_indextime": "1575375304",
            "_pre_msg": "12/03/2019 01:15:03 PM\nLogName=Security\nSourceName=Microsoft Windows security auditing.\nEventCode=4720\nEventType=0\nType=Information\nComputerName=MDWDC02.medewerkers.ad.hvu.nl\nTaskCategory=User Account Management\nOpCode=Info\nRecordNumber=3767463840\nKeywords=Audit Success",
            "_raw": "12/03/2019 01:15:03 PM\nLogName=Security\nSourceName=Microsoft Windows security auditing.\nEventCode=4720\nEventType=0\nType=Information\nComputerName=MDWDC02.medewerkers.ad.hvu.nl\nTaskCategory=User Account Management\nOpCode=Info\nRecordNumber=3767463840\nKeywords=Audit Success\nMessage=A user account was created.\r\n\r\nSubject:\r\n\tSecurity ID:\t\tS-1-5-21-1757436266-1070379326-1452763161-46562\r\n\tAccount Name:\t\tsa-FIMADMA\r\n\tAccount Domain:\t\tMDW\r\n\tLogon ID:\t\t0x60389EE5\r\n\r\nNew Account:\r\n\tSecurity ID:\t\tS-1-5-21-1757436266-1070379326-1452763161-136186\r\n\tAccount Name:\t\tdorien.foppen-degraa\r\n\tAccount Domain:\t\tMDW\r\n\r\nAttributes:\r\n\tSAM Account Name:\tdorien.foppen-degraa\r\n\tDisplay Name:\t\tDorien Foppen-de Graaf\r\n\tUser Principal Name:\tdorien.foppen-degraaf@hu.nl\r\n\tHome Directory:\t\t\\\\medewerkers.ad.hvu.nl\\dfs\\Users\\HUD\\dorien.foppen-degraaf\r\n\tHome Drive:\t\tH:\r\n\tScript Path:\t\t-\r\n\tProfile Path:\t\t-\r\n\tUser Workstations:\t-\r\n\tPassword Last Set:\t<never>\r\n\tAccount Expires:\t\t1/1/2020 12:00:00 AM\r\n\tPrimary Group ID:\t513\r\n\tAllowed To Delegate To:\t-\r\n\tOld UAC Value:\t\t0x0\r\n\tNew UAC Value:\t\t0x11\r\n\tUser Account Control:\t\r\n\t\tAccount Disabled\r\n\t\t'Normal Account' - Enabled\r\n\tUser Parameters:\t-\r\n\tSID History:\t\t-\r\n\tLogon Hours:\t\t<value not set>\r\n\r\nAdditional Information:\r\n\tPrivileges\t\t-",
            "_serial": "7",
            "_si": [
              "cenlog06.srv.hu.nl",
              "ix_windows_p"
            ],
            "_sourcetype": "WinEventLog:Security",
            "_time": "2019-12-03 13:15:03.000 CET"
          }
        },
        {
          "preview": false,
          "offset": 30,
          "result": {
            "target_name": "ilyas.ajtitouh",
            "target_domain": "MDW",
            "_bkt": "ix_windows_p~26~2A6C3041-42AA-49EA-8AED-EAED89B54858",
            "_cd": "26:374753019",
            "_indextime": "1575375302",
            "_pre_msg": "12/03/2019 01:15:03 PM\nLogName=Security\nSourceName=Microsoft Windows security auditing.\nEventCode=4720\nEventType=0\nType=Information\nComputerName=MDWDC02.medewerkers.ad.hvu.nl\nTaskCategory=User Account Management\nOpCode=Info\nRecordNumber=3767463824\nKeywords=Audit Success",
            "_raw": "12/03/2019 01:15:03 PM\nLogName=Security\nSourceName=Microsoft Windows security auditing.\nEventCode=4720\nEventType=0\nType=Information\nComputerName=MDWDC02.medewerkers.ad.hvu.nl\nTaskCategory=User Account Management\nOpCode=Info\nRecordNumber=3767463824\nKeywords=Audit Success\nMessage=A user account was created.\r\n\r\nSubject:\r\n\tSecurity ID:\t\tS-1-5-21-1757436266-1070379326-1452763161-46562\r\n\tAccount Name:\t\tsa-FIMADMA\r\n\tAccount Domain:\t\tMDW\r\n\tLogon ID:\t\t0x60389EE5\r\n\r\nNew Account:\r\n\tSecurity ID:\t\tS-1-5-21-1757436266-1070379326-1452763161-136185\r\n\tAccount Name:\t\tilyas.ajtitouh\r\n\tAccount Domain:\t\tMDW\r\n\r\nAttributes:\r\n\tSAM Account Name:\tilyas.ajtitouh\r\n\tDisplay Name:\t\tIlyas Ajtitouh\r\n\tUser Principal Name:\tilyas.ajtitouh@hu.nl\r\n\tHome Directory:\t\t\\\\medewerkers.ad.hvu.nl\\dfs\\Users\\HUD\\ilyas.ajtitouh\r\n\tHome Drive:\t\tH:\r\n\tScript Path:\t\t-\r\n\tProfile Path:\t\t-\r\n\tUser Workstations:\t-\r\n\tPassword Last Set:\t<never>\r\n\tAccount Expires:\t\t1/1/2020 12:00:00 AM\r\n\tPrimary Group ID:\t513\r\n\tAllowed To Delegate To:\t-\r\n\tOld UAC Value:\t\t0x0\r\n\tNew UAC Value:\t\t0x11\r\n\tUser Account Control:\t\r\n\t\tAccount Disabled\r\n\t\t'Normal Account' - Enabled\r\n\tUser Parameters:\t-\r\n\tSID History:\t\t-\r\n\tLogon Hours:\t\t<value not set>\r\n\r\nAdditional Information:\r\n\tPrivileges\t\t-",
            "_serial": "8",
            "_si": [
              "cenlog06.srv.hu.nl",
              "ix_windows_p"
            ],
            "_sourcetype": "WinEventLog:Security",
            "_time": "2019-12-03 13:15:03.000 CET"
          }
        },
        {
          "preview": false,
          "offset": 31,
          "result": {
            "target_name": "sienna.vandermolen",
            "target_domain": "MDW",
            "_bkt": "ix_windows_p~26~2A6C3041-42AA-49EA-8AED-EAED89B54858",
            "_cd": "26:374752228",
            "_indextime": "1575375302",
            "_pre_msg": "12/03/2019 01:15:03 PM\nLogName=Security\nSourceName=Microsoft Windows security auditing.\nEventCode=4720\nEventType=0\nType=Information\nComputerName=MDWDC02.medewerkers.ad.hvu.nl\nTaskCategory=User Account Management\nOpCode=Info\nRecordNumber=3767463802\nKeywords=Audit Success",
            "_raw": "12/03/2019 01:15:03 PM\nLogName=Security\nSourceName=Microsoft Windows security auditing.\nEventCode=4720\nEventType=0\nType=Information\nComputerName=MDWDC02.medewerkers.ad.hvu.nl\nTaskCategory=User Account Management\nOpCode=Info\nRecordNumber=3767463802\nKeywords=Audit Success\nMessage=A user account was created.\r\n\r\nSubject:\r\n\tSecurity ID:\t\tS-1-5-21-1757436266-1070379326-1452763161-46562\r\n\tAccount Name:\t\tsa-FIMADMA\r\n\tAccount Domain:\t\tMDW\r\n\tLogon ID:\t\t0x60389EE5\r\n\r\nNew Account:\r\n\tSecurity ID:\t\tS-1-5-21-1757436266-1070379326-1452763161-136184\r\n\tAccount Name:\t\tsienna.vandermolen\r\n\tAccount Domain:\t\tMDW\r\n\r\nAttributes:\r\n\tSAM Account Name:\tsienna.vandermolen\r\n\tDisplay Name:\t\tSiënna van der Molen\r\n\tUser Principal Name:\tsienna.vandermolen@hu.nl\r\n\tHome Directory:\t\t\\\\medewerkers.ad.hvu.nl\\dfs\\Users\\HUD\\sienna.vandermolen\r\n\tHome Drive:\t\tH:\r\n\tScript Path:\t\t-\r\n\tProfile Path:\t\t-\r\n\tUser Workstations:\t-\r\n\tPassword Last Set:\t<never>\r\n\tAccount Expires:\t\t1/1/2020 12:00:00 AM\r\n\tPrimary Group ID:\t513\r\n\tAllowed To Delegate To:\t-\r\n\tOld UAC Value:\t\t0x0\r\n\tNew UAC Value:\t\t0x11\r\n\tUser Account Control:\t\r\n\t\tAccount Disabled\r\n\t\t'Normal Account' - Enabled\r\n\tUser Parameters:\t-\r\n\tSID History:\t\t-\r\n\tLogon Hours:\t\t<value not set>\r\n\r\nAdditional Information:\r\n\tPrivileges\t\t-",
            "_serial": "9",
            "_si": [
              "cenlog06.srv.hu.nl",
              "ix_windows_p"
            ],
            "_sourcetype": "WinEventLog:Security",
            "_time": "2019-12-03 13:15:03.000 CET"
          }
        },
        {
          "preview": false,
          "offset": 32,
          "result": {
            "target_name": "marloes.spook",
            "target_domain": "MDW",
            "_bkt": "ix_windows_p~26~2A6C3041-42AA-49EA-8AED-EAED89B54858",
            "_cd": "26:374751408",
            "_indextime": "1575375302",
            "_pre_msg": "12/03/2019 01:15:03 PM\nLogName=Security\nSourceName=Microsoft Windows security auditing.\nEventCode=4720\nEventType=0\nType=Information\nComputerName=MDWDC02.medewerkers.ad.hvu.nl\nTaskCategory=User Account Management\nOpCode=Info\nRecordNumber=3767463781\nKeywords=Audit Success",
            "_raw": "12/03/2019 01:15:03 PM\nLogName=Security\nSourceName=Microsoft Windows security auditing.\nEventCode=4720\nEventType=0\nType=Information\nComputerName=MDWDC02.medewerkers.ad.hvu.nl\nTaskCategory=User Account Management\nOpCode=Info\nRecordNumber=3767463781\nKeywords=Audit Success\nMessage=A user account was created.\r\n\r\nSubject:\r\n\tSecurity ID:\t\tS-1-5-21-1757436266-1070379326-1452763161-46562\r\n\tAccount Name:\t\tsa-FIMADMA\r\n\tAccount Domain:\t\tMDW\r\n\tLogon ID:\t\t0x60389EE5\r\n\r\nNew Account:\r\n\tSecurity ID:\t\tS-1-5-21-1757436266-1070379326-1452763161-136183\r\n\tAccount Name:\t\tmarloes.spook\r\n\tAccount Domain:\t\tMDW\r\n\r\nAttributes:\r\n\tSAM Account Name:\tmarloes.spook\r\n\tDisplay Name:\t\tMarloes Spook\r\n\tUser Principal Name:\tmarloes.spook@hu.nl\r\n\tHome Directory:\t\t\\\\medewerkers.ad.hvu.nl\\dfs\\Users\\HUD\\marloes.spook\r\n\tHome Drive:\t\tH:\r\n\tScript Path:\t\t-\r\n\tProfile Path:\t\t-\r\n\tUser Workstations:\t-\r\n\tPassword Last Set:\t<never>\r\n\tAccount Expires:\t\t1/1/2020 12:00:00 AM\r\n\tPrimary Group ID:\t513\r\n\tAllowed To Delegate To:\t-\r\n\tOld UAC Value:\t\t0x0\r\n\tNew UAC Value:\t\t0x11\r\n\tUser Account Control:\t\r\n\t\tAccount Disabled\r\n\t\t'Normal Account' - Enabled\r\n\tUser Parameters:\t-\r\n\tSID History:\t\t-\r\n\tLogon Hours:\t\t<value not set>\r\n\r\nAdditional Information:\r\n\tPrivileges\t\t-",
            "_serial": "10",
            "_si": [
              "cenlog06.srv.hu.nl",
              "ix_windows_p"
            ],
            "_sourcetype": "WinEventLog:Security",
            "_time": "2019-12-03 13:15:03.000 CET"
          }
        },
        {
          "preview": false,
          "offset": 33,
          "result": {
            "target_name": "wouter.dewaal",
            "target_domain": "MDW",
            "_bkt": "ix_windows_p~26~2A6C3041-42AA-49EA-8AED-EAED89B54858",
            "_cd": "26:374738417",
            "_indextime": "1575375301",
            "_pre_msg": "12/03/2019 01:15:01 PM\nLogName=Security\nSourceName=Microsoft Windows security auditing.\nEventCode=4720\nEventType=0\nType=Information\nComputerName=MDWDC02.medewerkers.ad.hvu.nl\nTaskCategory=User Account Management\nOpCode=Info\nRecordNumber=3767463606\nKeywords=Audit Success",
            "_raw": "12/03/2019 01:15:01 PM\nLogName=Security\nSourceName=Microsoft Windows security auditing.\nEventCode=4720\nEventType=0\nType=Information\nComputerName=MDWDC02.medewerkers.ad.hvu.nl\nTaskCategory=User Account Management\nOpCode=Info\nRecordNumber=3767463606\nKeywords=Audit Success\nMessage=A user account was created.\r\n\r\nSubject:\r\n\tSecurity ID:\t\tS-1-5-21-1757436266-1070379326-1452763161-46562\r\n\tAccount Name:\t\tsa-FIMADMA\r\n\tAccount Domain:\t\tMDW\r\n\tLogon ID:\t\t0x60389EE5\r\n\r\nNew Account:\r\n\tSecurity ID:\t\tS-1-5-21-1757436266-1070379326-1452763161-136182\r\n\tAccount Name:\t\twouter.dewaal\r\n\tAccount Domain:\t\tMDW\r\n\r\nAttributes:\r\n\tSAM Account Name:\twouter.dewaal\r\n\tDisplay Name:\t\tWouter de Waal\r\n\tUser Principal Name:\twouter.dewaal@hu.nl\r\n\tHome Directory:\t\t\\\\medewerkers.ad.hvu.nl\\dfs\\Users\\FG\\wouter.dewaal\r\n\tHome Drive:\t\tH:\r\n\tScript Path:\t\t-\r\n\tProfile Path:\t\t-\r\n\tUser Workstations:\t-\r\n\tPassword Last Set:\t<never>\r\n\tAccount Expires:\t\t12/18/2019 12:00:00 AM\r\n\tPrimary Group ID:\t513\r\n\tAllowed To Delegate To:\t-\r\n\tOld UAC Value:\t\t0x0\r\n\tNew UAC Value:\t\t0x11\r\n\tUser Account Control:\t\r\n\t\tAccount Disabled\r\n\t\t'Normal Account' - Enabled\r\n\tUser Parameters:\t-\r\n\tSID History:\t\t-\r\n\tLogon Hours:\t\t<value not set>\r\n\r\nAdditional Information:\r\n\tPrivileges\t\t-",
            "_serial": "11",
            "_si": [
              "cenlog06.srv.hu.nl",
              "ix_windows_p"
            ],
            "_sourcetype": "WinEventLog:Security",
            "_time": "2019-12-03 13:15:01.000 CET"
          }
        },
        {
          "preview": false,
          "offset": 34,
          "result": {
            "target_name": "1776735",
            "target_domain": "STD",
            "_bkt": "ix_windows_p~26~B570ACA6-898E-40F9-AF47-0EC0E5D830DE",
            "_cd": "26:354018515",
            "_indextime": "1575372833",
            "_pre_msg": "12/03/2019 12:33:53 PM\nLogName=Security\nSourceName=Microsoft Windows security auditing.\nEventCode=4720\nEventType=0\nType=Information\nComputerName=STDDC01.studenten.ad.hvu.nl\nTaskCategory=User Account Management\nOpCode=Info\nRecordNumber=1341784702\nKeywords=Audit Success",
            "_raw": "12/03/2019 12:33:53 PM\nLogName=Security\nSourceName=Microsoft Windows security auditing.\nEventCode=4720\nEventType=0\nType=Information\nComputerName=STDDC01.studenten.ad.hvu.nl\nTaskCategory=User Account Management\nOpCode=Info\nRecordNumber=1341784702\nKeywords=Audit Success\nMessage=A user account was created.\r\n\r\nSubject:\r\n\tSecurity ID:\t\tSTD\\sa-fimadmastd\r\n\tAccount Name:\t\tsa-fimadmastd\r\n\tAccount Domain:\t\tSTD\r\n\tLogon ID:\t\t0x76879D3A\r\n\r\nNew Account:\r\n\tSecurity ID:\t\tSTD\\1776735\r\n\tAccount Name:\t\t1776735\r\n\tAccount Domain:\t\tSTD\r\n\r\nAttributes:\r\n\tSAM Account Name:\t1776735\r\n\tDisplay Name:\t\tMichel Romeijn\r\n\tUser Principal Name:\tmichel.romeijn@student.hu.nl\r\n\tHome Directory:\t\t\\\\studenten.ad.hvu.nl\\dfs\\users\\fmr\\1776735\r\n\tHome Drive:\t\tH:\r\n\tScript Path:\t\t-\r\n\tProfile Path:\t\t-\r\n\tUser Workstations:\t-\r\n\tPassword Last Set:\t<never>\r\n\tAccount Expires:\t\t<never>\r\n\tPrimary Group ID:\t513\r\n\tAllowed To Delegate To:\t-\r\n\tOld UAC Value:\t\t0x0\r\n\tNew UAC Value:\t\t0x11\r\n\tUser Account Control:\t\r\n\t\tAccount Disabled\r\n\t\t'Normal Account' - Enabled\r\n\tUser Parameters:\t-\r\n\tSID History:\t\t-\r\n\tLogon Hours:\t\t<value not set>\r\n\r\nAdditional Information:\r\n\tPrivileges\t\t-",
            "_serial": "22",
            "_si": [
              "cenlog07.srv.hu.nl",
              "ix_windows_p"
            ],
            "_sourcetype": "WinEventLog:Security",
            "_time": "2019-12-03 12:33:53.000 CET"
          }
        },
        {
          "preview": false,
          "offset": 35,
          "result": {
            "target_name": "1776734",
            "target_domain": "STD",
            "_bkt": "ix_windows_p~26~B570ACA6-898E-40F9-AF47-0EC0E5D830DE",
            "_cd": "26:354018105",
            "_indextime": "1575372833",
            "_pre_msg": "12/03/2019 12:33:52 PM\nLogName=Security\nSourceName=Microsoft Windows security auditing.\nEventCode=4720\nEventType=0\nType=Information\nComputerName=STDDC01.studenten.ad.hvu.nl\nTaskCategory=User Account Management\nOpCode=Info\nRecordNumber=1341784689\nKeywords=Audit Success",
            "_raw": "12/03/2019 12:33:52 PM\nLogName=Security\nSourceName=Microsoft Windows security auditing.\nEventCode=4720\nEventType=0\nType=Information\nComputerName=STDDC01.studenten.ad.hvu.nl\nTaskCategory=User Account Management\nOpCode=Info\nRecordNumber=1341784689\nKeywords=Audit Success\nMessage=A user account was created.\r\n\r\nSubject:\r\n\tSecurity ID:\t\tSTD\\sa-fimadmastd\r\n\tAccount Name:\t\tsa-fimadmastd\r\n\tAccount Domain:\t\tSTD\r\n\tLogon ID:\t\t0x76879D3A\r\n\r\nNew Account:\r\n\tSecurity ID:\t\tSTD\\1776734\r\n\tAccount Name:\t\t1776734\r\n\tAccount Domain:\t\tSTD\r\n\r\nAttributes:\r\n\tSAM Account Name:\t1776734\r\n\tDisplay Name:\t\tFenna de Vries\r\n\tUser Principal Name:\tfenna.devries@student.hu.nl\r\n\tHome Directory:\t\t\\\\studenten.ad.hvu.nl\\dfs\\users\\fe\\1776734\r\n\tHome Drive:\t\tH:\r\n\tScript Path:\t\t-\r\n\tProfile Path:\t\t-\r\n\tUser Workstations:\t-\r\n\tPassword Last Set:\t<never>\r\n\tAccount Expires:\t\t<never>\r\n\tPrimary Group ID:\t513\r\n\tAllowed To Delegate To:\t-\r\n\tOld UAC Value:\t\t0x0\r\n\tNew UAC Value:\t\t0x11\r\n\tUser Account Control:\t\r\n\t\tAccount Disabled\r\n\t\t'Normal Account' - Enabled\r\n\tUser Parameters:\t-\r\n\tSID History:\t\t-\r\n\tLogon Hours:\t\t<value not set>\r\n\r\nAdditional Information:\r\n\tPrivileges\t\t-",
            "_serial": "23",
            "_si": [
              "cenlog07.srv.hu.nl",
              "ix_windows_p"
            ],
            "_sourcetype": "WinEventLog:Security",
            "_time": "2019-12-03 12:33:52.000 CET"
          }
        },
        {
          "preview": false,
          "offset": 36,
          "result": {
            "target_name": "1776733",
            "target_domain": "STD",
            "_bkt": "ix_windows_p~26~B570ACA6-898E-40F9-AF47-0EC0E5D830DE",
            "_cd": "26:354017898",
            "_indextime": "1575372833",
            "_pre_msg": "12/03/2019 12:33:52 PM\nLogName=Security\nSourceName=Microsoft Windows security auditing.\nEventCode=4720\nEventType=0\nType=Information\nComputerName=STDDC01.studenten.ad.hvu.nl\nTaskCategory=User Account Management\nOpCode=Info\nRecordNumber=1341784681\nKeywords=Audit Success",
            "_raw": "12/03/2019 12:33:52 PM\nLogName=Security\nSourceName=Microsoft Windows security auditing.\nEventCode=4720\nEventType=0\nType=Information\nComputerName=STDDC01.studenten.ad.hvu.nl\nTaskCategory=User Account Management\nOpCode=Info\nRecordNumber=1341784681\nKeywords=Audit Success\nMessage=A user account was created.\r\n\r\nSubject:\r\n\tSecurity ID:\t\tSTD\\sa-fimadmastd\r\n\tAccount Name:\t\tsa-fimadmastd\r\n\tAccount Domain:\t\tSTD\r\n\tLogon ID:\t\t0x76879D3A\r\n\r\nNew Account:\r\n\tSecurity ID:\t\tSTD\\1776733\r\n\tAccount Name:\t\t1776733\r\n\tAccount Domain:\t\tSTD\r\n\r\nAttributes:\r\n\tSAM Account Name:\t1776733\r\n\tDisplay Name:\t\tYvette van Aurich\r\n\tUser Principal Name:\tyvette.vanaurich@student.hu.nl\r\n\tHome Directory:\t\t\\\\studenten.ad.hvu.nl\\dfs\\users\\fe\\1776733\r\n\tHome Drive:\t\tH:\r\n\tScript Path:\t\t-\r\n\tProfile Path:\t\t-\r\n\tUser Workstations:\t-\r\n\tPassword Last Set:\t<never>\r\n\tAccount Expires:\t\t<never>\r\n\tPrimary Group ID:\t513\r\n\tAllowed To Delegate To:\t-\r\n\tOld UAC Value:\t\t0x0\r\n\tNew UAC Value:\t\t0x11\r\n\tUser Account Control:\t\r\n\t\tAccount Disabled\r\n\t\t'Normal Account' - Enabled\r\n\tUser Parameters:\t-\r\n\tSID History:\t\t-\r\n\tLogon Hours:\t\t<value not set>\r\n\r\nAdditional Information:\r\n\tPrivileges\t\t-",
            "_serial": "24",
            "_si": [
              "cenlog07.srv.hu.nl",
              "ix_windows_p"
            ],
            "_sourcetype": "WinEventLog:Security",
            "_time": "2019-12-03 12:33:52.000 CET"
          }
        },
        {
          "preview": false,
          "offset": 37,
          "result": {
            "target_name": "1776732",
            "target_domain": "STD",
            "_bkt": "ix_windows_p~26~B570ACA6-898E-40F9-AF47-0EC0E5D830DE",
            "_cd": "26:354017519",
            "_indextime": "1575372833",
            "_pre_msg": "12/03/2019 12:33:52 PM\nLogName=Security\nSourceName=Microsoft Windows security auditing.\nEventCode=4720\nEventType=0\nType=Information\nComputerName=STDDC01.studenten.ad.hvu.nl\nTaskCategory=User Account Management\nOpCode=Info\nRecordNumber=1341784670\nKeywords=Audit Success",
            "_raw": "12/03/2019 12:33:52 PM\nLogName=Security\nSourceName=Microsoft Windows security auditing.\nEventCode=4720\nEventType=0\nType=Information\nComputerName=STDDC01.studenten.ad.hvu.nl\nTaskCategory=User Account Management\nOpCode=Info\nRecordNumber=1341784670\nKeywords=Audit Success\nMessage=A user account was created.\r\n\r\nSubject:\r\n\tSecurity ID:\t\tSTD\\sa-fimadmastd\r\n\tAccount Name:\t\tsa-fimadmastd\r\n\tAccount Domain:\t\tSTD\r\n\tLogon ID:\t\t0x76879D3A\r\n\r\nNew Account:\r\n\tSecurity ID:\t\tSTD\\1776732\r\n\tAccount Name:\t\t1776732\r\n\tAccount Domain:\t\tSTD\r\n\r\nAttributes:\r\n\tSAM Account Name:\t1776732\r\n\tDisplay Name:\t\tZohreh Milani Sabzewar\r\n\tUser Principal Name:\tzohreh.milanisabzewar@student.hu.nl\r\n\tHome Directory:\t\t\\\\studenten.ad.hvu.nl\\dfs\\users\\fe\\1776732\r\n\tHome Drive:\t\tH:\r\n\tScript Path:\t\t-\r\n\tProfile Path:\t\t-\r\n\tUser Workstations:\t-\r\n\tPassword Last Set:\t<never>\r\n\tAccount Expires:\t\t<never>\r\n\tPrimary Group ID:\t513\r\n\tAllowed To Delegate To:\t-\r\n\tOld UAC Value:\t\t0x0\r\n\tNew UAC Value:\t\t0x11\r\n\tUser Account Control:\t\r\n\t\tAccount Disabled\r\n\t\t'Normal Account' - Enabled\r\n\tUser Parameters:\t-\r\n\tSID History:\t\t-\r\n\tLogon Hours:\t\t<value not set>\r\n\r\nAdditional Information:\r\n\tPrivileges\t\t-",
            "_serial": "25",
            "_si": [
              "cenlog07.srv.hu.nl",
              "ix_windows_p"
            ],
            "_sourcetype": "WinEventLog:Security",
            "_time": "2019-12-03 12:33:52.000 CET"
          }
        },
        {
          "preview": false,
          "offset": 38,
          "result": {
            "target_name": "1776731",
            "target_domain": "STD",
            "_bkt": "ix_windows_p~26~B570ACA6-898E-40F9-AF47-0EC0E5D830DE",
            "_cd": "26:354012371",
            "_indextime": "1575372832",
            "_pre_msg": "12/03/2019 12:33:52 PM\nLogName=Security\nSourceName=Microsoft Windows security auditing.\nEventCode=4720\nEventType=0\nType=Information\nComputerName=STDDC01.studenten.ad.hvu.nl\nTaskCategory=User Account Management\nOpCode=Info\nRecordNumber=1341784660\nKeywords=Audit Success",
            "_raw": "12/03/2019 12:33:52 PM\nLogName=Security\nSourceName=Microsoft Windows security auditing.\nEventCode=4720\nEventType=0\nType=Information\nComputerName=STDDC01.studenten.ad.hvu.nl\nTaskCategory=User Account Management\nOpCode=Info\nRecordNumber=1341784660\nKeywords=Audit Success\nMessage=A user account was created.\r\n\r\nSubject:\r\n\tSecurity ID:\t\tSTD\\sa-fimadmastd\r\n\tAccount Name:\t\tsa-fimadmastd\r\n\tAccount Domain:\t\tSTD\r\n\tLogon ID:\t\t0x76879D3A\r\n\r\nNew Account:\r\n\tSecurity ID:\t\tSTD\\1776731\r\n\tAccount Name:\t\t1776731\r\n\tAccount Domain:\t\tSTD\r\n\r\nAttributes:\r\n\tSAM Account Name:\t1776731\r\n\tDisplay Name:\t\tElly Bond\r\n\tUser Principal Name:\telly.bond@student.hu.nl\r\n\tHome Directory:\t\t\\\\studenten.ad.hvu.nl\\dfs\\users\\fe\\1776731\r\n\tHome Drive:\t\tH:\r\n\tScript Path:\t\t-\r\n\tProfile Path:\t\t-\r\n\tUser Workstations:\t-\r\n\tPassword Last Set:\t<never>\r\n\tAccount Expires:\t\t<never>\r\n\tPrimary Group ID:\t513\r\n\tAllowed To Delegate To:\t-\r\n\tOld UAC Value:\t\t0x0\r\n\tNew UAC Value:\t\t0x11\r\n\tUser Account Control:\t\r\n\t\tAccount Disabled\r\n\t\t'Normal Account' - Enabled\r\n\tUser Parameters:\t-\r\n\tSID History:\t\t-\r\n\tLogon Hours:\t\t<value not set>\r\n\r\nAdditional Information:\r\n\tPrivileges\t\t-",
            "_serial": "26",
            "_si": [
              "cenlog07.srv.hu.nl",
              "ix_windows_p"
            ],
            "_sourcetype": "WinEventLog:Security",
            "_time": "2019-12-03 12:33:52.000 CET"
          }
        },
        {
          "preview": false,
          "offset": 39,
          "result": {
            "target_name": "1776730",
            "target_domain": "STD",
            "_bkt": "ix_windows_p~26~B570ACA6-898E-40F9-AF47-0EC0E5D830DE",
            "_cd": "26:354012092",
            "_indextime": "1575372832",
            "_pre_msg": "12/03/2019 12:33:52 PM\nLogName=Security\nSourceName=Microsoft Windows security auditing.\nEventCode=4720\nEventType=0\nType=Information\nComputerName=STDDC01.studenten.ad.hvu.nl\nTaskCategory=User Account Management\nOpCode=Info\nRecordNumber=1341784651\nKeywords=Audit Success",
            "_raw": "12/03/2019 12:33:52 PM\nLogName=Security\nSourceName=Microsoft Windows security auditing.\nEventCode=4720\nEventType=0\nType=Information\nComputerName=STDDC01.studenten.ad.hvu.nl\nTaskCategory=User Account Management\nOpCode=Info\nRecordNumber=1341784651\nKeywords=Audit Success\nMessage=A user account was created.\r\n\r\nSubject:\r\n\tSecurity ID:\t\tSTD\\sa-fimadmastd\r\n\tAccount Name:\t\tsa-fimadmastd\r\n\tAccount Domain:\t\tSTD\r\n\tLogon ID:\t\t0x76879D3A\r\n\r\nNew Account:\r\n\tSecurity ID:\t\tSTD\\1776730\r\n\tAccount Name:\t\t1776730\r\n\tAccount Domain:\t\tSTD\r\n\r\nAttributes:\r\n\tSAM Account Name:\t1776730\r\n\tDisplay Name:\t\tTessa Kok\r\n\tUser Principal Name:\ttessa.kok@student.hu.nl\r\n\tHome Directory:\t\t\\\\studenten.ad.hvu.nl\\dfs\\users\\fe\\1776730\r\n\tHome Drive:\t\tH:\r\n\tScript Path:\t\t-\r\n\tProfile Path:\t\t-\r\n\tUser Workstations:\t-\r\n\tPassword Last Set:\t<never>\r\n\tAccount Expires:\t\t<never>\r\n\tPrimary Group ID:\t513\r\n\tAllowed To Delegate To:\t-\r\n\tOld UAC Value:\t\t0x0\r\n\tNew UAC Value:\t\t0x11\r\n\tUser Account Control:\t\r\n\t\tAccount Disabled\r\n\t\t'Normal Account' - Enabled\r\n\tUser Parameters:\t-\r\n\tSID History:\t\t-\r\n\tLogon Hours:\t\t<value not set>\r\n\r\nAdditional Information:\r\n\tPrivileges\t\t-",
            "_serial": "27",
            "_si": [
              "cenlog07.srv.hu.nl",
              "ix_windows_p"
            ],
            "_sourcetype": "WinEventLog:Security",
            "_time": "2019-12-03 12:33:52.000 CET"
          }
        },
        {
          "preview": false,
          "offset": 40,
          "result": {
            "target_name": "dss",
            "target_domain": "MDW",
            "_bkt": "ix_windows_p~26~2A6C3041-42AA-49EA-8AED-EAED89B54858",
            "_cd": "26:322561221",
            "_indextime": "1575365155",
            "_pre_msg": "12/03/2019 10:25:55 AM\nLogName=Security\nSourceName=Microsoft Windows security auditing.\nEventCode=4720\nEventType=0\nType=Information\nComputerName=MDWDC03.medewerkers.ad.hvu.nl\nTaskCategory=User Account Management\nOpCode=Info\nRecordNumber=113241616\nKeywords=Audit Success",
            "_raw": "12/03/2019 10:25:55 AM\nLogName=Security\nSourceName=Microsoft Windows security auditing.\nEventCode=4720\nEventType=0\nType=Information\nComputerName=MDWDC03.medewerkers.ad.hvu.nl\nTaskCategory=User Account Management\nOpCode=Info\nRecordNumber=113241616\nKeywords=Audit Success\nMessage=A user account was created.\r\n\r\nSubject:\r\n\tSecurity ID:\t\tS-1-5-21-1757436266-1070379326-1452763161-127582\r\n\tAccount Name:\t\tHUMAIL10$\r\n\tAccount Domain:\t\tMDW\r\n\tLogon ID:\t\t0x212BB5A5\r\n\r\nNew Account:\r\n\tSecurity ID:\t\tS-1-5-21-1757436266-1070379326-1452763161-118869\r\n\tAccount Name:\t\tdss\r\n\tAccount Domain:\t\tMDW\r\n\r\nAttributes:\r\n\tSAM Account Name:\tdss\r\n\tDisplay Name:\t\tDesk Side Support\r\n\tUser Principal Name:\tdss@hu.nl\r\n\tHome Directory:\t\t-\r\n\tHome Drive:\t\t-\r\n\tScript Path:\t\t-\r\n\tProfile Path:\t\t-\r\n\tUser Workstations:\t-\r\n\tPassword Last Set:\t<never>\r\n\tAccount Expires:\t\t<never>\r\n\tPrimary Group ID:\t513\r\n\tAllowed To Delegate To:\t-\r\n\tOld UAC Value:\t\t0x0\r\n\tNew UAC Value:\t\t0x15\r\n\tUser Account Control:\t\r\n\t\tAccount Disabled\r\n\t\t'Password Not Required' - Enabled\r\n\t\t'Normal Account' - Enabled\r\n\tUser Parameters:\t-\r\n\tSID History:\t\t-\r\n\tLogon Hours:\t\t<value not set>\r\n\r\nAdditional Information:\r\n\tPrivileges\t\t-",
            "_serial": "12",
            "_si": [
              "cenlog06.srv.hu.nl",
              "ix_windows_p"
            ],
            "_sourcetype": "WinEventLog:Security",
            "_time": "2019-12-03 10:25:55.000 CET"
          }
        },
        {
          "preview": false,
          "offset": 41,
          "result": {
            "target_name": "1776723",
            "target_domain": "STD",
            "_bkt": "ix_windows_p~26~2A6C3041-42AA-49EA-8AED-EAED89B54858",
            "_cd": "26:228657645",
            "_indextime": "1575335505",
            "_pre_msg": "12/03/2019 02:11:44 AM\nLogName=Security\nSourceName=Microsoft Windows security auditing.\nEventCode=4720\nEventType=0\nType=Information\nComputerName=STDDC01.studenten.ad.hvu.nl\nTaskCategory=User Account Management\nOpCode=Info\nRecordNumber=1340920449\nKeywords=Audit Success",
            "_raw": "12/03/2019 02:11:44 AM\nLogName=Security\nSourceName=Microsoft Windows security auditing.\nEventCode=4720\nEventType=0\nType=Information\nComputerName=STDDC01.studenten.ad.hvu.nl\nTaskCategory=User Account Management\nOpCode=Info\nRecordNumber=1340920449\nKeywords=Audit Success\nMessage=A user account was created.\r\n\r\nSubject:\r\n\tSecurity ID:\t\tSTD\\sa-fimadmastd\r\n\tAccount Name:\t\tsa-fimadmastd\r\n\tAccount Domain:\t\tSTD\r\n\tLogon ID:\t\t0x6DECDCE5\r\n\r\nNew Account:\r\n\tSecurity ID:\t\tSTD\\1776723\r\n\tAccount Name:\t\t1776723\r\n\tAccount Domain:\t\tSTD\r\n\r\nAttributes:\r\n\tSAM Account Name:\t1776723\r\n\tDisplay Name:\t\tAnouk van der Kleijn\r\n\tUser Principal Name:\tanouk.vanderkleijn@student.hu.nl\r\n\tHome Directory:\t\t\\\\studenten.ad.hvu.nl\\dfs\\users\\fe\\1776723\r\n\tHome Drive:\t\tH:\r\n\tScript Path:\t\t-\r\n\tProfile Path:\t\t-\r\n\tUser Workstations:\t-\r\n\tPassword Last Set:\t<never>\r\n\tAccount Expires:\t\t<never>\r\n\tPrimary Group ID:\t513\r\n\tAllowed To Delegate To:\t-\r\n\tOld UAC Value:\t\t0x0\r\n\tNew UAC Value:\t\t0x11\r\n\tUser Account Control:\t\r\n\t\tAccount Disabled\r\n\t\t'Normal Account' - Enabled\r\n\tUser Parameters:\t-\r\n\tSID History:\t\t-\r\n\tLogon Hours:\t\t<value not set>\r\n\r\nAdditional Information:\r\n\tPrivileges\t\t-",
            "_serial": "13",
            "_si": [
              "cenlog06.srv.hu.nl",
              "ix_windows_p"
            ],
            "_sourcetype": "WinEventLog:Security",
            "_time": "2019-12-03 02:11:44.000 CET"
          }
        },
        {
          "preview": false,
          "offset": 42,
          "result": {
            "target_name": "1776702",
            "target_domain": "STD",
            "_bkt": "ix_windows_p~26~2A6C3041-42AA-49EA-8AED-EAED89B54858",
            "_cd": "26:228657455",
            "_indextime": "1575335505",
            "_pre_msg": "12/03/2019 02:11:44 AM\nLogName=Security\nSourceName=Microsoft Windows security auditing.\nEventCode=4720\nEventType=0\nType=Information\nComputerName=STDDC01.studenten.ad.hvu.nl\nTaskCategory=User Account Management\nOpCode=Info\nRecordNumber=1340920442\nKeywords=Audit Success",
            "_raw": "12/03/2019 02:11:44 AM\nLogName=Security\nSourceName=Microsoft Windows security auditing.\nEventCode=4720\nEventType=0\nType=Information\nComputerName=STDDC01.studenten.ad.hvu.nl\nTaskCategory=User Account Management\nOpCode=Info\nRecordNumber=1340920442\nKeywords=Audit Success\nMessage=A user account was created.\r\n\r\nSubject:\r\n\tSecurity ID:\t\tSTD\\sa-fimadmastd\r\n\tAccount Name:\t\tsa-fimadmastd\r\n\tAccount Domain:\t\tSTD\r\n\tLogon ID:\t\t0x6DECDCE5\r\n\r\nNew Account:\r\n\tSecurity ID:\t\tSTD\\1776702\r\n\tAccount Name:\t\t1776702\r\n\tAccount Domain:\t\tSTD\r\n\r\nAttributes:\r\n\tSAM Account Name:\t1776702\r\n\tDisplay Name:\t\tSabina Jamin\r\n\tUser Principal Name:\tsabina.jamin@student.hu.nl\r\n\tHome Directory:\t\t\\\\studenten.ad.hvu.nl\\dfs\\users\\fg\\1776702\r\n\tHome Drive:\t\tH:\r\n\tScript Path:\t\t-\r\n\tProfile Path:\t\t-\r\n\tUser Workstations:\t-\r\n\tPassword Last Set:\t<never>\r\n\tAccount Expires:\t\t<never>\r\n\tPrimary Group ID:\t513\r\n\tAllowed To Delegate To:\t-\r\n\tOld UAC Value:\t\t0x0\r\n\tNew UAC Value:\t\t0x11\r\n\tUser Account Control:\t\r\n\t\tAccount Disabled\r\n\t\t'Normal Account' - Enabled\r\n\tUser Parameters:\t-\r\n\tSID History:\t\t-\r\n\tLogon Hours:\t\t<value not set>\r\n\r\nAdditional Information:\r\n\tPrivileges\t\t-",
            "_serial": "14",
            "_si": [
              "cenlog06.srv.hu.nl",
              "ix_windows_p"
            ],
            "_sourcetype": "WinEventLog:Security",
            "_time": "2019-12-03 02:11:44.000 CET"
          }
        },
        {
          "preview": false,
          "offset": 43,
          "result": {
            "target_name": "1776685",
            "target_domain": "STD",
            "_bkt": "ix_windows_p~26~2A6C3041-42AA-49EA-8AED-EAED89B54858",
            "_cd": "26:228656857",
            "_indextime": "1575335505",
            "_pre_msg": "12/03/2019 02:11:44 AM\nLogName=Security\nSourceName=Microsoft Windows security auditing.\nEventCode=4720\nEventType=0\nType=Information\nComputerName=STDDC01.studenten.ad.hvu.nl\nTaskCategory=User Account Management\nOpCode=Info\nRecordNumber=1340920427\nKeywords=Audit Success",
            "_raw": "12/03/2019 02:11:44 AM\nLogName=Security\nSourceName=Microsoft Windows security auditing.\nEventCode=4720\nEventType=0\nType=Information\nComputerName=STDDC01.studenten.ad.hvu.nl\nTaskCategory=User Account Management\nOpCode=Info\nRecordNumber=1340920427\nKeywords=Audit Success\nMessage=A user account was created.\r\n\r\nSubject:\r\n\tSecurity ID:\t\tSTD\\sa-fimadmastd\r\n\tAccount Name:\t\tsa-fimadmastd\r\n\tAccount Domain:\t\tSTD\r\n\tLogon ID:\t\t0x6DECDCE5\r\n\r\nNew Account:\r\n\tSecurity ID:\t\tSTD\\1776685\r\n\tAccount Name:\t\t1776685\r\n\tAccount Domain:\t\tSTD\r\n\r\nAttributes:\r\n\tSAM Account Name:\t1776685\r\n\tDisplay Name:\t\tGina Aini\r\n\tUser Principal Name:\tgina.aini@student.hu.nl\r\n\tHome Directory:\t\t\\\\studenten.ad.hvu.nl\\dfs\\users\\fg\\1776685\r\n\tHome Drive:\t\tH:\r\n\tScript Path:\t\t-\r\n\tProfile Path:\t\t-\r\n\tUser Workstations:\t-\r\n\tPassword Last Set:\t<never>\r\n\tAccount Expires:\t\t<never>\r\n\tPrimary Group ID:\t513\r\n\tAllowed To Delegate To:\t-\r\n\tOld UAC Value:\t\t0x0\r\n\tNew UAC Value:\t\t0x11\r\n\tUser Account Control:\t\r\n\t\tAccount Disabled\r\n\t\t'Normal Account' - Enabled\r\n\tUser Parameters:\t-\r\n\tSID History:\t\t-\r\n\tLogon Hours:\t\t<value not set>\r\n\r\nAdditional Information:\r\n\tPrivileges\t\t-",
            "_serial": "15",
            "_si": [
              "cenlog06.srv.hu.nl",
              "ix_windows_p"
            ],
            "_sourcetype": "WinEventLog:Security",
            "_time": "2019-12-03 02:11:44.000 CET"
          }
        },
        {
          "preview": false,
          "offset": 44,
          "result": {
            "target_name": "1776683",
            "target_domain": "STD",
            "_bkt": "ix_windows_p~26~2A6C3041-42AA-49EA-8AED-EAED89B54858",
            "_cd": "26:228649409",
            "_indextime": "1575335504",
            "_pre_msg": "12/03/2019 02:11:44 AM\nLogName=Security\nSourceName=Microsoft Windows security auditing.\nEventCode=4720\nEventType=0\nType=Information\nComputerName=STDDC01.studenten.ad.hvu.nl\nTaskCategory=User Account Management\nOpCode=Info\nRecordNumber=1340920416\nKeywords=Audit Success",
