            "_raw": "11/29/2019 02:57:23 AM\nLogName=Security\nSourceName=Microsoft Windows security auditing.\nEventCode=4720\nEventType=0\nType=Information\nComputerName=STDDC01.studenten.ad.hvu.nl\nTaskCategory=User Account Management\nOpCode=Info\nRecordNumber=1335094925\nKeywords=Audit Success\nMessage=A user account was created.\r\n\r\nSubject:\r\n\tSecurity ID:\t\tSTD\\sa-fimadmastd\r\n\tAccount Name:\t\tsa-fimadmastd\r\n\tAccount Domain:\t\tSTD\r\n\tLogon ID:\t\t0x2A2F4D8B\r\n\r\nNew Account:\r\n\tSecurity ID:\t\tSTD\\1739769\r\n\tAccount Name:\t\t1739769\r\n\tAccount Domain:\t\tSTD\r\n\r\nAttributes:\r\n\tSAM Account Name:\t1739769\r\n\tDisplay Name:\t\tEma Sofovic\r\n\tUser Principal Name:\tema.sofovic@student.hu.nl\r\n\tHome Directory:\t\t\\\\studenten.ad.hvu.nl\\dfs\\users\\fmr\\1739769\r\n\tHome Drive:\t\tH:\r\n\tScript Path:\t\t-\r\n\tProfile Path:\t\t-\r\n\tUser Workstations:\t-\r\n\tPassword Last Set:\t<never>\r\n\tAccount Expires:\t\t<never>\r\n\tPrimary Group ID:\t513\r\n\tAllowed To Delegate To:\t-\r\n\tOld UAC Value:\t\t0x0\r\n\tNew UAC Value:\t\t0x11\r\n\tUser Account Control:\t\r\n\t\tAccount Disabled\r\n\t\t'Normal Account' - Enabled\r\n\tUser Parameters:\t-\r\n\tSID History:\t\t-\r\n\tLogon Hours:\t\t<value not set>\r\n\r\nAdditional Information:\r\n\tPrivileges\t\t-",
            "_serial": "76",
            "_si": [
              "cenlog06.srv.hu.nl",
              "ix_windows_p"
            ],
            "_sourcetype": "WinEventLog:Security",
            "_time": "2019-11-29 02:57:23.000 CET"
          }
        },
        {
          "preview": false,
          "offset": 111,
          "result": {
            "target_name": "1729383",
            "target_domain": "STD",
            "_bkt": "ix_windows_p~25~2A6C3041-42AA-49EA-8AED-EAED89B54858",
            "_cd": "25:214551144",
            "_indextime": "1574992643",
            "_pre_msg": "11/29/2019 02:57:23 AM\nLogName=Security\nSourceName=Microsoft Windows security auditing.\nEventCode=4720\nEventType=0\nType=Information\nComputerName=STDDC01.studenten.ad.hvu.nl\nTaskCategory=User Account Management\nOpCode=Info\nRecordNumber=1335094916\nKeywords=Audit Success",
            "_raw": "11/29/2019 02:57:23 AM\nLogName=Security\nSourceName=Microsoft Windows security auditing.\nEventCode=4720\nEventType=0\nType=Information\nComputerName=STDDC01.studenten.ad.hvu.nl\nTaskCategory=User Account Management\nOpCode=Info\nRecordNumber=1335094916\nKeywords=Audit Success\nMessage=A user account was created.\r\n\r\nSubject:\r\n\tSecurity ID:\t\tSTD\\sa-fimadmastd\r\n\tAccount Name:\t\tsa-fimadmastd\r\n\tAccount Domain:\t\tSTD\r\n\tLogon ID:\t\t0x2A2F4D8B\r\n\r\nNew Account:\r\n\tSecurity ID:\t\tSTD\\1729383\r\n\tAccount Name:\t\t1729383\r\n\tAccount Domain:\t\tSTD\r\n\r\nAttributes:\r\n\tSAM Account Name:\t1729383\r\n\tDisplay Name:\t\tTom Covers\r\n\tUser Principal Name:\ttom.covers@student.hu.nl\r\n\tHome Directory:\t\t\\\\studenten.ad.hvu.nl\\dfs\\users\\fnt\\1729383\r\n\tHome Drive:\t\tH:\r\n\tScript Path:\t\t-\r\n\tProfile Path:\t\t-\r\n\tUser Workstations:\t-\r\n\tPassword Last Set:\t<never>\r\n\tAccount Expires:\t\t<never>\r\n\tPrimary Group ID:\t513\r\n\tAllowed To Delegate To:\t-\r\n\tOld UAC Value:\t\t0x0\r\n\tNew UAC Value:\t\t0x11\r\n\tUser Account Control:\t\r\n\t\tAccount Disabled\r\n\t\t'Normal Account' - Enabled\r\n\tUser Parameters:\t-\r\n\tSID History:\t\t-\r\n\tLogon Hours:\t\t<value not set>\r\n\r\nAdditional Information:\r\n\tPrivileges\t\t-",
            "_serial": "77",
            "_si": [
              "cenlog06.srv.hu.nl",
              "ix_windows_p"
            ],
            "_sourcetype": "WinEventLog:Security",
            "_time": "2019-11-29 02:57:23.000 CET"
          }
        },
        {
          "preview": false,
          "offset": 112,
          "result": {
            "target_name": "1676126",
            "target_domain": "STD",
            "_bkt": "ix_windows_p~25~2A6C3041-42AA-49EA-8AED-EAED89B54858",
            "_cd": "25:214550763",
            "_indextime": "1574992643",
            "_pre_msg": "11/29/2019 02:57:22 AM\nLogName=Security\nSourceName=Microsoft Windows security auditing.\nEventCode=4720\nEventType=0\nType=Information\nComputerName=STDDC01.studenten.ad.hvu.nl\nTaskCategory=User Account Management\nOpCode=Info\nRecordNumber=1335094905\nKeywords=Audit Success",
            "_raw": "11/29/2019 02:57:22 AM\nLogName=Security\nSourceName=Microsoft Windows security auditing.\nEventCode=4720\nEventType=0\nType=Information\nComputerName=STDDC01.studenten.ad.hvu.nl\nTaskCategory=User Account Management\nOpCode=Info\nRecordNumber=1335094905\nKeywords=Audit Success\nMessage=A user account was created.\r\n\r\nSubject:\r\n\tSecurity ID:\t\tSTD\\sa-fimadmastd\r\n\tAccount Name:\t\tsa-fimadmastd\r\n\tAccount Domain:\t\tSTD\r\n\tLogon ID:\t\t0x2A2F4D8B\r\n\r\nNew Account:\r\n\tSecurity ID:\t\tSTD\\1676126\r\n\tAccount Name:\t\t1676126\r\n\tAccount Domain:\t\tSTD\r\n\r\nAttributes:\r\n\tSAM Account Name:\t1676126\r\n\tDisplay Name:\t\tEmma Huurman\r\n\tUser Principal Name:\temma.huurman@student.hu.nl\r\n\tHome Directory:\t\t\\\\studenten.ad.hvu.nl\\dfs\\users\\fe\\1676126\r\n\tHome Drive:\t\tH:\r\n\tScript Path:\t\t-\r\n\tProfile Path:\t\t-\r\n\tUser Workstations:\t-\r\n\tPassword Last Set:\t<never>\r\n\tAccount Expires:\t\t<never>\r\n\tPrimary Group ID:\t513\r\n\tAllowed To Delegate To:\t-\r\n\tOld UAC Value:\t\t0x0\r\n\tNew UAC Value:\t\t0x11\r\n\tUser Account Control:\t\r\n\t\tAccount Disabled\r\n\t\t'Normal Account' - Enabled\r\n\tUser Parameters:\t-\r\n\tSID History:\t\t-\r\n\tLogon Hours:\t\t<value not set>\r\n\r\nAdditional Information:\r\n\tPrivileges\t\t-",
            "_serial": "78",
            "_si": [
              "cenlog06.srv.hu.nl",
              "ix_windows_p"
            ],
            "_sourcetype": "WinEventLog:Security",
            "_time": "2019-11-29 02:57:22.000 CET"
          }
        },
        {
          "preview": false,
          "offset": 113,
          "result": {
            "target_name": "6894668",
            "target_domain": "STD",
            "_bkt": "ix_windows_p~25~B570ACA6-898E-40F9-AF47-0EC0E5D830DE",
            "_cd": "25:180484829",
            "_indextime": "1574945366",
            "_pre_msg": "11/28/2019 01:49:27 PM\nLogName=Security\nSourceName=Microsoft Windows security auditing.\nEventCode=4720\nEventType=0\nType=Information\nComputerName=STDDC01.studenten.ad.hvu.nl\nTaskCategory=User Account Management\nOpCode=Info\nRecordNumber=1334070847\nKeywords=Audit Success",
            "_raw": "11/28/2019 01:49:27 PM\nLogName=Security\nSourceName=Microsoft Windows security auditing.\nEventCode=4720\nEventType=0\nType=Information\nComputerName=STDDC01.studenten.ad.hvu.nl\nTaskCategory=User Account Management\nOpCode=Info\nRecordNumber=1334070847\nKeywords=Audit Success\nMessage=A user account was created.\r\n\r\nSubject:\r\n\tSecurity ID:\t\tSTD\\sa-fimadmastd\r\n\tAccount Name:\t\tsa-fimadmastd\r\n\tAccount Domain:\t\tSTD\r\n\tLogon ID:\t\t0x215CBDF7\r\n\r\nNew Account:\r\n\tSecurity ID:\t\tSTD\\6894668\r\n\tAccount Name:\t\t6894668\r\n\tAccount Domain:\t\tSTD\r\n\r\nAttributes:\r\n\tSAM Account Name:\t6894668\r\n\tDisplay Name:\t\tAdrie van Kampen\r\n\tUser Principal Name:\tadrie.vankampen@student.hu.nl\r\n\tHome Directory:\t\t\\\\studenten.ad.hvu.nl\\dfs\\users\\fe\\6894668\r\n\tHome Drive:\t\tH:\r\n\tScript Path:\t\t-\r\n\tProfile Path:\t\t-\r\n\tUser Workstations:\t-\r\n\tPassword Last Set:\t<never>\r\n\tAccount Expires:\t\t<never>\r\n\tPrimary Group ID:\t513\r\n\tAllowed To Delegate To:\t-\r\n\tOld UAC Value:\t\t0x0\r\n\tNew UAC Value:\t\t0x11\r\n\tUser Account Control:\t\r\n\t\tAccount Disabled\r\n\t\t'Normal Account' - Enabled\r\n\tUser Parameters:\t-\r\n\tSID History:\t\t-\r\n\tLogon Hours:\t\t<value not set>\r\n\r\nAdditional Information:\r\n\tPrivileges\t\t-",
            "_serial": "34",
            "_si": [
              "cenlog07.srv.hu.nl",
              "ix_windows_p"
            ],
            "_sourcetype": "WinEventLog:Security",
            "_time": "2019-11-28 13:49:27.000 CET"
          }
        },
        {
          "preview": false,
          "offset": 114,
          "result": {
            "target_name": "3903962",
            "target_domain": "STD",
            "_bkt": "ix_windows_p~25~B570ACA6-898E-40F9-AF47-0EC0E5D830DE",
            "_cd": "25:180484562",
            "_indextime": "1574945366",
            "_pre_msg": "11/28/2019 01:49:27 PM\nLogName=Security\nSourceName=Microsoft Windows security auditing.\nEventCode=4720\nEventType=0\nType=Information\nComputerName=STDDC01.studenten.ad.hvu.nl\nTaskCategory=User Account Management\nOpCode=Info\nRecordNumber=1334070838\nKeywords=Audit Success",
            "_raw": "11/28/2019 01:49:27 PM\nLogName=Security\nSourceName=Microsoft Windows security auditing.\nEventCode=4720\nEventType=0\nType=Information\nComputerName=STDDC01.studenten.ad.hvu.nl\nTaskCategory=User Account Management\nOpCode=Info\nRecordNumber=1334070838\nKeywords=Audit Success\nMessage=A user account was created.\r\n\r\nSubject:\r\n\tSecurity ID:\t\tSTD\\sa-fimadmastd\r\n\tAccount Name:\t\tsa-fimadmastd\r\n\tAccount Domain:\t\tSTD\r\n\tLogon ID:\t\t0x215CBDF7\r\n\r\nNew Account:\r\n\tSecurity ID:\t\tSTD\\3903962\r\n\tAccount Name:\t\t3903962\r\n\tAccount Domain:\t\tSTD\r\n\r\nAttributes:\r\n\tSAM Account Name:\t3903962\r\n\tDisplay Name:\t\tNatasja van Ooijen\r\n\tUser Principal Name:\tnatasja.vanooijen@student.hu.nl\r\n\tHome Directory:\t\t\\\\studenten.ad.hvu.nl\\dfs\\users\\fe\\3903962\r\n\tHome Drive:\t\tH:\r\n\tScript Path:\t\t-\r\n\tProfile Path:\t\t-\r\n\tUser Workstations:\t-\r\n\tPassword Last Set:\t<never>\r\n\tAccount Expires:\t\t<never>\r\n\tPrimary Group ID:\t513\r\n\tAllowed To Delegate To:\t-\r\n\tOld UAC Value:\t\t0x0\r\n\tNew UAC Value:\t\t0x11\r\n\tUser Account Control:\t\r\n\t\tAccount Disabled\r\n\t\t'Normal Account' - Enabled\r\n\tUser Parameters:\t-\r\n\tSID History:\t\t-\r\n\tLogon Hours:\t\t<value not set>\r\n\r\nAdditional Information:\r\n\tPrivileges\t\t-",
            "_serial": "35",
            "_si": [
              "cenlog07.srv.hu.nl",
              "ix_windows_p"
            ],
            "_sourcetype": "WinEventLog:Security",
            "_time": "2019-11-28 13:49:27.000 CET"
          }
        },
        {
          "preview": false,
          "offset": 115,
          "result": {
            "target_name": "1776502",
            "target_domain": "STD",
            "_bkt": "ix_windows_p~25~B570ACA6-898E-40F9-AF47-0EC0E5D830DE",
            "_cd": "25:180484279",
            "_indextime": "1574945366",
            "_pre_msg": "11/28/2019 01:49:26 PM\nLogName=Security\nSourceName=Microsoft Windows security auditing.\nEventCode=4720\nEventType=0\nType=Information\nComputerName=STDDC01.studenten.ad.hvu.nl\nTaskCategory=User Account Management\nOpCode=Info\nRecordNumber=1334070828\nKeywords=Audit Success",
            "_raw": "11/28/2019 01:49:26 PM\nLogName=Security\nSourceName=Microsoft Windows security auditing.\nEventCode=4720\nEventType=0\nType=Information\nComputerName=STDDC01.studenten.ad.hvu.nl\nTaskCategory=User Account Management\nOpCode=Info\nRecordNumber=1334070828\nKeywords=Audit Success\nMessage=A user account was created.\r\n\r\nSubject:\r\n\tSecurity ID:\t\tSTD\\sa-fimadmastd\r\n\tAccount Name:\t\tsa-fimadmastd\r\n\tAccount Domain:\t\tSTD\r\n\tLogon ID:\t\t0x215CBDF7\r\n\r\nNew Account:\r\n\tSecurity ID:\t\tSTD\\1776502\r\n\tAccount Name:\t\t1776502\r\n\tAccount Domain:\t\tSTD\r\n\r\nAttributes:\r\n\tSAM Account Name:\t1776502\r\n\tDisplay Name:\t\tJohanneke Vermaak\r\n\tUser Principal Name:\tjohanneke.vermaak@student.hu.nl\r\n\tHome Directory:\t\t\\\\studenten.ad.hvu.nl\\dfs\\users\\fe\\1776502\r\n\tHome Drive:\t\tH:\r\n\tScript Path:\t\t-\r\n\tProfile Path:\t\t-\r\n\tUser Workstations:\t-\r\n\tPassword Last Set:\t<never>\r\n\tAccount Expires:\t\t<never>\r\n\tPrimary Group ID:\t513\r\n\tAllowed To Delegate To:\t-\r\n\tOld UAC Value:\t\t0x0\r\n\tNew UAC Value:\t\t0x11\r\n\tUser Account Control:\t\r\n\t\tAccount Disabled\r\n\t\t'Normal Account' - Enabled\r\n\tUser Parameters:\t-\r\n\tSID History:\t\t-\r\n\tLogon Hours:\t\t<value not set>\r\n\r\nAdditional Information:\r\n\tPrivileges\t\t-",
            "_serial": "36",
            "_si": [
              "cenlog07.srv.hu.nl",
              "ix_windows_p"
            ],
            "_sourcetype": "WinEventLog:Security",
            "_time": "2019-11-28 13:49:26.000 CET"
          }
        },
        {
          "preview": false,
          "offset": 116,
          "result": {
            "target_name": "1776501",
            "target_domain": "STD",
            "_bkt": "ix_windows_p~25~B570ACA6-898E-40F9-AF47-0EC0E5D830DE",
            "_cd": "25:180483996",
            "_indextime": "1574945366",
            "_pre_msg": "11/28/2019 01:49:26 PM\nLogName=Security\nSourceName=Microsoft Windows security auditing.\nEventCode=4720\nEventType=0\nType=Information\nComputerName=STDDC01.studenten.ad.hvu.nl\nTaskCategory=User Account Management\nOpCode=Info\nRecordNumber=1334070818\nKeywords=Audit Success",
            "_raw": "11/28/2019 01:49:26 PM\nLogName=Security\nSourceName=Microsoft Windows security auditing.\nEventCode=4720\nEventType=0\nType=Information\nComputerName=STDDC01.studenten.ad.hvu.nl\nTaskCategory=User Account Management\nOpCode=Info\nRecordNumber=1334070818\nKeywords=Audit Success\nMessage=A user account was created.\r\n\r\nSubject:\r\n\tSecurity ID:\t\tSTD\\sa-fimadmastd\r\n\tAccount Name:\t\tsa-fimadmastd\r\n\tAccount Domain:\t\tSTD\r\n\tLogon ID:\t\t0x215CBDF7\r\n\r\nNew Account:\r\n\tSecurity ID:\t\tSTD\\1776501\r\n\tAccount Name:\t\t1776501\r\n\tAccount Domain:\t\tSTD\r\n\r\nAttributes:\r\n\tSAM Account Name:\t1776501\r\n\tDisplay Name:\t\tWilliam Botteram\r\n\tUser Principal Name:\twilliam.botteram@student.hu.nl\r\n\tHome Directory:\t\t\\\\studenten.ad.hvu.nl\\dfs\\users\\fem\\1776501\r\n\tHome Drive:\t\tH:\r\n\tScript Path:\t\t-\r\n\tProfile Path:\t\t-\r\n\tUser Workstations:\t-\r\n\tPassword Last Set:\t<never>\r\n\tAccount Expires:\t\t<never>\r\n\tPrimary Group ID:\t513\r\n\tAllowed To Delegate To:\t-\r\n\tOld UAC Value:\t\t0x0\r\n\tNew UAC Value:\t\t0x11\r\n\tUser Account Control:\t\r\n\t\tAccount Disabled\r\n\t\t'Normal Account' - Enabled\r\n\tUser Parameters:\t-\r\n\tSID History:\t\t-\r\n\tLogon Hours:\t\t<value not set>\r\n\r\nAdditional Information:\r\n\tPrivileges\t\t-",
            "_serial": "37",
            "_si": [
              "cenlog07.srv.hu.nl",
              "ix_windows_p"
            ],
            "_sourcetype": "WinEventLog:Security",
            "_time": "2019-11-28 13:49:26.000 CET"
          }
        },
        {
          "preview": false,
          "offset": 117,
          "result": {
            "target_name": "1708240",
            "target_domain": "STD",
            "_bkt": "ix_windows_p~25~B570ACA6-898E-40F9-AF47-0EC0E5D830DE",
            "_cd": "25:180483599",
            "_indextime": "1574945366",
            "_pre_msg": "11/28/2019 01:49:26 PM\nLogName=Security\nSourceName=Microsoft Windows security auditing.\nEventCode=4720\nEventType=0\nType=Information\nComputerName=STDDC01.studenten.ad.hvu.nl\nTaskCategory=User Account Management\nOpCode=Info\nRecordNumber=1334070806\nKeywords=Audit Success",
            "_raw": "11/28/2019 01:49:26 PM\nLogName=Security\nSourceName=Microsoft Windows security auditing.\nEventCode=4720\nEventType=0\nType=Information\nComputerName=STDDC01.studenten.ad.hvu.nl\nTaskCategory=User Account Management\nOpCode=Info\nRecordNumber=1334070806\nKeywords=Audit Success\nMessage=A user account was created.\r\n\r\nSubject:\r\n\tSecurity ID:\t\tSTD\\sa-fimadmastd\r\n\tAccount Name:\t\tsa-fimadmastd\r\n\tAccount Domain:\t\tSTD\r\n\tLogon ID:\t\t0x215CBDF7\r\n\r\nNew Account:\r\n\tSecurity ID:\t\tSTD\\1708240\r\n\tAccount Name:\t\t1708240\r\n\tAccount Domain:\t\tSTD\r\n\r\nAttributes:\r\n\tSAM Account Name:\t1708240\r\n\tDisplay Name:\t\tRyan Bogert\r\n\tUser Principal Name:\tryan.bogert@student.hu.nl\r\n\tHome Directory:\t\t\\\\studenten.ad.hvu.nl\\dfs\\users\\fe\\1708240\r\n\tHome Drive:\t\tH:\r\n\tScript Path:\t\t-\r\n\tProfile Path:\t\t-\r\n\tUser Workstations:\t-\r\n\tPassword Last Set:\t<never>\r\n\tAccount Expires:\t\t<never>\r\n\tPrimary Group ID:\t513\r\n\tAllowed To Delegate To:\t-\r\n\tOld UAC Value:\t\t0x0\r\n\tNew UAC Value:\t\t0x11\r\n\tUser Account Control:\t\r\n\t\tAccount Disabled\r\n\t\t'Normal Account' - Enabled\r\n\tUser Parameters:\t-\r\n\tSID History:\t\t-\r\n\tLogon Hours:\t\t<value not set>\r\n\r\nAdditional Information:\r\n\tPrivileges\t\t-",
            "_serial": "38",
            "_si": [
              "cenlog07.srv.hu.nl",
              "ix_windows_p"
            ],
            "_sourcetype": "WinEventLog:Security",
            "_time": "2019-11-28 13:49:26.000 CET"
          }
        },
        {
          "preview": false,
          "offset": 118,
          "result": {
            "target_name": "4921826",
            "target_domain": "STD",
            "_bkt": "ix_windows_p~25~2A6C3041-42AA-49EA-8AED-EAED89B54858",
            "_cd": "25:142747801",
            "_indextime": "1574904388",
            "_pre_msg": "11/28/2019 02:26:27 AM\nLogName=Security\nSourceName=Microsoft Windows security auditing.\nEventCode=4720\nEventType=0\nType=Information\nComputerName=STDDC01.studenten.ad.hvu.nl\nTaskCategory=User Account Management\nOpCode=Info\nRecordNumber=1333194104\nKeywords=Audit Success",
            "_raw": "11/28/2019 02:26:27 AM\nLogName=Security\nSourceName=Microsoft Windows security auditing.\nEventCode=4720\nEventType=0\nType=Information\nComputerName=STDDC01.studenten.ad.hvu.nl\nTaskCategory=User Account Management\nOpCode=Info\nRecordNumber=1333194104\nKeywords=Audit Success\nMessage=A user account was created.\r\n\r\nSubject:\r\n\tSecurity ID:\t\tSTD\\sa-fimadmastd\r\n\tAccount Name:\t\tsa-fimadmastd\r\n\tAccount Domain:\t\tSTD\r\n\tLogon ID:\t\t0x182A19DE\r\n\r\nNew Account:\r\n\tSecurity ID:\t\tSTD\\4921826\r\n\tAccount Name:\t\t4921826\r\n\tAccount Domain:\t\tSTD\r\n\r\nAttributes:\r\n\tSAM Account Name:\t4921826\r\n\tDisplay Name:\t\tArjen Lans\r\n\tUser Principal Name:\tarjen.lans@student.hu.nl\r\n\tHome Directory:\t\t\\\\studenten.ad.hvu.nl\\dfs\\users\\fem\\4921826\r\n\tHome Drive:\t\tH:\r\n\tScript Path:\t\t-\r\n\tProfile Path:\t\t-\r\n\tUser Workstations:\t-\r\n\tPassword Last Set:\t<never>\r\n\tAccount Expires:\t\t<never>\r\n\tPrimary Group ID:\t513\r\n\tAllowed To Delegate To:\t-\r\n\tOld UAC Value:\t\t0x0\r\n\tNew UAC Value:\t\t0x11\r\n\tUser Account Control:\t\r\n\t\tAccount Disabled\r\n\t\t'Normal Account' - Enabled\r\n\tUser Parameters:\t-\r\n\tSID History:\t\t-\r\n\tLogon Hours:\t\t<value not set>\r\n\r\nAdditional Information:\r\n\tPrivileges\t\t-",
            "_serial": "79",
            "_si": [
              "cenlog06.srv.hu.nl",
              "ix_windows_p"
            ],
            "_sourcetype": "WinEventLog:Security",
            "_time": "2019-11-28 02:26:27.000 CET"
          }
        },
        {
          "preview": false,
          "offset": 119,
          "result": {
            "target_name": "1776491",
            "target_domain": "STD",
            "_bkt": "ix_windows_p~25~2A6C3041-42AA-49EA-8AED-EAED89B54858",
            "_cd": "25:142747534",
            "_indextime": "1574904388",
            "_pre_msg": "11/28/2019 02:26:27 AM\nLogName=Security\nSourceName=Microsoft Windows security auditing.\nEventCode=4720\nEventType=0\nType=Information\nComputerName=STDDC01.studenten.ad.hvu.nl\nTaskCategory=User Account Management\nOpCode=Info\nRecordNumber=1333194095\nKeywords=Audit Success",
            "_raw": "11/28/2019 02:26:27 AM\nLogName=Security\nSourceName=Microsoft Windows security auditing.\nEventCode=4720\nEventType=0\nType=Information\nComputerName=STDDC01.studenten.ad.hvu.nl\nTaskCategory=User Account Management\nOpCode=Info\nRecordNumber=1333194095\nKeywords=Audit Success\nMessage=A user account was created.\r\n\r\nSubject:\r\n\tSecurity ID:\t\tSTD\\sa-fimadmastd\r\n\tAccount Name:\t\tsa-fimadmastd\r\n\tAccount Domain:\t\tSTD\r\n\tLogon ID:\t\t0x182A19DE\r\n\r\nNew Account:\r\n\tSecurity ID:\t\tSTD\\1776491\r\n\tAccount Name:\t\t1776491\r\n\tAccount Domain:\t\tSTD\r\n\r\nAttributes:\r\n\tSAM Account Name:\t1776491\r\n\tDisplay Name:\t\tAmke Klompmaker\r\n\tUser Principal Name:\tamke.klompmaker@student.hu.nl\r\n\tHome Directory:\t\t\\\\studenten.ad.hvu.nl\\dfs\\users\\fmr\\1776491\r\n\tHome Drive:\t\tH:\r\n\tScript Path:\t\t-\r\n\tProfile Path:\t\t-\r\n\tUser Workstations:\t-\r\n\tPassword Last Set:\t<never>\r\n\tAccount Expires:\t\t<never>\r\n\tPrimary Group ID:\t513\r\n\tAllowed To Delegate To:\t-\r\n\tOld UAC Value:\t\t0x0\r\n\tNew UAC Value:\t\t0x11\r\n\tUser Account Control:\t\r\n\t\tAccount Disabled\r\n\t\t'Normal Account' - Enabled\r\n\tUser Parameters:\t-\r\n\tSID History:\t\t-\r\n\tLogon Hours:\t\t<value not set>\r\n\r\nAdditional Information:\r\n\tPrivileges\t\t-",
            "_serial": "80",
            "_si": [
              "cenlog06.srv.hu.nl",
              "ix_windows_p"
            ],
            "_sourcetype": "WinEventLog:Security",
            "_time": "2019-11-28 02:26:27.000 CET"
          }
        },
        {
          "preview": false,
          "offset": 120,
          "result": {
            "target_name": "1776488",
            "target_domain": "STD",
            "_bkt": "ix_windows_p~25~2A6C3041-42AA-49EA-8AED-EAED89B54858",
            "_cd": "25:142747267",
            "_indextime": "1574904388",
            "_pre_msg": "11/28/2019 02:26:27 AM\nLogName=Security\nSourceName=Microsoft Windows security auditing.\nEventCode=4720\nEventType=0\nType=Information\nComputerName=STDDC01.studenten.ad.hvu.nl\nTaskCategory=User Account Management\nOpCode=Info\nRecordNumber=1333194086\nKeywords=Audit Success",
            "_raw": "11/28/2019 02:26:27 AM\nLogName=Security\nSourceName=Microsoft Windows security auditing.\nEventCode=4720\nEventType=0\nType=Information\nComputerName=STDDC01.studenten.ad.hvu.nl\nTaskCategory=User Account Management\nOpCode=Info\nRecordNumber=1333194086\nKeywords=Audit Success\nMessage=A user account was created.\r\n\r\nSubject:\r\n\tSecurity ID:\t\tSTD\\sa-fimadmastd\r\n\tAccount Name:\t\tsa-fimadmastd\r\n\tAccount Domain:\t\tSTD\r\n\tLogon ID:\t\t0x182A19DE\r\n\r\nNew Account:\r\n\tSecurity ID:\t\tSTD\\1776488\r\n\tAccount Name:\t\t1776488\r\n\tAccount Domain:\t\tSTD\r\n\r\nAttributes:\r\n\tSAM Account Name:\t1776488\r\n\tDisplay Name:\t\tManon van Oort\r\n\tUser Principal Name:\tmanon.vanoort@student.hu.nl\r\n\tHome Directory:\t\t\\\\studenten.ad.hvu.nl\\dfs\\users\\fcj\\svj\\1776488\r\n\tHome Drive:\t\tH:\r\n\tScript Path:\t\t-\r\n\tProfile Path:\t\t-\r\n\tUser Workstations:\t-\r\n\tPassword Last Set:\t<never>\r\n\tAccount Expires:\t\t<never>\r\n\tPrimary Group ID:\t513\r\n\tAllowed To Delegate To:\t-\r\n\tOld UAC Value:\t\t0x0\r\n\tNew UAC Value:\t\t0x11\r\n\tUser Account Control:\t\r\n\t\tAccount Disabled\r\n\t\t'Normal Account' - Enabled\r\n\tUser Parameters:\t-\r\n\tSID History:\t\t-\r\n\tLogon Hours:\t\t<value not set>\r\n\r\nAdditional Information:\r\n\tPrivileges\t\t-",
            "_serial": "81",
            "_si": [
              "cenlog06.srv.hu.nl",
              "ix_windows_p"
            ],
            "_sourcetype": "WinEventLog:Security",
            "_time": "2019-11-28 02:26:27.000 CET"
          }
        },
        {
          "preview": false,
          "offset": 121,
          "result": {
            "target_name": "1776487",
            "target_domain": "STD",
            "_bkt": "ix_windows_p~25~2A6C3041-42AA-49EA-8AED-EAED89B54858",
            "_cd": "25:142747001",
            "_indextime": "1574904387",
            "_pre_msg": "11/28/2019 02:26:26 AM\nLogName=Security\nSourceName=Microsoft Windows security auditing.\nEventCode=4720\nEventType=0\nType=Information\nComputerName=STDDC01.studenten.ad.hvu.nl\nTaskCategory=User Account Management\nOpCode=Info\nRecordNumber=1333194077\nKeywords=Audit Success",
            "_raw": "11/28/2019 02:26:26 AM\nLogName=Security\nSourceName=Microsoft Windows security auditing.\nEventCode=4720\nEventType=0\nType=Information\nComputerName=STDDC01.studenten.ad.hvu.nl\nTaskCategory=User Account Management\nOpCode=Info\nRecordNumber=1333194077\nKeywords=Audit Success\nMessage=A user account was created.\r\n\r\nSubject:\r\n\tSecurity ID:\t\tSTD\\sa-fimadmastd\r\n\tAccount Name:\t\tsa-fimadmastd\r\n\tAccount Domain:\t\tSTD\r\n\tLogon ID:\t\t0x182A19DE\r\n\r\nNew Account:\r\n\tSecurity ID:\t\tSTD\\1776487\r\n\tAccount Name:\t\t1776487\r\n\tAccount Domain:\t\tSTD\r\n\r\nAttributes:\r\n\tSAM Account Name:\t1776487\r\n\tDisplay Name:\t\tJim Elvers\r\n\tUser Principal Name:\tjim.elvers@student.hu.nl\r\n\tHome Directory:\t\t\\\\studenten.ad.hvu.nl\\dfs\\users\\fnt\\1776487\r\n\tHome Drive:\t\tH:\r\n\tScript Path:\t\t-\r\n\tProfile Path:\t\t-\r\n\tUser Workstations:\t-\r\n\tPassword Last Set:\t<never>\r\n\tAccount Expires:\t\t<never>\r\n\tPrimary Group ID:\t513\r\n\tAllowed To Delegate To:\t-\r\n\tOld UAC Value:\t\t0x0\r\n\tNew UAC Value:\t\t0x11\r\n\tUser Account Control:\t\r\n\t\tAccount Disabled\r\n\t\t'Normal Account' - Enabled\r\n\tUser Parameters:\t-\r\n\tSID History:\t\t-\r\n\tLogon Hours:\t\t<value not set>\r\n\r\nAdditional Information:\r\n\tPrivileges\t\t-",
            "_serial": "82",
            "_si": [
              "cenlog06.srv.hu.nl",
              "ix_windows_p"
            ],
            "_sourcetype": "WinEventLog:Security",
            "_time": "2019-11-28 02:26:26.000 CET"
          }
        },
        {
          "preview": false,
          "offset": 122,
          "result": {
            "target_name": "1776476",
            "target_domain": "STD",
            "_bkt": "ix_windows_p~25~2A6C3041-42AA-49EA-8AED-EAED89B54858",
            "_cd": "25:142746453",
            "_indextime": "1574904387",
            "_pre_msg": "11/28/2019 02:26:26 AM\nLogName=Security\nSourceName=Microsoft Windows security auditing.\nEventCode=4720\nEventType=0\nType=Information\nComputerName=STDDC01.studenten.ad.hvu.nl\nTaskCategory=User Account Management\nOpCode=Info\nRecordNumber=1333194062\nKeywords=Audit Success",
            "_raw": "11/28/2019 02:26:26 AM\nLogName=Security\nSourceName=Microsoft Windows security auditing.\nEventCode=4720\nEventType=0\nType=Information\nComputerName=STDDC01.studenten.ad.hvu.nl\nTaskCategory=User Account Management\nOpCode=Info\nRecordNumber=1333194062\nKeywords=Audit Success\nMessage=A user account was created.\r\n\r\nSubject:\r\n\tSecurity ID:\t\tSTD\\sa-fimadmastd\r\n\tAccount Name:\t\tsa-fimadmastd\r\n\tAccount Domain:\t\tSTD\r\n\tLogon ID:\t\t0x182A19DE\r\n\r\nNew Account:\r\n\tSecurity ID:\t\tSTD\\1776476\r\n\tAccount Name:\t\t1776476\r\n\tAccount Domain:\t\tSTD\r\n\r\nAttributes:\r\n\tSAM Account Name:\t1776476\r\n\tDisplay Name:\t\tmyrna Elferink\r\n\tUser Principal Name:\tmyrna.elferink@student.hu.nl\r\n\tHome Directory:\t\t\\\\studenten.ad.hvu.nl\\dfs\\users\\fg\\1776476\r\n\tHome Drive:\t\tH:\r\n\tScript Path:\t\t-\r\n\tProfile Path:\t\t-\r\n\tUser Workstations:\t-\r\n\tPassword Last Set:\t<never>\r\n\tAccount Expires:\t\t<never>\r\n\tPrimary Group ID:\t513\r\n\tAllowed To Delegate To:\t-\r\n\tOld UAC Value:\t\t0x0\r\n\tNew UAC Value:\t\t0x11\r\n\tUser Account Control:\t\r\n\t\tAccount Disabled\r\n\t\t'Normal Account' - Enabled\r\n\tUser Parameters:\t-\r\n\tSID History:\t\t-\r\n\tLogon Hours:\t\t<value not set>\r\n\r\nAdditional Information:\r\n\tPrivileges\t\t-",
            "_serial": "83",
            "_si": [
              "cenlog06.srv.hu.nl",
              "ix_windows_p"
            ],
            "_sourcetype": "WinEventLog:Security",
            "_time": "2019-11-28 02:26:26.000 CET"
          }
        },
        {
          "preview": false,
          "offset": 123,
          "result": {
            "target_name": "1776466",
            "target_domain": "STD",
            "_bkt": "ix_windows_p~25~2A6C3041-42AA-49EA-8AED-EAED89B54858",
            "_cd": "25:142746092",
            "_indextime": "1574904387",
            "_pre_msg": "11/28/2019 02:26:26 AM\nLogName=Security\nSourceName=Microsoft Windows security auditing.\nEventCode=4720\nEventType=0\nType=Information\nComputerName=STDDC01.studenten.ad.hvu.nl\nTaskCategory=User Account Management\nOpCode=Info\nRecordNumber=1333194051\nKeywords=Audit Success",
            "_raw": "11/28/2019 02:26:26 AM\nLogName=Security\nSourceName=Microsoft Windows security auditing.\nEventCode=4720\nEventType=0\nType=Information\nComputerName=STDDC01.studenten.ad.hvu.nl\nTaskCategory=User Account Management\nOpCode=Info\nRecordNumber=1333194051\nKeywords=Audit Success\nMessage=A user account was created.\r\n\r\nSubject:\r\n\tSecurity ID:\t\tSTD\\sa-fimadmastd\r\n\tAccount Name:\t\tsa-fimadmastd\r\n\tAccount Domain:\t\tSTD\r\n\tLogon ID:\t\t0x182A19DE\r\n\r\nNew Account:\r\n\tSecurity ID:\t\tSTD\\1776466\r\n\tAccount Name:\t\t1776466\r\n\tAccount Domain:\t\tSTD\r\n\r\nAttributes:\r\n\tSAM Account Name:\t1776466\r\n\tDisplay Name:\t\tFaye Faverey\r\n\tUser Principal Name:\tfaye.faverey@student.hu.nl\r\n\tHome Directory:\t\t\\\\studenten.ad.hvu.nl\\dfs\\users\\fcj\\svj\\1776466\r\n\tHome Drive:\t\tH:\r\n\tScript Path:\t\t-\r\n\tProfile Path:\t\t-\r\n\tUser Workstations:\t-\r\n\tPassword Last Set:\t<never>\r\n\tAccount Expires:\t\t<never>\r\n\tPrimary Group ID:\t513\r\n\tAllowed To Delegate To:\t-\r\n\tOld UAC Value:\t\t0x0\r\n\tNew UAC Value:\t\t0x11\r\n\tUser Account Control:\t\r\n\t\tAccount Disabled\r\n\t\t'Normal Account' - Enabled\r\n\tUser Parameters:\t-\r\n\tSID History:\t\t-\r\n\tLogon Hours:\t\t<value not set>\r\n\r\nAdditional Information:\r\n\tPrivileges\t\t-",
            "_serial": "84",
            "_si": [
              "cenlog06.srv.hu.nl",
              "ix_windows_p"
            ],
            "_sourcetype": "WinEventLog:Security",
            "_time": "2019-11-28 02:26:26.000 CET"
          }
        },
        {
          "preview": false,
          "offset": 124,
          "result": {
            "target_name": "1776463",
            "target_domain": "STD",
            "_bkt": "ix_windows_p~25~2A6C3041-42AA-49EA-8AED-EAED89B54858",
            "_cd": "25:142745710",
            "_indextime": "1574904387",
            "_pre_msg": "11/28/2019 02:26:26 AM\nLogName=Security\nSourceName=Microsoft Windows security auditing.\nEventCode=4720\nEventType=0\nType=Information\nComputerName=STDDC01.studenten.ad.hvu.nl\nTaskCategory=User Account Management\nOpCode=Info\nRecordNumber=1333194039\nKeywords=Audit Success",
            "_raw": "11/28/2019 02:26:26 AM\nLogName=Security\nSourceName=Microsoft Windows security auditing.\nEventCode=4720\nEventType=0\nType=Information\nComputerName=STDDC01.studenten.ad.hvu.nl\nTaskCategory=User Account Management\nOpCode=Info\nRecordNumber=1333194039\nKeywords=Audit Success\nMessage=A user account was created.\r\n\r\nSubject:\r\n\tSecurity ID:\t\tSTD\\sa-fimadmastd\r\n\tAccount Name:\t\tsa-fimadmastd\r\n\tAccount Domain:\t\tSTD\r\n\tLogon ID:\t\t0x182A19DE\r\n\r\nNew Account:\r\n\tSecurity ID:\t\tSTD\\1776463\r\n\tAccount Name:\t\t1776463\r\n\tAccount Domain:\t\tSTD\r\n\r\nAttributes:\r\n\tSAM Account Name:\t1776463\r\n\tDisplay Name:\t\tMiranda van der Klaauw\r\n\tUser Principal Name:\tmiranda.vanderklaauw@student.hu.nl\r\n\tHome Directory:\t\t\\\\studenten.ad.hvu.nl\\dfs\\users\\fe\\1776463\r\n\tHome Drive:\t\tH:\r\n\tScript Path:\t\t-\r\n\tProfile Path:\t\t-\r\n\tUser Workstations:\t-\r\n\tPassword Last Set:\t<never>\r\n\tAccount Expires:\t\t<never>\r\n\tPrimary Group ID:\t513\r\n\tAllowed To Delegate To:\t-\r\n\tOld UAC Value:\t\t0x0\r\n\tNew UAC Value:\t\t0x11\r\n\tUser Account Control:\t\r\n\t\tAccount Disabled\r\n\t\t'Normal Account' - Enabled\r\n\tUser Parameters:\t-\r\n\tSID History:\t\t-\r\n\tLogon Hours:\t\t<value not set>\r\n\r\nAdditional Information:\r\n\tPrivileges\t\t-",
            "_serial": "85",
            "_si": [
              "cenlog06.srv.hu.nl",
              "ix_windows_p"
            ],
            "_sourcetype": "WinEventLog:Security",
            "_time": "2019-11-28 02:26:26.000 CET"
          }
        },
        {
          "preview": false,
          "offset": 125,
          "result": {
            "target_name": "1776460",
            "target_domain": "STD",
            "_bkt": "ix_windows_p~25~2A6C3041-42AA-49EA-8AED-EAED89B54858",
            "_cd": "25:142745371",
            "_indextime": "1574904387",
            "_pre_msg": "11/28/2019 02:26:26 AM\nLogName=Security\nSourceName=Microsoft Windows security auditing.\nEventCode=4720\nEventType=0\nType=Information\nComputerName=STDDC01.studenten.ad.hvu.nl\nTaskCategory=User Account Management\nOpCode=Info\nRecordNumber=1333194029\nKeywords=Audit Success",
            "_raw": "11/28/2019 02:26:26 AM\nLogName=Security\nSourceName=Microsoft Windows security auditing.\nEventCode=4720\nEventType=0\nType=Information\nComputerName=STDDC01.studenten.ad.hvu.nl\nTaskCategory=User Account Management\nOpCode=Info\nRecordNumber=1333194029\nKeywords=Audit Success\nMessage=A user account was created.\r\n\r\nSubject:\r\n\tSecurity ID:\t\tSTD\\sa-fimadmastd\r\n\tAccount Name:\t\tsa-fimadmastd\r\n\tAccount Domain:\t\tSTD\r\n\tLogon ID:\t\t0x182A19DE\r\n\r\nNew Account:\r\n\tSecurity ID:\t\tSTD\\1776460\r\n\tAccount Name:\t\t1776460\r\n\tAccount Domain:\t\tSTD\r\n\r\nAttributes:\r\n\tSAM Account Name:\t1776460\r\n\tDisplay Name:\t\tHedi Koch\r\n\tUser Principal Name:\thedi.koch@student.hu.nl\r\n\tHome Directory:\t\t\\\\studenten.ad.hvu.nl\\dfs\\users\\fe\\1776460\r\n\tHome Drive:\t\tH:\r\n\tScript Path:\t\t-\r\n\tProfile Path:\t\t-\r\n\tUser Workstations:\t-\r\n\tPassword Last Set:\t<never>\r\n\tAccount Expires:\t\t<never>\r\n\tPrimary Group ID:\t513\r\n\tAllowed To Delegate To:\t-\r\n\tOld UAC Value:\t\t0x0\r\n\tNew UAC Value:\t\t0x11\r\n\tUser Account Control:\t\r\n\t\tAccount Disabled\r\n\t\t'Normal Account' - Enabled\r\n\tUser Parameters:\t-\r\n\tSID History:\t\t-\r\n\tLogon Hours:\t\t<value not set>\r\n\r\nAdditional Information:\r\n\tPrivileges\t\t-",
            "_serial": "86",
            "_si": [
              "cenlog06.srv.hu.nl",
              "ix_windows_p"
            ],
            "_sourcetype": "WinEventLog:Security",
            "_time": "2019-11-28 02:26:26.000 CET"
          }
        },
        {
          "preview": false,
          "offset": 126,
          "result": {
            "target_name": "1776458",
            "target_domain": "STD",
            "_bkt": "ix_windows_p~25~2A6C3041-42AA-49EA-8AED-EAED89B54858",
            "_cd": "25:142745104",
            "_indextime": "1574904387",
            "_pre_msg": "11/28/2019 02:26:26 AM\nLogName=Security\nSourceName=Microsoft Windows security auditing.\nEventCode=4720\nEventType=0\nType=Information\nComputerName=STDDC01.studenten.ad.hvu.nl\nTaskCategory=User Account Management\nOpCode=Info\nRecordNumber=1333194020\nKeywords=Audit Success",
            "_raw": "11/28/2019 02:26:26 AM\nLogName=Security\nSourceName=Microsoft Windows security auditing.\nEventCode=4720\nEventType=0\nType=Information\nComputerName=STDDC01.studenten.ad.hvu.nl\nTaskCategory=User Account Management\nOpCode=Info\nRecordNumber=1333194020\nKeywords=Audit Success\nMessage=A user account was created.\r\n\r\nSubject:\r\n\tSecurity ID:\t\tSTD\\sa-fimadmastd\r\n\tAccount Name:\t\tsa-fimadmastd\r\n\tAccount Domain:\t\tSTD\r\n\tLogon ID:\t\t0x182A19DE\r\n\r\nNew Account:\r\n\tSecurity ID:\t\tSTD\\1776458\r\n\tAccount Name:\t\t1776458\r\n\tAccount Domain:\t\tSTD\r\n\r\nAttributes:\r\n\tSAM Account Name:\t1776458\r\n\tDisplay Name:\t\tTharissa de Poorter\r\n\tUser Principal Name:\ttharissa.depoorter@student.hu.nl\r\n\tHome Directory:\t\t\\\\studenten.ad.hvu.nl\\dfs\\users\\fe\\1776458\r\n\tHome Drive:\t\tH:\r\n\tScript Path:\t\t-\r\n\tProfile Path:\t\t-\r\n\tUser Workstations:\t-\r\n\tPassword Last Set:\t<never>\r\n\tAccount Expires:\t\t<never>\r\n\tPrimary Group ID:\t513\r\n\tAllowed To Delegate To:\t-\r\n\tOld UAC Value:\t\t0x0\r\n\tNew UAC Value:\t\t0x11\r\n\tUser Account Control:\t\r\n\t\tAccount Disabled\r\n\t\t'Normal Account' - Enabled\r\n\tUser Parameters:\t-\r\n\tSID History:\t\t-\r\n\tLogon Hours:\t\t<value not set>\r\n\r\nAdditional Information:\r\n\tPrivileges\t\t-",
            "_serial": "87",
            "_si": [
              "cenlog06.srv.hu.nl",
              "ix_windows_p"
            ],
            "_sourcetype": "WinEventLog:Security",
            "_time": "2019-11-28 02:26:26.000 CET"
          }
        },
        {
          "preview": false,
          "offset": 127,
          "result": {
            "target_name": "1776453",
            "target_domain": "STD",
            "_bkt": "ix_windows_p~25~2A6C3041-42AA-49EA-8AED-EAED89B54858",
            "_cd": "25:142744556",
            "_indextime": "1574904387",
            "_pre_msg": "11/28/2019 02:26:26 AM\nLogName=Security\nSourceName=Microsoft Windows security auditing.\nEventCode=4720\nEventType=0\nType=Information\nComputerName=STDDC01.studenten.ad.hvu.nl\nTaskCategory=User Account Management\nOpCode=Info\nRecordNumber=1333194005\nKeywords=Audit Success",
            "_raw": "11/28/2019 02:26:26 AM\nLogName=Security\nSourceName=Microsoft Windows security auditing.\nEventCode=4720\nEventType=0\nType=Information\nComputerName=STDDC01.studenten.ad.hvu.nl\nTaskCategory=User Account Management\nOpCode=Info\nRecordNumber=1333194005\nKeywords=Audit Success\nMessage=A user account was created.\r\n\r\nSubject:\r\n\tSecurity ID:\t\tSTD\\sa-fimadmastd\r\n\tAccount Name:\t\tsa-fimadmastd\r\n\tAccount Domain:\t\tSTD\r\n\tLogon ID:\t\t0x182A19DE\r\n\r\nNew Account:\r\n\tSecurity ID:\t\tSTD\\1776453\r\n\tAccount Name:\t\t1776453\r\n\tAccount Domain:\t\tSTD\r\n\r\nAttributes:\r\n\tSAM Account Name:\t1776453\r\n\tDisplay Name:\t\tMounir Chikar\r\n\tUser Principal Name:\tmounir.chikar@student.hu.nl\r\n\tHome Directory:\t\t\\\\studenten.ad.hvu.nl\\dfs\\users\\fe\\1776453\r\n\tHome Drive:\t\tH:\r\n\tScript Path:\t\t-\r\n\tProfile Path:\t\t-\r\n\tUser Workstations:\t-\r\n\tPassword Last Set:\t<never>\r\n\tAccount Expires:\t\t<never>\r\n\tPrimary Group ID:\t513\r\n\tAllowed To Delegate To:\t-\r\n\tOld UAC Value:\t\t0x0\r\n\tNew UAC Value:\t\t0x11\r\n\tUser Account Control:\t\r\n\t\tAccount Disabled\r\n\t\t'Normal Account' - Enabled\r\n\tUser Parameters:\t-\r\n\tSID History:\t\t-\r\n\tLogon Hours:\t\t<value not set>\r\n\r\nAdditional Information:\r\n\tPrivileges\t\t-",
            "_serial": "88",
            "_si": [
              "cenlog06.srv.hu.nl",
              "ix_windows_p"
            ],
            "_sourcetype": "WinEventLog:Security",
            "_time": "2019-11-28 02:26:26.000 CET"
          }
        },
        {
          "preview": false,
          "offset": 128,
          "result": {
            "target_name": "1776452",
            "target_domain": "STD",
            "_bkt": "ix_windows_p~25~2A6C3041-42AA-49EA-8AED-EAED89B54858",
            "_cd": "25:142744063",
            "_indextime": "1574904387",
            "_pre_msg": "11/28/2019 02:26:26 AM\nLogName=Security\nSourceName=Microsoft Windows security auditing.\nEventCode=4720\nEventType=0\nType=Information\nComputerName=STDDC01.studenten.ad.hvu.nl\nTaskCategory=User Account Management\nOpCode=Info\nRecordNumber=1333193991\nKeywords=Audit Success",
            "_raw": "11/28/2019 02:26:26 AM\nLogName=Security\nSourceName=Microsoft Windows security auditing.\nEventCode=4720\nEventType=0\nType=Information\nComputerName=STDDC01.studenten.ad.hvu.nl\nTaskCategory=User Account Management\nOpCode=Info\nRecordNumber=1333193991\nKeywords=Audit Success\nMessage=A user account was created.\r\n\r\nSubject:\r\n\tSecurity ID:\t\tSTD\\sa-fimadmastd\r\n\tAccount Name:\t\tsa-fimadmastd\r\n\tAccount Domain:\t\tSTD\r\n\tLogon ID:\t\t0x182A19DE\r\n\r\nNew Account:\r\n\tSecurity ID:\t\tSTD\\1776452\r\n\tAccount Name:\t\t1776452\r\n\tAccount Domain:\t\tSTD\r\n\r\nAttributes:\r\n\tSAM Account Name:\t1776452\r\n\tDisplay Name:\t\tG Hilberding\r\n\tUser Principal Name:\tg.hilberding@student.hu.nl\r\n\tHome Directory:\t\t\\\\studenten.ad.hvu.nl\\dfs\\users\\fg\\1776452\r\n\tHome Drive:\t\tH:\r\n\tScript Path:\t\t-\r\n\tProfile Path:\t\t-\r\n\tUser Workstations:\t-\r\n\tPassword Last Set:\t<never>\r\n\tAccount Expires:\t\t<never>\r\n\tPrimary Group ID:\t513\r\n\tAllowed To Delegate To:\t-\r\n\tOld UAC Value:\t\t0x0\r\n\tNew UAC Value:\t\t0x11\r\n\tUser Account Control:\t\r\n\t\tAccount Disabled\r\n\t\t'Normal Account' - Enabled\r\n\tUser Parameters:\t-\r\n\tSID History:\t\t-\r\n\tLogon Hours:\t\t<value not set>\r\n\r\nAdditional Information:\r\n\tPrivileges\t\t-",
            "_serial": "89",
            "_si": [
              "cenlog06.srv.hu.nl",
              "ix_windows_p"
            ],
            "_sourcetype": "WinEventLog:Security",
            "_time": "2019-11-28 02:26:26.000 CET"
          }
        },
        {
          "preview": false,
          "offset": 129,
          "result": {
            "target_name": "1776450",
            "target_domain": "STD",
            "_bkt": "ix_windows_p~25~2A6C3041-42AA-49EA-8AED-EAED89B54858",
            "_cd": "25:142743719",
            "_indextime": "1574904387",
            "_pre_msg": "11/28/2019 02:26:26 AM\nLogName=Security\nSourceName=Microsoft Windows security auditing.\nEventCode=4720\nEventType=0\nType=Information\nComputerName=STDDC01.studenten.ad.hvu.nl\nTaskCategory=User Account Management\nOpCode=Info\nRecordNumber=1333193980\nKeywords=Audit Success",
            "_raw": "11/28/2019 02:26:26 AM\nLogName=Security\nSourceName=Microsoft Windows security auditing.\nEventCode=4720\nEventType=0\nType=Information\nComputerName=STDDC01.studenten.ad.hvu.nl\nTaskCategory=User Account Management\nOpCode=Info\nRecordNumber=1333193980\nKeywords=Audit Success\nMessage=A user account was created.\r\n\r\nSubject:\r\n\tSecurity ID:\t\tSTD\\sa-fimadmastd\r\n\tAccount Name:\t\tsa-fimadmastd\r\n\tAccount Domain:\t\tSTD\r\n\tLogon ID:\t\t0x182A19DE\r\n\r\nNew Account:\r\n\tSecurity ID:\t\tSTD\\1776450\r\n\tAccount Name:\t\t1776450\r\n\tAccount Domain:\t\tSTD\r\n\r\nAttributes:\r\n\tSAM Account Name:\t1776450\r\n\tDisplay Name:\t\tMuberra Rumeyse Arslan\r\n\tUser Principal Name:\tmuberrarumeyse.arslan@student.hu.nl\r\n\tHome Directory:\t\t\\\\studenten.ad.hvu.nl\\dfs\\users\\fg\\1776450\r\n\tHome Drive:\t\tH:\r\n\tScript Path:\t\t-\r\n\tProfile Path:\t\t-\r\n\tUser Workstations:\t-\r\n\tPassword Last Set:\t<never>\r\n\tAccount Expires:\t\t<never>\r\n\tPrimary Group ID:\t513\r\n\tAllowed To Delegate To:\t-\r\n\tOld UAC Value:\t\t0x0\r\n\tNew UAC Value:\t\t0x11\r\n\tUser Account Control:\t\r\n\t\tAccount Disabled\r\n\t\t'Normal Account' - Enabled\r\n\tUser Parameters:\t-\r\n\tSID History:\t\t-\r\n\tLogon Hours:\t\t<value not set>\r\n\r\nAdditional Information:\r\n\tPrivileges\t\t-",
            "_serial": "90",
            "_si": [
              "cenlog06.srv.hu.nl",
              "ix_windows_p"
            ],
            "_sourcetype": "WinEventLog:Security",
            "_time": "2019-11-28 02:26:26.000 CET"
          }
        },
        {
          "preview": false,
          "offset": 130,
          "result": {
            "target_name": "1776449",
            "target_domain": "STD",
            "_bkt": "ix_windows_p~25~2A6C3041-42AA-49EA-8AED-EAED89B54858",
            "_cd": "25:142743453",
            "_indextime": "1574904387",
            "_pre_msg": "11/28/2019 02:26:26 AM\nLogName=Security\nSourceName=Microsoft Windows security auditing.\nEventCode=4720\nEventType=0\nType=Information\nComputerName=STDDC01.studenten.ad.hvu.nl\nTaskCategory=User Account Management\nOpCode=Info\nRecordNumber=1333193971\nKeywords=Audit Success",
            "_raw": "11/28/2019 02:26:26 AM\nLogName=Security\nSourceName=Microsoft Windows security auditing.\nEventCode=4720\nEventType=0\nType=Information\nComputerName=STDDC01.studenten.ad.hvu.nl\nTaskCategory=User Account Management\nOpCode=Info\nRecordNumber=1333193971\nKeywords=Audit Success\nMessage=A user account was created.\r\n\r\nSubject:\r\n\tSecurity ID:\t\tSTD\\sa-fimadmastd\r\n\tAccount Name:\t\tsa-fimadmastd\r\n\tAccount Domain:\t\tSTD\r\n\tLogon ID:\t\t0x182A19DE\r\n\r\nNew Account:\r\n\tSecurity ID:\t\tSTD\\1776449\r\n\tAccount Name:\t\t1776449\r\n\tAccount Domain:\t\tSTD\r\n\r\nAttributes:\r\n\tSAM Account Name:\t1776449\r\n\tDisplay Name:\t\tTaqwa Soudani\r\n\tUser Principal Name:\ttaqwa.soudani@student.hu.nl\r\n\tHome Directory:\t\t\\\\studenten.ad.hvu.nl\\dfs\\users\\fg\\1776449\r\n\tHome Drive:\t\tH:\r\n\tScript Path:\t\t-\r\n\tProfile Path:\t\t-\r\n\tUser Workstations:\t-\r\n\tPassword Last Set:\t<never>\r\n\tAccount Expires:\t\t<never>\r\n\tPrimary Group ID:\t513\r\n\tAllowed To Delegate To:\t-\r\n\tOld UAC Value:\t\t0x0\r\n\tNew UAC Value:\t\t0x11\r\n\tUser Account Control:\t\r\n\t\tAccount Disabled\r\n\t\t'Normal Account' - Enabled\r\n\tUser Parameters:\t-\r\n\tSID History:\t\t-\r\n\tLogon Hours:\t\t<value not set>\r\n\r\nAdditional Information:\r\n\tPrivileges\t\t-",
            "_serial": "91",
            "_si": [
              "cenlog06.srv.hu.nl",
              "ix_windows_p"
            ],
            "_sourcetype": "WinEventLog:Security",
            "_time": "2019-11-28 02:26:26.000 CET"
          }
        },
        {
          "preview": false,
          "offset": 131,
          "result": {
            "target_name": "1776448",
            "target_domain": "STD",
            "_bkt": "ix_windows_p~25~2A6C3041-42AA-49EA-8AED-EAED89B54858",
            "_cd": "25:142743186",
            "_indextime": "1574904387",
            "_pre_msg": "11/28/2019 02:26:26 AM\nLogName=Security\nSourceName=Microsoft Windows security auditing.\nEventCode=4720\nEventType=0\nType=Information\nComputerName=STDDC01.studenten.ad.hvu.nl\nTaskCategory=User Account Management\nOpCode=Info\nRecordNumber=1333193962\nKeywords=Audit Success",
            "_raw": "11/28/2019 02:26:26 AM\nLogName=Security\nSourceName=Microsoft Windows security auditing.\nEventCode=4720\nEventType=0\nType=Information\nComputerName=STDDC01.studenten.ad.hvu.nl\nTaskCategory=User Account Management\nOpCode=Info\nRecordNumber=1333193962\nKeywords=Audit Success\nMessage=A user account was created.\r\n\r\nSubject:\r\n\tSecurity ID:\t\tSTD\\sa-fimadmastd\r\n\tAccount Name:\t\tsa-fimadmastd\r\n\tAccount Domain:\t\tSTD\r\n\tLogon ID:\t\t0x182A19DE\r\n\r\nNew Account:\r\n\tSecurity ID:\t\tSTD\\1776448\r\n\tAccount Name:\t\t1776448\r\n\tAccount Domain:\t\tSTD\r\n\r\nAttributes:\r\n\tSAM Account Name:\t1776448\r\n\tDisplay Name:\t\tHanin Al Kafagy\r\n\tUser Principal Name:\thanin.alkafagy@student.hu.nl\r\n\tHome Directory:\t\t\\\\studenten.ad.hvu.nl\\dfs\\users\\fg\\1776448\r\n\tHome Drive:\t\tH:\r\n\tScript Path:\t\t-\r\n\tProfile Path:\t\t-\r\n\tUser Workstations:\t-\r\n\tPassword Last Set:\t<never>\r\n\tAccount Expires:\t\t<never>\r\n\tPrimary Group ID:\t513\r\n\tAllowed To Delegate To:\t-\r\n\tOld UAC Value:\t\t0x0\r\n\tNew UAC Value:\t\t0x11\r\n\tUser Account Control:\t\r\n\t\tAccount Disabled\r\n\t\t'Normal Account' - Enabled\r\n\tUser Parameters:\t-\r\n\tSID History:\t\t-\r\n\tLogon Hours:\t\t<value not set>\r\n\r\nAdditional Information:\r\n\tPrivileges\t\t-",
            "_serial": "92",
            "_si": [
              "cenlog06.srv.hu.nl",
              "ix_windows_p"
            ],
            "_sourcetype": "WinEventLog:Security",
            "_time": "2019-11-28 02:26:26.000 CET"
          }
        },
        {
          "preview": false,
          "offset": 132,
          "result": {
            "target_name": "1776447",
            "target_domain": "STD",
            "_bkt": "ix_windows_p~25~2A6C3041-42AA-49EA-8AED-EAED89B54858",
            "_cd": "25:142742544",
            "_indextime": "1574904387",
            "_pre_msg": "11/28/2019 02:26:25 AM\nLogName=Security\nSourceName=Microsoft Windows security auditing.\nEventCode=4720\nEventType=0\nType=Information\nComputerName=STDDC01.studenten.ad.hvu.nl\nTaskCategory=User Account Management\nOpCode=Info\nRecordNumber=1333193945\nKeywords=Audit Success",
